------------------------------------------------------------------------------------------------------------------------

[2026-04-08 00:53:18 #1 store] 
Database '/home/bolo/git/lehenbizikoIterazioa/src/main/resources/products.temp' has been recovered (tr. 11-13)

[2026-04-08 00:53:18 #2 store] 
Database '/home/bolo/git/lehenbizikoIterazioa/src/main/resources/products.temp' is opened by 35261@ubuntu

[2026-04-08 00:53:18 #3 type] 
Type domain.User is not enhanced.

[2026-04-08 00:53:18 #4 type] 
Type domain.Erreklamazioa is not enhanced.

[2026-04-08 00:53:18 #5 type] 
Type domain.Salaketa is not enhanced.

[2026-04-08 00:53:18 #6 type] 
Type domain.Mugimendua is not enhanced.

[2026-04-08 00:53:18 #7 type] 
Type domain.Sale is not enhanced.

[2026-04-08 00:53:18 #8 type] 
Type domain.Txartela is not enhanced.

[2026-04-08 00:53:18 #9 type] 
Type domain.Arduraduna is not enhanced.

------------------------------------------------------------------------------------------------------------------------

[2026-04-08 01:11:55 #1 store] 
Database '/home/bolo/git/lehenbizikoIterazioa/src/main/resources/products.temp' has been recovered (tr. 14-14)

[2026-04-08 01:11:55 #2 store] 
Database '/home/bolo/git/lehenbizikoIterazioa/src/main/resources/products.temp' is opened by 37507@ubuntu

[2026-04-08 01:11:55 #3 type] 
Type domain.User is not enhanced.

[2026-04-08 01:11:55 #4 type] 
Type domain.Erreklamazioa is not enhanced.

[2026-04-08 01:11:55 #5 type] 
Type domain.Salaketa is not enhanced.

[2026-04-08 01:11:55 #6 type] 
Type domain.Mugimendua is not enhanced.

[2026-04-08 01:11:55 #7 type] 
Type domain.Sale is not enhanced.

[2026-04-08 01:11:55 #8 type] 
Type domain.Txartela is not enhanced.

[2026-04-08 01:11:55 #9 type] 
Type domain.Arduraduna is not enhanced.

------------------------------------------------------------------------------------------------------------------------

[2026-04-08 01:14:06 #1 store] 
Database '/home/bolo/git/lehenbizikoIterazioa/src/main/resources/products.temp' is opened by 37905@ubuntu

[2026-04-08 01:14:06 #2 type] 
Type domain.User is not enhanced.

[2026-04-08 01:14:06 #3 type] 
Type domain.Erreklamazioa is not enhanced.

[2026-04-08 01:14:06 #4 type] 
Type domain.Salaketa is not enhanced.

[2026-04-08 01:14:06 #5 type] 
Type domain.Mugimendua is not enhanced.

[2026-04-08 01:14:06 #6 type] 
Type domain.Sale is not enhanced.

[2026-04-08 01:14:06 #7 type] 
Type domain.Txartela is not enhanced.

[2026-04-08 01:14:06 #8 type] 
Type domain.Arduraduna is not enhanced.

------------------------------------------------------------------------------------------------------------------------

[2026-04-08 01:31:46 #1 store] 
Database '/home/bolo/git/lehenbizikoIterazioa/src/main/resources/products.temp' is opened by 40173@ubuntu

[2026-04-08 01:31:46 #2 type] 
Type domain.User is not enhanced.

[2026-04-08 01:31:46 #3 type] 
Type domain.Erreklamazioa is not enhanced.

[2026-04-08 01:31:46 #4 type] 
Type domain.Salaketa is not enhanced.

[2026-04-08 01:31:46 #5 type] 
Type domain.Mugimendua is not enhanced.

[2026-04-08 01:31:46 #6 type] 
Type domain.Sale is not enhanced.

[2026-04-08 01:31:46 #7 type] 
Type domain.Txartela is not enhanced.

[2026-04-08 01:31:46 #8 type] 
Type domain.Arduraduna is not enhanced.

------------------------------------------------------------------------------------------------------------------------

[2026-04-08 01:32:34 #1 store] 
Database '/home/bolo/git/lehenbizikoIterazioa/src/main/resources/products.temp' is opened by 40276@ubuntu

[2026-04-08 01:32:34 #2 type] 
Type domain.User is not enhanced.

[2026-04-08 01:32:34 #3 type] 
Type domain.Erreklamazioa is not enhanced.

[2026-04-08 01:32:34 #4 type] 
Type domain.Salaketa is not enhanced.

[2026-04-08 01:32:34 #5 type] 
Type domain.Mugimendua is not enhanced.

[2026-04-08 01:32:34 #6 type] 
Type domain.Sale is not enhanced.

[2026-04-08 01:32:34 #7 type] 
Type domain.Txartela is not enhanced.

[2026-04-08 01:32:34 #8 type] 
Type domain.Arduraduna is not enhanced.

------------------------------------------------------------------------------------------------------------------------

[2026-04-08 01:34:43 #1 store] 
Database '/home/bolo/git/lehenbizikoIterazioa/src/main/resources/products.temp' is opened by 40437@ubuntu

[2026-04-08 01:34:43 #2 type] 
Type domain.User is not enhanced.

[2026-04-08 01:34:43 #3 type] 
Type domain.Erreklamazioa is not enhanced.

[2026-04-08 01:34:43 #4 type] 
Type domain.Salaketa is not enhanced.

[2026-04-08 01:34:43 #5 type] 
Type domain.Mugimendua is not enhanced.

[2026-04-08 01:34:43 #6 type] 
Type domain.Sale is not enhanced.

[2026-04-08 01:34:43 #7 type] 
Type domain.Txartela is not enhanced.

[2026-04-08 01:34:43 #8 type] 
Type domain.Arduraduna is not enhanced.

------------------------------------------------------------------------------------------------------------------------

[2026-04-08 01:35:38 #1 store] 
Database '/home/bolo/git/lehenbizikoIterazioa/src/main/resources/products.temp' is opened by 40693@ubuntu

[2026-04-08 01:35:38 #2 type] 
Type domain.User is not enhanced.

[2026-04-08 01:35:38 #3 type] 
Type domain.Erreklamazioa is not enhanced.

[2026-04-08 01:35:38 #4 type] 
Type domain.Salaketa is not enhanced.

[2026-04-08 01:35:38 #5 type] 
Type domain.Mugimendua is not enhanced.

[2026-04-08 01:35:38 #6 type] 
Type domain.Sale is not enhanced.

[2026-04-08 01:35:38 #7 type] 
Type domain.Txartela is not enhanced.

[2026-04-08 01:35:38 #8 type] 
Type domain.Arduraduna is not enhanced.

------------------------------------------------------------------------------------------------------------------------

[2026-04-08 01:55:00 #1 store] 
Database '/home/bolo/git/lehenbizikoIterazioa/src/main/resources/products.temp' is opened by 43186@ubuntu

[2026-04-08 01:55:00 #2 type] 
Type domain.User is not enhanced.

[2026-04-08 01:55:00 #3 type] 
Type domain.Erreklamazioa is not enhanced.

[2026-04-08 01:55:00 #4 type] 
Type domain.Salaketa is not enhanced.

[2026-04-08 01:55:00 #5 type] 
Type domain.Mugimendua is not enhanced.

[2026-04-08 01:55:00 #6 type] 
Type domain.Sale is not enhanced.

[2026-04-08 01:55:00 #7 type] 
Type domain.Txartela is not enhanced.

[2026-04-08 01:55:00 #8 type] 
Type domain.Arduraduna is not enhanced.

------------------------------------------------------------------------------------------------------------------------

[2026-04-08 01:57:38 #1 store] 
Database '/home/bolo/git/lehenbizikoIterazioa/src/main/resources/products.temp' is opened by 43648@ubuntu

[2026-04-08 01:57:39 #2 type] 
Type domain.User is not enhanced.

[2026-04-08 01:57:39 #3 type] 
Type domain.Erreklamazioa is not enhanced.

[2026-04-08 01:57:39 #4 type] 
Type domain.Salaketa is not enhanced.

[2026-04-08 01:57:39 #5 type] 
Type domain.Mugimendua is not enhanced.

[2026-04-08 01:57:39 #6 type] 
Type domain.Sale is not enhanced.

[2026-04-08 01:57:39 #7 type] 
Type domain.Txartela is not enhanced.

[2026-04-08 01:57:39 #8 type] 
Type domain.Arduraduna is not enhanced.

------------------------------------------------------------------------------------------------------------------------

[2026-04-08 01:59:24 #1 store] 
Database '/home/bolo/git/lehenbizikoIterazioa/src/main/resources/products.temp' is opened by 44001@ubuntu

[2026-04-08 01:59:24 #2 type] 
Type domain.User is not enhanced.

[2026-04-08 01:59:24 #3 type] 
Type domain.Erreklamazioa is not enhanced.

[2026-04-08 01:59:24 #4 type] 
Type domain.Salaketa is not enhanced.

[2026-04-08 01:59:24 #5 type] 
Type domain.Mugimendua is not enhanced.

[2026-04-08 01:59:24 #6 type] 
Type domain.Sale is not enhanced.

[2026-04-08 01:59:24 #7 type] 
Type domain.Txartela is not enhanced.

[2026-04-08 01:59:24 #8 type] 
Type domain.Arduraduna is not enhanced.

------------------------------------------------------------------------------------------------------------------------

[2026-04-08 02:00:18 #1 store] 
Database '/home/bolo/git/lehenbizikoIterazioa/src/main/resources/products.temp' is opened by 44176@ubuntu

[2026-04-08 02:00:18 #2 type] 
Type domain.User is not enhanced.

[2026-04-08 02:00:19 #3 type] 
Type domain.Erreklamazioa is not enhanced.

[2026-04-08 02:00:19 #4 type] 
Type domain.Salaketa is not enhanced.

[2026-04-08 02:00:19 #5 type] 
Type domain.Mugimendua is not enhanced.

[2026-04-08 02:00:19 #6 type] 
Type domain.Sale is not enhanced.

[2026-04-08 02:00:19 #7 type] 
Type domain.Txartela is not enhanced.

[2026-04-08 02:00:19 #8 type] 
Type domain.Arduraduna is not enhanced.

------------------------------------------------------------------------------------------------------------------------

[2026-04-08 02:00:37 #1 store] 
Database '/home/bolo/git/lehenbizikoIterazioa/src/main/resources/products.temp' has been recovered (tr. 15-15)

[2026-04-08 02:00:37 #2 store] 
Database '/home/bolo/git/lehenbizikoIterazioa/src/main/resources/products.temp' is opened by 44242@ubuntu

[2026-04-08 02:00:37 #3 type] 
Type domain.User is not enhanced.

[2026-04-08 02:00:37 #4 type] 
Type domain.Erreklamazioa is not enhanced.

[2026-04-08 02:00:37 #5 type] 
Type domain.Salaketa is not enhanced.

[2026-04-08 02:00:37 #6 type] 
Type domain.Mugimendua is not enhanced.

[2026-04-08 02:00:37 #7 type] 
Type domain.Sale is not enhanced.

[2026-04-08 02:00:37 #8 type] 
Type domain.Txartela is not enhanced.

[2026-04-08 02:00:37 #9 type] 
Type domain.Arduraduna is not enhanced.

------------------------------------------------------------------------------------------------------------------------

[2026-04-08 02:01:13 #1 store] 
Database '/home/bolo/git/lehenbizikoIterazioa/src/main/resources/products.temp' is opened by 44315@ubuntu

[2026-04-08 02:01:13 #2 type] 
Type domain.User is not enhanced.

[2026-04-08 02:01:13 #3 type] 
Type domain.Erreklamazioa is not enhanced.

[2026-04-08 02:01:13 #4 type] 
Type domain.Salaketa is not enhanced.

[2026-04-08 02:01:13 #5 type] 
Type domain.Mugimendua is not enhanced.

[2026-04-08 02:01:13 #6 type] 
Type domain.Sale is not enhanced.

[2026-04-08 02:01:13 #7 type] 
Type domain.Txartela is not enhanced.

[2026-04-08 02:01:13 #8 type] 
Type domain.Arduraduna is not enhanced.

------------------------------------------------------------------------------------------------------------------------

[2026-04-08 14:38:18 #1 store] 
Database '/home/bolo/git/lehenbizikoIterazioa/src/main/resources/products.temp' is opened by 6971@ubuntu

[2026-04-08 14:38:18 #2 type] 
Type domain.User is not enhanced.

[2026-04-08 14:38:18 #3 type] 
Type domain.Erreklamazioa is not enhanced.

[2026-04-08 14:38:18 #4 type] 
Type domain.Salaketa is not enhanced.

[2026-04-08 14:38:18 #5 type] 
Type domain.Mugimendua is not enhanced.

[2026-04-08 14:38:18 #6 type] 
Type domain.Sale is not enhanced.

[2026-04-08 14:38:18 #7 type] 
Type domain.Txartela is not enhanced.

[2026-04-08 14:38:18 #8 type] 
Type domain.Arduraduna is not enhanced.

------------------------------------------------------------------------------------------------------------------------

[2026-04-08 14:39:32 #1 store] 
Database '/home/bolo/git/lehenbizikoIterazioa/src/main/resources/products.temp' has been recovered (tr. 16-17)

[2026-04-08 14:39:32 #2 store] 
Database '/home/bolo/git/lehenbizikoIterazioa/src/main/resources/products.temp' is opened by 7051@ubuntu

[2026-04-08 14:39:33 #3 type] 
Type domain.User is not enhanced.

[2026-04-08 14:39:33 #4 type] 
Type domain.Erreklamazioa is not enhanced.

[2026-04-08 14:39:33 #5 type] 
Type domain.Salaketa is not enhanced.

[2026-04-08 14:39:33 #6 type] 
Type domain.Mugimendua is not enhanced.

[2026-04-08 14:39:33 #7 type] 
Type domain.Sale is not enhanced.

[2026-04-08 14:39:33 #8 type] 
Type domain.Txartela is not enhanced.

[2026-04-08 14:39:33 #9 type] 
Type domain.Arduraduna is not enhanced.

------------------------------------------------------------------------------------------------------------------------

[2026-04-08 14:49:58 #1 store] 
Database '/home/bolo/git/lehenbizikoIterazioa/src/main/resources/products.temp' is opened by 9737@ubuntu

[2026-04-08 14:49:58 #2 type] 
Type domain.User is not enhanced.

[2026-04-08 14:49:58 #3 type] 
Type domain.Erreklamazioa is not enhanced.

[2026-04-08 14:49:58 #4 type] 
Type domain.Salaketa is not enhanced.

[2026-04-08 14:49:58 #5 type] 
Type domain.Mugimendua is not enhanced.

[2026-04-08 14:49:58 #6 type] 
Type domain.Sale is not enhanced.

[2026-04-08 14:49:58 #7 type] 
Type domain.Txartela is not enhanced.

[2026-04-08 14:49:58 #8 type] 
Type domain.Arduraduna is not enhanced.

------------------------------------------------------------------------------------------------------------------------

[2026-04-08 14:51:26 #1 store] 
Database '/home/bolo/git/lehenbizikoIterazioa/src/main/resources/products.temp' has been recovered (tr. 18-18)

[2026-04-08 14:51:26 #2 store] 
Database '/home/bolo/git/lehenbizikoIterazioa/src/main/resources/products.temp' is opened by 9898@ubuntu

[2026-04-08 14:51:26 #3 type] 
Type domain.User is not enhanced.

[2026-04-08 14:51:26 #4 type] 
Type domain.Erreklamazioa is not enhanced.

[2026-04-08 14:51:26 #5 type] 
Type domain.Salaketa is not enhanced.

[2026-04-08 14:51:26 #6 type] 
Type domain.Mugimendua is not enhanced.

[2026-04-08 14:51:26 #7 type] 
Type domain.Sale is not enhanced.

[2026-04-08 14:51:26 #8 type] 
Type domain.Txartela is not enhanced.

[2026-04-08 14:51:26 #9 type] 
Type domain.Arduraduna is not enhanced.

------------------------------------------------------------------------------------------------------------------------

[2026-04-08 14:52:17 #1 store] 
Database '/home/bolo/git/lehenbizikoIterazioa/src/main/resources/products.temp' is opened by 9974@ubuntu

[2026-04-08 14:52:17 #2 type] 
Type domain.User is not enhanced.

[2026-04-08 14:52:17 #3 type] 
Type domain.Erreklamazioa is not enhanced.

[2026-04-08 14:52:17 #4 type] 
Type domain.Salaketa is not enhanced.

[2026-04-08 14:52:17 #5 type] 
Type domain.Mugimendua is not enhanced.

[2026-04-08 14:52:17 #6 type] 
Type domain.Sale is not enhanced.

[2026-04-08 14:52:17 #7 type] 
Type domain.Txartela is not enhanced.

[2026-04-08 14:52:17 #8 type] 
Type domain.Arduraduna is not enhanced.

