------------------------------------------------------------------------------------------------------------------------

[2026-04-26 13:21:57 #1 store] 
Database '/home/bolo/git/lehenbizikoIterazioa/src/main/resources/products.temp' is opened by 7835@ubuntu

[2026-04-26 13:21:58 #2 type] 
Type domain.User is not enhanced.

[2026-04-26 13:21:58 #3 type] 
Type domain.Erreklamazioa is not enhanced.

[2026-04-26 13:21:58 #4 type] 
Type domain.Salaketa is not enhanced.

[2026-04-26 13:21:58 #5 type] 
Type domain.Mugimendua is not enhanced.

[2026-04-26 13:21:58 #6 type] 
Type domain.Sale is not enhanced.

[2026-04-26 13:21:58 #7 type] 
Type domain.Txartela is not enhanced.

[2026-04-26 13:21:58 #8 type] 
Type domain.Arduraduna is not enhanced.

------------------------------------------------------------------------------------------------------------------------

[2026-04-26 14:01:12 #1 store] 
Database '/home/bolo/git/lehenbizikoIterazioa/src/main/resources/products.temp' has been recovered (tr. 11-11)

[2026-04-26 14:01:12 #2 store] 
Database '/home/bolo/git/lehenbizikoIterazioa/src/main/resources/products.temp' is opened by 12986@ubuntu

[2026-04-26 14:01:12 #3 type] 
Type domain.User is not enhanced.

[2026-04-26 14:01:12 #4 type] 
Type domain.Erreklamazioa is not enhanced.

[2026-04-26 14:01:12 #5 type] 
Type domain.Salaketa is not enhanced.

[2026-04-26 14:01:12 #6 type] 
Type domain.Mugimendua is not enhanced.

[2026-04-26 14:01:12 #7 type] 
Type domain.Sale is not enhanced.

[2026-04-26 14:01:12 #8 type] 
Type domain.Txartela is not enhanced.

[2026-04-26 14:01:12 #9 type] 
Type domain.Arduraduna is not enhanced.

------------------------------------------------------------------------------------------------------------------------

[2026-04-26 14:01:40 #1 store] 
Database '/home/bolo/git/lehenbizikoIterazioa/src/main/resources/products.temp' has been recovered (tr. 12-12)

[2026-04-26 14:01:40 #2 store] 
Database '/home/bolo/git/lehenbizikoIterazioa/src/main/resources/products.temp' is opened by 13081@ubuntu

[2026-04-26 14:01:40 #3 type] 
Type domain.User is not enhanced.

[2026-04-26 14:01:40 #4 type] 
Type domain.Erreklamazioa is not enhanced.

[2026-04-26 14:01:40 #5 type] 
Type domain.Salaketa is not enhanced.

[2026-04-26 14:01:40 #6 type] 
Type domain.Mugimendua is not enhanced.

[2026-04-26 14:01:40 #7 type] 
Type domain.Sale is not enhanced.

[2026-04-26 14:01:40 #8 type] 
Type domain.Txartela is not enhanced.

[2026-04-26 14:01:40 #9 type] 
Type domain.Arduraduna is not enhanced.

------------------------------------------------------------------------------------------------------------------------

[2026-04-26 14:04:29 #1 store] 
Database '/home/bolo/git/lehenbizikoIterazioa/src/main/resources/products.temp' is opened by 13325@ubuntu

[2026-04-26 14:04:29 #2 type.registry] 
New type domain.User

[2026-04-26 14:04:29 #3 type] 
Type domain.User is not enhanced.

[2026-04-26 14:04:29 #4 type.registry] 
New type domain.Erreklamazioa

[2026-04-26 14:04:29 #5 type.registry] 
New type domain.Salaketa

[2026-04-26 14:04:29 #6 type.registry] 
New type domain.Mugimendua

[2026-04-26 14:04:29 #7 type.registry] 
New type domain.Sale

[2026-04-26 14:04:29 #8 type.registry] 
New type domain.Txartela

[2026-04-26 14:04:29 #9 type] 
Type domain.Erreklamazioa is not enhanced.

[2026-04-26 14:04:29 #10 type] 
Type domain.Salaketa is not enhanced.

[2026-04-26 14:04:29 #11 type] 
Type domain.Mugimendua is not enhanced.

[2026-04-26 14:04:29 #12 type] 
Type domain.Sale is not enhanced.

[2026-04-26 14:04:29 #13 type] 
Type domain.Txartela is not enhanced.

[2026-04-26 14:04:29 #14 type.registry] 
New type domain.Arduraduna

[2026-04-26 14:04:29 #15 type] 
Type domain.Arduraduna is not enhanced.

[2026-04-26 14:04:29 #16 type.registry] 
New type java.util.ArrayList<java.lang.Object>

[2026-04-26 14:04:29 #17 type.registry] 
New type java.util.ArrayList<domain.Sale>

[2026-04-26 14:04:29 #18 type.registry] 
New type java.util.ArrayList<domain.Mugimendua>

[2026-04-26 14:04:29 #19 type.registry] 
New type java.util.ArrayList<domain.Salaketa>

[2026-04-26 14:04:29 #20 type.registry] 
New type java.util.ArrayList<domain.Erreklamazioa>

------------------------------------------------------------------------------------------------------------------------

[2026-04-26 14:04:35 #1 store] 
Database '/home/bolo/git/lehenbizikoIterazioa/src/main/resources/products.temp' has been recovered (tr. 1-10)

[2026-04-26 14:04:35 #2 store] 
Database '/home/bolo/git/lehenbizikoIterazioa/src/main/resources/products.temp' is opened by 13386@ubuntu

[2026-04-26 14:04:35 #3 type] 
Type domain.User is not enhanced.

[2026-04-26 14:04:35 #4 type] 
Type domain.Erreklamazioa is not enhanced.

[2026-04-26 14:04:35 #5 type] 
Type domain.Salaketa is not enhanced.

[2026-04-26 14:04:35 #6 type] 
Type domain.Mugimendua is not enhanced.

[2026-04-26 14:04:35 #7 type] 
Type domain.Sale is not enhanced.

[2026-04-26 14:04:35 #8 type] 
Type domain.Txartela is not enhanced.

[2026-04-26 14:04:35 #9 type] 
Type domain.Arduraduna is not enhanced.

------------------------------------------------------------------------------------------------------------------------

[2026-04-26 14:06:03 #1 store] 
Database '/home/bolo/git/lehenbizikoIterazioa/src/main/resources/products.temp' has been recovered (tr. 11-11)

[2026-04-26 14:06:03 #2 store] 
Database '/home/bolo/git/lehenbizikoIterazioa/src/main/resources/products.temp' is opened by 13568@ubuntu

[2026-04-26 14:06:03 #3 type] 
Type domain.User is not enhanced.

[2026-04-26 14:06:03 #4 type] 
Type domain.Erreklamazioa is not enhanced.

[2026-04-26 14:06:03 #5 type] 
Type domain.Salaketa is not enhanced.

[2026-04-26 14:06:03 #6 type] 
Type domain.Mugimendua is not enhanced.

[2026-04-26 14:06:03 #7 type] 
Type domain.Sale is not enhanced.

[2026-04-26 14:06:03 #8 type] 
Type domain.Txartela is not enhanced.

[2026-04-26 14:06:03 #9 type] 
Type domain.Arduraduna is not enhanced.

------------------------------------------------------------------------------------------------------------------------

[2026-04-26 14:06:27 #1 store] 
Database '/home/bolo/git/lehenbizikoIterazioa/src/main/resources/products.temp' is opened by 13634@ubuntu

[2026-04-26 14:06:27 #2 type] 
Type domain.User is not enhanced.

[2026-04-26 14:06:27 #3 type] 
Type domain.Erreklamazioa is not enhanced.

[2026-04-26 14:06:27 #4 type] 
Type domain.Salaketa is not enhanced.

[2026-04-26 14:06:27 #5 type] 
Type domain.Mugimendua is not enhanced.

[2026-04-26 14:06:27 #6 type] 
Type domain.Sale is not enhanced.

[2026-04-26 14:06:27 #7 type] 
Type domain.Txartela is not enhanced.

[2026-04-26 14:06:27 #8 type] 
Type domain.Arduraduna is not enhanced.

------------------------------------------------------------------------------------------------------------------------

[2026-04-26 14:10:03 #1 store] 
Database '/home/bolo/git/lehenbizikoIterazioa/src/main/resources/products.temp' has been recovered (tr. 12-45)

[2026-04-26 14:10:03 #2 store] 
Database '/home/bolo/git/lehenbizikoIterazioa/src/main/resources/products.temp' is opened by 13859@ubuntu

[2026-04-26 14:10:03 #3 type] 
Type domain.User is not enhanced.

[2026-04-26 14:10:03 #4 type] 
Type domain.Erreklamazioa is not enhanced.

[2026-04-26 14:10:03 #5 type] 
Type domain.Salaketa is not enhanced.

[2026-04-26 14:10:03 #6 type] 
Type domain.Mugimendua is not enhanced.

[2026-04-26 14:10:03 #7 type] 
Type domain.Sale is not enhanced.

[2026-04-26 14:10:03 #8 type] 
Type domain.Txartela is not enhanced.

[2026-04-26 14:10:03 #9 type] 
Type domain.Arduraduna is not enhanced.

------------------------------------------------------------------------------------------------------------------------

[2026-04-26 14:12:05 #1 store] 
Database '/home/bolo/git/lehenbizikoIterazioa/src/main/resources/products.temp' is opened by 14090@ubuntu

[2026-04-26 14:12:06 #2 type] 
Type domain.User is not enhanced.

[2026-04-26 14:12:06 #3 type] 
Type domain.Erreklamazioa is not enhanced.

[2026-04-26 14:12:06 #4 type] 
Type domain.Salaketa is not enhanced.

[2026-04-26 14:12:06 #5 type] 
Type domain.Mugimendua is not enhanced.

[2026-04-26 14:12:06 #6 type] 
Type domain.Sale is not enhanced.

[2026-04-26 14:12:06 #7 type] 
Type domain.Txartela is not enhanced.

[2026-04-26 14:12:06 #8 type] 
Type domain.Arduraduna is not enhanced.

------------------------------------------------------------------------------------------------------------------------

[2026-04-26 14:14:31 #1 store] 
Database '/home/bolo/git/lehenbizikoIterazioa/src/main/resources/products.temp' has been recovered (tr. 46-51)

[2026-04-26 14:14:31 #2 store] 
Database '/home/bolo/git/lehenbizikoIterazioa/src/main/resources/products.temp' is opened by 14379@ubuntu

[2026-04-26 14:14:31 #3 type] 
Type domain.User is not enhanced.

[2026-04-26 14:14:31 #4 type] 
Type domain.Erreklamazioa is not enhanced.

[2026-04-26 14:14:31 #5 type] 
Type domain.Salaketa is not enhanced.

[2026-04-26 14:14:31 #6 type] 
Type domain.Mugimendua is not enhanced.

[2026-04-26 14:14:31 #7 type] 
Type domain.Sale is not enhanced.

[2026-04-26 14:14:31 #8 type] 
Type domain.Txartela is not enhanced.

[2026-04-26 14:14:31 #9 type] 
Type domain.Arduraduna is not enhanced.

------------------------------------------------------------------------------------------------------------------------

[2026-04-26 14:15:44 #1 store] 
Database '/home/bolo/git/lehenbizikoIterazioa/src/main/resources/products.temp' is opened by 14470@ubuntu

[2026-04-26 14:15:44 #2 type] 
Type domain.User is not enhanced.

[2026-04-26 14:15:44 #3 type] 
Type domain.Erreklamazioa is not enhanced.

[2026-04-26 14:15:44 #4 type] 
Type domain.Salaketa is not enhanced.

[2026-04-26 14:15:44 #5 type] 
Type domain.Mugimendua is not enhanced.

[2026-04-26 14:15:44 #6 type] 
Type domain.Sale is not enhanced.

[2026-04-26 14:15:44 #7 type] 
Type domain.Txartela is not enhanced.

[2026-04-26 14:15:44 #8 type] 
Type domain.Arduraduna is not enhanced.

------------------------------------------------------------------------------------------------------------------------

[2026-04-26 14:16:49 #1 store] 
Database '/home/bolo/git/lehenbizikoIterazioa/src/main/resources/products.temp' has been recovered (tr. 52-53)

[2026-04-26 14:16:49 #2 store] 
Database '/home/bolo/git/lehenbizikoIterazioa/src/main/resources/products.temp' is opened by 14546@ubuntu

[2026-04-26 14:16:49 #3 type] 
Type domain.User is not enhanced.

[2026-04-26 14:16:49 #4 type] 
Type domain.Erreklamazioa is not enhanced.

[2026-04-26 14:16:49 #5 type] 
Type domain.Salaketa is not enhanced.

[2026-04-26 14:16:49 #6 type] 
Type domain.Mugimendua is not enhanced.

[2026-04-26 14:16:49 #7 type] 
Type domain.Sale is not enhanced.

[2026-04-26 14:16:49 #8 type] 
Type domain.Txartela is not enhanced.

[2026-04-26 14:16:49 #9 type] 
Type domain.Arduraduna is not enhanced.

------------------------------------------------------------------------------------------------------------------------

[2026-04-26 14:17:18 #1 store] 
Database '/home/bolo/git/lehenbizikoIterazioa/src/main/resources/products.temp' is opened by 14717@ubuntu

[2026-04-26 14:17:19 #2 type.registry] 
New type domain.User

[2026-04-26 14:17:19 #3 type] 
Type domain.User is not enhanced.

[2026-04-26 14:17:19 #4 type.registry] 
New type domain.Erreklamazioa

[2026-04-26 14:17:19 #5 type.registry] 
New type domain.Salaketa

[2026-04-26 14:17:19 #6 type.registry] 
New type domain.Mugimendua

[2026-04-26 14:17:19 #7 type.registry] 
New type domain.Sale

[2026-04-26 14:17:19 #8 type.registry] 
New type domain.Txartela

[2026-04-26 14:17:19 #9 type] 
Type domain.Erreklamazioa is not enhanced.

[2026-04-26 14:17:19 #10 type] 
Type domain.Salaketa is not enhanced.

[2026-04-26 14:17:19 #11 type] 
Type domain.Mugimendua is not enhanced.

[2026-04-26 14:17:19 #12 type] 
Type domain.Sale is not enhanced.

[2026-04-26 14:17:19 #13 type] 
Type domain.Txartela is not enhanced.

[2026-04-26 14:17:19 #14 type.registry] 
New type domain.Arduraduna

[2026-04-26 14:17:19 #15 type] 
Type domain.Arduraduna is not enhanced.

[2026-04-26 14:17:19 #16 type.registry] 
New type java.util.ArrayList<java.lang.Object>

[2026-04-26 14:17:19 #17 type.registry] 
New type java.util.ArrayList<domain.Sale>

[2026-04-26 14:17:19 #18 type.registry] 
New type java.util.ArrayList<domain.Mugimendua>

[2026-04-26 14:17:19 #19 type.registry] 
New type java.util.ArrayList<domain.Salaketa>

[2026-04-26 14:17:19 #20 type.registry] 
New type java.util.ArrayList<domain.Erreklamazioa>

------------------------------------------------------------------------------------------------------------------------

[2026-04-26 14:17:26 #1 store] 
Database '/home/bolo/git/lehenbizikoIterazioa/src/main/resources/products.temp' has been recovered (tr. 1-10)

[2026-04-26 14:17:26 #2 store] 
Database '/home/bolo/git/lehenbizikoIterazioa/src/main/resources/products.temp' is opened by 14773@ubuntu

[2026-04-26 14:17:26 #3 type] 
Type domain.User is not enhanced.

[2026-04-26 14:17:26 #4 type] 
Type domain.Erreklamazioa is not enhanced.

[2026-04-26 14:17:26 #5 type] 
Type domain.Salaketa is not enhanced.

[2026-04-26 14:17:26 #6 type] 
Type domain.Mugimendua is not enhanced.

[2026-04-26 14:17:26 #7 type] 
Type domain.Sale is not enhanced.

[2026-04-26 14:17:26 #8 type] 
Type domain.Txartela is not enhanced.

[2026-04-26 14:17:26 #9 type] 
Type domain.Arduraduna is not enhanced.

------------------------------------------------------------------------------------------------------------------------

[2026-04-26 14:22:22 #1 store] 
Database '/home/bolo/git/lehenbizikoIterazioa/src/main/resources/products.temp' is opened by 15252@ubuntu

[2026-04-26 14:22:22 #2 type] 
Type domain.User is not enhanced.

[2026-04-26 14:22:22 #3 type] 
Type domain.Erreklamazioa is not enhanced.

[2026-04-26 14:22:22 #4 type] 
Type domain.Salaketa is not enhanced.

[2026-04-26 14:22:22 #5 type] 
Type domain.Mugimendua is not enhanced.

[2026-04-26 14:22:22 #6 type] 
Type domain.Sale is not enhanced.

[2026-04-26 14:22:22 #7 type] 
Type domain.Txartela is not enhanced.

[2026-04-26 14:22:22 #8 type] 
Type domain.Arduraduna is not enhanced.

------------------------------------------------------------------------------------------------------------------------

[2026-04-26 14:23:28 #1 store] 
Database '/home/bolo/git/lehenbizikoIterazioa/src/main/resources/products.temp' is opened by 15413@ubuntu

[2026-04-26 14:23:28 #2 type.registry] 
New type domain.User

[2026-04-26 14:23:28 #3 type] 
Type domain.User is not enhanced.

[2026-04-26 14:23:28 #4 type.registry] 
New type domain.Erreklamazioa

[2026-04-26 14:23:28 #5 type.registry] 
New type domain.Salaketa

[2026-04-26 14:23:28 #6 type.registry] 
New type domain.Mugimendua

[2026-04-26 14:23:28 #7 type.registry] 
New type domain.Sale

[2026-04-26 14:23:28 #8 type.registry] 
New type domain.Txartela

[2026-04-26 14:23:28 #9 type] 
Type domain.Erreklamazioa is not enhanced.

[2026-04-26 14:23:28 #10 type] 
Type domain.Salaketa is not enhanced.

[2026-04-26 14:23:28 #11 type] 
Type domain.Mugimendua is not enhanced.

[2026-04-26 14:23:28 #12 type] 
Type domain.Sale is not enhanced.

[2026-04-26 14:23:28 #13 type] 
Type domain.Txartela is not enhanced.

[2026-04-26 14:23:28 #14 type.registry] 
New type domain.Arduraduna

[2026-04-26 14:23:28 #15 type] 
Type domain.Arduraduna is not enhanced.

[2026-04-26 14:23:28 #16 type.registry] 
New type java.util.ArrayList<java.lang.Object>

[2026-04-26 14:23:28 #17 type.registry] 
New type java.util.ArrayList<domain.Sale>

[2026-04-26 14:23:28 #18 type.registry] 
New type java.util.ArrayList<domain.Mugimendua>

[2026-04-26 14:23:28 #19 type.registry] 
New type java.util.ArrayList<domain.Salaketa>

[2026-04-26 14:23:28 #20 type.registry] 
New type java.util.ArrayList<domain.Erreklamazioa>

