------------------------------------------------------------------------------------------------------------------------

[2026-03-20 00:02:13 #1 store] 
Database '/home/bolo/git/lehenbizikoIterazioa/src/main/resources/products.temp' has been recovered (tr. 15-15)

[2026-03-20 00:02:13 #2 store] 
Database '/home/bolo/git/lehenbizikoIterazioa/src/main/resources/products.temp' is opened by 31279@ubuntu

[2026-03-20 00:02:13 #3 type] 
Type domain.Sale is not enhanced.

[2026-03-20 00:02:13 #4 type] 
Type domain.User is not enhanced.

------------------------------------------------------------------------------------------------------------------------

[2026-03-20 00:04:53 #1 store] 
Database '/home/bolo/git/lehenbizikoIterazioa/src/main/resources/products.temp' is opened by 31456@ubuntu

[2026-03-20 00:04:53 #2 type] 
Type domain.Sale is not enhanced.

[2026-03-20 00:04:53 #3 type] 
Type domain.User is not enhanced.

------------------------------------------------------------------------------------------------------------------------

[2026-03-20 00:27:57 #1 store] 
Database '/home/bolo/git/lehenbizikoIterazioa/src/main/resources/products.temp' is opened by 33521@ubuntu

[2026-03-20 00:27:57 #2 type] 
Type domain.Sale is not enhanced.

[2026-03-20 00:27:57 #3 type] 
Type domain.User is not enhanced.

------------------------------------------------------------------------------------------------------------------------

[2026-03-20 00:36:14 #1 store] 
Database '/home/bolo/git/lehenbizikoIterazioa/src/main/resources/products.temp' is opened by 34867@ubuntu

[2026-03-20 00:36:14 #2 type] 
Type domain.Sale is not enhanced.

[2026-03-20 00:36:14 #3 type] 
Type domain.User is not enhanced.

------------------------------------------------------------------------------------------------------------------------

[2026-03-20 00:46:31 #1 store] 
Database '/home/bolo/git/lehenbizikoIterazioa/src/main/resources/products.temp' is opened by 35723@ubuntu

[2026-03-20 00:46:31 #2 type] 
Type domain.Sale is not enhanced.

[2026-03-20 00:46:31 #3 type] 
Type domain.User is not enhanced.

------------------------------------------------------------------------------------------------------------------------

[2026-03-20 00:47:10 #1 store] 
Database '/home/bolo/git/lehenbizikoIterazioa/src/main/resources/products.temp' is opened by 35800@ubuntu

[2026-03-20 00:47:10 #2 type] 
Type domain.Sale is not enhanced.

[2026-03-20 00:47:10 #3 type] 
Type domain.User is not enhanced.

------------------------------------------------------------------------------------------------------------------------

[2026-03-20 00:50:11 #1 store] 
Database '/home/bolo/git/lehenbizikoIterazioa/src/main/resources/products.temp' has been recovered (tr. 16-16)

[2026-03-20 00:50:11 #2 store] 
Database '/home/bolo/git/lehenbizikoIterazioa/src/main/resources/products.temp' is opened by 36033@ubuntu

[2026-03-20 00:50:11 #3 type] 
Type domain.Sale is not enhanced.

[2026-03-20 00:50:11 #4 type] 
Type domain.User is not enhanced.

------------------------------------------------------------------------------------------------------------------------

[2026-03-20 00:57:49 #1 store] 
Database '/home/bolo/git/lehenbizikoIterazioa/src/main/resources/products.temp' is opened by 36841@ubuntu

[2026-03-20 00:57:49 #2 type] 
Type domain.Sale is not enhanced.

[2026-03-20 00:57:49 #3 type] 
Type domain.User is not enhanced.

------------------------------------------------------------------------------------------------------------------------

[2026-03-20 00:58:06 #1 store] 
Database '/home/bolo/git/lehenbizikoIterazioa/src/main/resources/products.temp' is opened by 36899@ubuntu

[2026-03-20 00:58:06 #2 type] 
Type domain.Sale is not enhanced.

[2026-03-20 00:58:06 #3 type] 
Type domain.User is not enhanced.

------------------------------------------------------------------------------------------------------------------------

[2026-03-20 00:59:07 #1 store] 
Database '/home/bolo/git/lehenbizikoIterazioa/src/main/resources/products.temp' is opened by 37069@ubuntu

[2026-03-20 00:59:07 #2 type] 
Type domain.Sale is not enhanced.

[2026-03-20 00:59:07 #3 type] 
Type domain.User is not enhanced.

------------------------------------------------------------------------------------------------------------------------

[2026-03-20 01:00:19 #1 store] 
Database '/home/bolo/git/lehenbizikoIterazioa/src/main/resources/products.temp' is opened by 37160@ubuntu

[2026-03-20 01:00:19 #2 type] 
Type domain.Sale is not enhanced.

[2026-03-20 01:00:19 #3 type] 
Type domain.User is not enhanced.

