------------------------------------------------------------------------------------------------------------------------

[2026-02-25 10:34:22 #1 store] 
Database 'C:\Users\ehu\git\lehenbizikoIterazioa2\src\main\resources\products.temp' is opened by 12424@U110119

[2026-02-25 10:34:23 #2 type.registry] 
New type domain.Seller

[2026-02-25 10:34:23 #3 type] 
Type domain.Seller is not enhanced.

[2026-02-25 10:34:23 #4 type.registry] 
New type domain.Sale

[2026-02-25 10:34:23 #5 type] 
Type domain.Sale is not enhanced.

[2026-02-25 10:34:23 #6 type.registry] 
New type java.util.ArrayList<java.lang.Object>

[2026-02-25 10:34:23 #7 type.registry] 
New type java.util.ArrayList<domain.Sale>

------------------------------------------------------------------------------------------------------------------------

[2026-02-25 10:37:58 #1 store] 
Database 'C:\Users\ehu\git\lehenbizikoIterazioa2\src\main\resources\products.temp' is opened by 6696@U110119

[2026-02-25 10:37:58 #2 type.registry] 
New type domain.Seller

[2026-02-25 10:37:58 #3 type] 
Type domain.Seller is not enhanced.

[2026-02-25 10:37:58 #4 type.registry] 
New type domain.Sale

[2026-02-25 10:37:58 #5 type] 
Type domain.Sale is not enhanced.

[2026-02-25 10:37:58 #6 type.registry] 
New type java.util.ArrayList<java.lang.Object>

[2026-02-25 10:37:58 #7 type.registry] 
New type java.util.ArrayList<domain.Sale>

------------------------------------------------------------------------------------------------------------------------

[2026-02-25 10:38:14 #1 store] 
Database 'C:\Users\ehu\git\lehenbizikoIterazioa2\src\main\resources\products.temp' is opened by 10568@U110119

[2026-02-25 10:38:14 #2 type.registry] 
New type domain.Seller

[2026-02-25 10:38:14 #3 type] 
Type domain.Seller is not enhanced.

[2026-02-25 10:38:14 #4 type.registry] 
New type domain.Sale

[2026-02-25 10:38:14 #5 type] 
Type domain.Sale is not enhanced.

[2026-02-25 10:38:14 #6 type.registry] 
New type java.util.ArrayList<java.lang.Object>

[2026-02-25 10:38:14 #7 type.registry] 
New type java.util.ArrayList<domain.Sale>

------------------------------------------------------------------------------------------------------------------------

[2026-02-25 10:38:35 #1 store] 
Database 'C:\Users\ehu\git\lehenbizikoIterazioa2\src\main\resources\products.temp' is opened by 5596@U110119

[2026-02-25 10:38:35 #2 type.registry] 
New type domain.Seller

[2026-02-25 10:38:35 #3 type] 
Type domain.Seller is not enhanced.

[2026-02-25 10:38:35 #4 type.registry] 
New type domain.Sale

[2026-02-25 10:38:35 #5 type] 
Type domain.Sale is not enhanced.

[2026-02-25 10:38:35 #6 type.registry] 
New type java.util.ArrayList<java.lang.Object>

[2026-02-25 10:38:35 #7 type.registry] 
New type java.util.ArrayList<domain.Sale>

------------------------------------------------------------------------------------------------------------------------

[2026-02-25 10:38:58 #1 store] 
Database 'C:\Users\ehu\git\lehenbizikoIterazioa2\src\main\resources\products.temp' is opened by 7408@U110119

[2026-02-25 10:38:58 #2 type.registry] 
New type domain.Seller

[2026-02-25 10:38:58 #3 type] 
Type domain.Seller is not enhanced.

[2026-02-25 10:38:58 #4 type.registry] 
New type domain.Sale

[2026-02-25 10:38:58 #5 type] 
Type domain.Sale is not enhanced.

[2026-02-25 10:38:58 #6 type.registry] 
New type java.util.ArrayList<java.lang.Object>

[2026-02-25 10:38:58 #7 type.registry] 
New type java.util.ArrayList<domain.Sale>

------------------------------------------------------------------------------------------------------------------------

[2026-02-25 10:39:12 #1 store] 
Database 'C:\Users\ehu\git\lehenbizikoIterazioa2\src\main\resources\products.temp' is opened by 12876@U110119

[2026-02-25 10:39:12 #2 type.registry] 
New type domain.Seller

[2026-02-25 10:39:12 #3 type] 
Type domain.Seller is not enhanced.

[2026-02-25 10:39:12 #4 type.registry] 
New type domain.Sale

[2026-02-25 10:39:12 #5 type] 
Type domain.Sale is not enhanced.

[2026-02-25 10:39:12 #6 type.registry] 
New type java.util.ArrayList<java.lang.Object>

[2026-02-25 10:39:12 #7 type.registry] 
New type java.util.ArrayList<domain.Sale>

------------------------------------------------------------------------------------------------------------------------

[2026-02-25 10:39:30 #1 store] 
Database 'C:\Users\ehu\git\lehenbizikoIterazioa2\src\main\resources\products.temp' is opened by 10064@U110119

[2026-02-25 10:39:31 #2 type.registry] 
New type domain.Seller

[2026-02-25 10:39:31 #3 type] 
Type domain.Seller is not enhanced.

[2026-02-25 10:39:31 #4 type.registry] 
New type domain.Sale

[2026-02-25 10:39:31 #5 type] 
Type domain.Sale is not enhanced.

[2026-02-25 10:39:31 #6 type.registry] 
New type java.util.ArrayList<java.lang.Object>

[2026-02-25 10:39:31 #7 type.registry] 
New type java.util.ArrayList<domain.Sale>

------------------------------------------------------------------------------------------------------------------------

[2026-02-25 10:42:26 #1 store] 
Database 'C:\Users\ehu\git\lehenbizikoIterazioa2\src\main\resources\products.temp' is opened by 5924@U110119

[2026-02-25 10:42:26 #2 type.registry] 
New type domain.Seller

[2026-02-25 10:42:26 #3 type] 
Type domain.Seller is not enhanced.

[2026-02-25 10:42:26 #4 type.registry] 
New type domain.Sale

[2026-02-25 10:42:26 #5 type] 
Type domain.Sale is not enhanced.

[2026-02-25 10:42:26 #6 type.registry] 
New type java.util.ArrayList<java.lang.Object>

[2026-02-25 10:42:26 #7 type.registry] 
New type java.util.ArrayList<domain.Sale>

------------------------------------------------------------------------------------------------------------------------

[2026-02-25 11:07:20 #1 store] 
Database 'C:\Users\ehu\git\lehenbizikoIterazioa2\src\main\resources\products.temp' is opened by 4116@U110119

[2026-02-25 11:07:20 #2 type.registry] 
New type domain.Seller

[2026-02-25 11:07:20 #3 type] 
Type domain.Seller is not enhanced.

[2026-02-25 11:07:20 #4 type.registry] 
New type domain.Sale

[2026-02-25 11:07:20 #5 type] 
Type domain.Sale is not enhanced.

[2026-02-25 11:07:20 #6 type.registry] 
New type java.util.ArrayList<java.lang.Object>

[2026-02-25 11:07:20 #7 type.registry] 
New type java.util.ArrayList<domain.Sale>

------------------------------------------------------------------------------------------------------------------------

[2026-02-25 11:08:30 #1 store] 
Database 'C:\Users\ehu\git\lehenbizikoIterazioa2\src\main\resources\products.temp' is opened by 12996@U110119

[2026-02-25 11:08:31 #2 type.registry] 
New type domain.Seller

[2026-02-25 11:08:31 #3 type] 
Type domain.Seller is not enhanced.

[2026-02-25 11:08:31 #4 type.registry] 
New type domain.Sale

[2026-02-25 11:08:31 #5 type] 
Type domain.Sale is not enhanced.

[2026-02-25 11:08:31 #6 type.registry] 
New type java.util.ArrayList<java.lang.Object>

[2026-02-25 11:08:31 #7 type.registry] 
New type java.util.ArrayList<domain.Sale>

------------------------------------------------------------------------------------------------------------------------

[2026-02-25 11:09:16 #1 store] 
Database 'C:\Users\ehu\git\lehenbizikoIterazioa2\src\main\resources\products.temp' is opened by 9912@U110119

[2026-02-25 11:09:16 #2 type.registry] 
New type domain.Seller

[2026-02-25 11:09:16 #3 type] 
Type domain.Seller is not enhanced.

[2026-02-25 11:09:16 #4 type.registry] 
New type domain.Sale

[2026-02-25 11:09:16 #5 type] 
Type domain.Sale is not enhanced.

[2026-02-25 11:09:16 #6 type.registry] 
New type java.util.ArrayList<java.lang.Object>

[2026-02-25 11:09:16 #7 type.registry] 
New type java.util.ArrayList<domain.Sale>

------------------------------------------------------------------------------------------------------------------------

[2026-02-25 11:12:09 #1 store] 
Database 'C:\Users\ehu\git\lehenbizikoIterazioa2\src\main\resources\products.temp' is opened by 10024@U110119

[2026-02-25 11:12:09 #2 type.registry] 
New type domain.Seller

[2026-02-25 11:12:09 #3 type] 
Type domain.Seller is not enhanced.

[2026-02-25 11:12:09 #4 type.registry] 
New type domain.Sale

[2026-02-25 11:12:09 #5 type] 
Type domain.Sale is not enhanced.

[2026-02-25 11:12:09 #6 type.registry] 
New type java.util.ArrayList<java.lang.Object>

[2026-02-25 11:12:09 #7 type.registry] 
New type java.util.ArrayList<domain.Sale>

------------------------------------------------------------------------------------------------------------------------

[2026-02-25 11:13:46 #1 store] 
Database 'C:\Users\ehu\git\lehenbizikoIterazioa2\src\main\resources\products.temp' is opened by 8292@U110119

[2026-02-25 11:13:47 #2 type.registry] 
New type domain.Seller

[2026-02-25 11:13:47 #3 type] 
Type domain.Seller is not enhanced.

[2026-02-25 11:13:47 #4 type.registry] 
New type domain.Sale

[2026-02-25 11:13:47 #5 type] 
Type domain.Sale is not enhanced.

[2026-02-25 11:13:47 #6 type.registry] 
New type java.util.ArrayList<java.lang.Object>

[2026-02-25 11:13:47 #7 type.registry] 
New type java.util.ArrayList<domain.Sale>

------------------------------------------------------------------------------------------------------------------------

[2026-02-25 11:14:24 #1 store] 
Database 'C:\Users\ehu\git\lehenbizikoIterazioa2\src\main\resources\products.temp' is opened by 4176@U110119

[2026-02-25 11:14:25 #2 type.registry] 
New type domain.Seller

[2026-02-25 11:14:25 #3 type] 
Type domain.Seller is not enhanced.

[2026-02-25 11:14:25 #4 type.registry] 
New type domain.Sale

[2026-02-25 11:14:25 #5 type] 
Type domain.Sale is not enhanced.

[2026-02-25 11:14:25 #6 type.registry] 
New type java.util.ArrayList<java.lang.Object>

[2026-02-25 11:14:25 #7 type.registry] 
New type java.util.ArrayList<domain.Sale>

------------------------------------------------------------------------------------------------------------------------

[2026-02-25 11:15:50 #1 store] 
Database 'C:\Users\ehu\git\lehenbizikoIterazioa2\src\main\resources\products.temp' is opened by 10204@U110119

[2026-02-25 11:15:50 #2 type.registry] 
New type domain.Seller

[2026-02-25 11:15:50 #3 type] 
Type domain.Seller is not enhanced.

[2026-02-25 11:15:50 #4 type.registry] 
New type domain.Sale

[2026-02-25 11:15:50 #5 type] 
Type domain.Sale is not enhanced.

[2026-02-25 11:15:50 #6 type.registry] 
New type java.util.ArrayList<java.lang.Object>

[2026-02-25 11:15:50 #7 type.registry] 
New type java.util.ArrayList<domain.Sale>

------------------------------------------------------------------------------------------------------------------------

[2026-02-25 11:22:29 #1 store] 
Database 'C:\Users\ehu\git\lehenbizikoIterazioa2\src\main\resources\products.temp' is opened by 1172@U110119

[2026-02-25 11:22:30 #2 type.registry] 
New type domain.Seller

[2026-02-25 11:22:30 #3 type] 
Type domain.Seller is not enhanced.

[2026-02-25 11:22:30 #4 type.registry] 
New type domain.Sale

[2026-02-25 11:22:30 #5 type] 
Type domain.Sale is not enhanced.

[2026-02-25 11:22:30 #6 type.registry] 
New type java.util.ArrayList<java.lang.Object>

[2026-02-25 11:22:30 #7 type.registry] 
New type java.util.ArrayList<domain.Sale>

------------------------------------------------------------------------------------------------------------------------

[2026-02-25 11:27:12 #1 store] 
Database 'C:\Users\ehu\git\lehenbizikoIterazioa2\src\main\resources\products.temp' is opened by 2004@U110119

[2026-02-25 11:27:12 #2 type.registry] 
New type domain.Seller

[2026-02-25 11:27:12 #3 type] 
Type domain.Seller is not enhanced.

[2026-02-25 11:27:12 #4 type.registry] 
New type domain.Sale

[2026-02-25 11:27:12 #5 type] 
Type domain.Sale is not enhanced.

[2026-02-25 11:27:12 #6 type.registry] 
New type java.util.ArrayList<java.lang.Object>

[2026-02-25 11:27:12 #7 type.registry] 
New type java.util.ArrayList<domain.Sale>

------------------------------------------------------------------------------------------------------------------------

[2026-02-25 11:29:03 #1 store] 
Database 'C:\Users\ehu\git\lehenbizikoIterazioa2\src\main\resources\products.temp' is opened by 5672@U110119

[2026-02-25 11:29:04 #2 type.registry] 
New type domain.Seller

[2026-02-25 11:29:04 #3 type] 
Type domain.Seller is not enhanced.

[2026-02-25 11:29:04 #4 type.registry] 
New type domain.Sale

[2026-02-25 11:29:04 #5 type] 
Type domain.Sale is not enhanced.

[2026-02-25 11:29:04 #6 type.registry] 
New type java.util.ArrayList<java.lang.Object>

[2026-02-25 11:29:04 #7 type.registry] 
New type java.util.ArrayList<domain.Sale>

