------------------------------------------------------------------------------------------------------------------------

[2026-04-07 02:32:57 #1 store] 
Database '/home/bolo/git/lehenbizikoIterazioa/src/main/resources/products.temp' has been recovered (tr. 9-9)

[2026-04-07 02:32:57 #2 store] 
Database '/home/bolo/git/lehenbizikoIterazioa/src/main/resources/products.temp' is opened by 30144@ubuntu

[2026-04-07 02:32:57 #3 type] 
Type domain.User is not enhanced.

[2026-04-07 02:32:57 #4 type.registry] 
New type domain.Erreklamazioa

[2026-04-07 02:32:57 #5 type.registry] 
New type domain.Salaketa

[2026-04-07 02:32:57 #6 type.registry] 
New type domain.Mugimendua

[2026-04-07 02:32:57 #7 type] 
Type domain.Sale is not enhanced.

[2026-04-07 02:32:57 #8 type] 
Type domain.Txartela is not enhanced.

[2026-04-07 02:32:57 #9 type] 
Type domain.Erreklamazioa is not enhanced.

[2026-04-07 02:32:57 #10 type] 
Type domain.Salaketa is not enhanced.

[2026-04-07 02:32:57 #11 type] 
Type domain.Mugimendua is not enhanced.

[2026-04-07 02:33:02 #12 type.registry] 
New type java.util.ArrayList<domain.Mugimendua>

[2026-04-07 02:33:02 #13 type.registry] 
New type java.util.ArrayList<domain.Salaketa>

[2026-04-07 02:33:02 #14 type.registry] 
New type java.util.ArrayList<domain.Erreklamazioa>

------------------------------------------------------------------------------------------------------------------------

[2026-04-07 02:36:59 #1 store] 
Database '/home/bolo/git/lehenbizikoIterazioa/src/main/resources/products.temp' has been recovered (tr. 10-13)

[2026-04-07 02:36:59 #2 store] 
Database '/home/bolo/git/lehenbizikoIterazioa/src/main/resources/products.temp' is opened by 30734@ubuntu

[2026-04-07 02:36:59 #3 type] 
Type domain.User is not enhanced.

[2026-04-07 02:36:59 #4 type] 
Type domain.Sale is not enhanced.

[2026-04-07 02:36:59 #5 type] 
Type domain.Txartela is not enhanced.

[2026-04-07 02:36:59 #6 type] 
Type domain.Erreklamazioa is not enhanced.

[2026-04-07 02:36:59 #7 type] 
Type domain.Salaketa is not enhanced.

[2026-04-07 02:36:59 #8 type] 
Type domain.Mugimendua is not enhanced.

------------------------------------------------------------------------------------------------------------------------

[2026-04-07 02:37:57 #1 store] 
Database '/home/bolo/git/lehenbizikoIterazioa/src/main/resources/products.temp' is opened by 30881@ubuntu

[2026-04-07 02:37:57 #2 type] 
Type domain.User is not enhanced.

[2026-04-07 02:37:57 #3 type] 
Type domain.Sale is not enhanced.

[2026-04-07 02:37:57 #4 type] 
Type domain.Txartela is not enhanced.

[2026-04-07 02:37:57 #5 type] 
Type domain.Erreklamazioa is not enhanced.

[2026-04-07 02:37:57 #6 type] 
Type domain.Salaketa is not enhanced.

[2026-04-07 02:37:57 #7 type] 
Type domain.Mugimendua is not enhanced.

------------------------------------------------------------------------------------------------------------------------

[2026-04-07 02:40:37 #1 store] 
Database '/home/bolo/git/lehenbizikoIterazioa/src/main/resources/products.temp' is opened by 31190@ubuntu

[2026-04-07 02:40:37 #2 type] 
Type domain.User is not enhanced.

[2026-04-07 02:40:37 #3 type] 
Type domain.Sale is not enhanced.

[2026-04-07 02:40:37 #4 type] 
Type domain.Txartela is not enhanced.

[2026-04-07 02:40:37 #5 type] 
Type domain.Erreklamazioa is not enhanced.

[2026-04-07 02:40:37 #6 type] 
Type domain.Salaketa is not enhanced.

[2026-04-07 02:40:37 #7 type] 
Type domain.Mugimendua is not enhanced.

------------------------------------------------------------------------------------------------------------------------

[2026-04-07 02:48:56 #1 store] 
Database '/home/bolo/git/lehenbizikoIterazioa/src/main/resources/products.temp' is opened by 32391@ubuntu

[2026-04-07 02:48:56 #2 type] 
Type domain.User is not enhanced.

[2026-04-07 02:48:56 #3 type] 
Type domain.Sale is not enhanced.

[2026-04-07 02:48:56 #4 type] 
Type domain.Txartela is not enhanced.

[2026-04-07 02:48:56 #5 type] 
Type domain.Erreklamazioa is not enhanced.

[2026-04-07 02:48:56 #6 type] 
Type domain.Salaketa is not enhanced.

[2026-04-07 02:48:56 #7 type] 
Type domain.Mugimendua is not enhanced.

------------------------------------------------------------------------------------------------------------------------

[2026-04-07 02:50:38 #1 store] 
Database '/home/bolo/git/lehenbizikoIterazioa/src/main/resources/products.temp' is opened by 32665@ubuntu

[2026-04-07 02:50:38 #2 type.registry] 
New type domain.User

[2026-04-07 02:50:38 #3 type] 
Type domain.User is not enhanced.

[2026-04-07 02:50:38 #4 type.registry] 
New type domain.Erreklamazioa

[2026-04-07 02:50:38 #5 type.registry] 
New type domain.Salaketa

[2026-04-07 02:50:38 #6 type.registry] 
New type domain.Mugimendua

[2026-04-07 02:50:38 #7 type.registry] 
New type domain.Sale

[2026-04-07 02:50:38 #8 type.registry] 
New type domain.Txartela

[2026-04-07 02:50:38 #9 type] 
Type domain.Erreklamazioa is not enhanced.

[2026-04-07 02:50:38 #10 type] 
Type domain.Salaketa is not enhanced.

[2026-04-07 02:50:38 #11 type] 
Type domain.Mugimendua is not enhanced.

[2026-04-07 02:50:38 #12 type] 
Type domain.Sale is not enhanced.

[2026-04-07 02:50:38 #13 type] 
Type domain.Txartela is not enhanced.

[2026-04-07 02:50:38 #14 type.registry] 
New type java.util.ArrayList<java.lang.Object>

[2026-04-07 02:50:38 #15 type.registry] 
New type java.util.ArrayList<domain.Sale>

[2026-04-07 02:50:38 #16 type.registry] 
New type java.util.ArrayList<domain.Mugimendua>

[2026-04-07 02:50:38 #17 type.registry] 
New type java.util.ArrayList<domain.Salaketa>

[2026-04-07 02:50:38 #18 type.registry] 
New type java.util.ArrayList<domain.Erreklamazioa>

------------------------------------------------------------------------------------------------------------------------

[2026-04-07 02:50:44 #1 store] 
Database '/home/bolo/git/lehenbizikoIterazioa/src/main/resources/products.temp' has been recovered (tr. 1-9)

[2026-04-07 02:50:44 #2 store] 
Database '/home/bolo/git/lehenbizikoIterazioa/src/main/resources/products.temp' is opened by 32730@ubuntu

[2026-04-07 02:50:44 #3 type] 
Type domain.User is not enhanced.

[2026-04-07 02:50:44 #4 type] 
Type domain.Erreklamazioa is not enhanced.

[2026-04-07 02:50:44 #5 type] 
Type domain.Salaketa is not enhanced.

[2026-04-07 02:50:44 #6 type] 
Type domain.Mugimendua is not enhanced.

[2026-04-07 02:50:44 #7 type] 
Type domain.Sale is not enhanced.

[2026-04-07 02:50:44 #8 type] 
Type domain.Txartela is not enhanced.

------------------------------------------------------------------------------------------------------------------------

[2026-04-07 02:52:28 #1 store] 
Database '/home/bolo/git/lehenbizikoIterazioa/src/main/resources/products.temp' is opened by 32850@ubuntu

[2026-04-07 02:52:28 #2 type] 
Type domain.User is not enhanced.

[2026-04-07 02:52:28 #3 type] 
Type domain.Erreklamazioa is not enhanced.

[2026-04-07 02:52:28 #4 type] 
Type domain.Salaketa is not enhanced.

[2026-04-07 02:52:28 #5 type] 
Type domain.Mugimendua is not enhanced.

[2026-04-07 02:52:28 #6 type] 
Type domain.Sale is not enhanced.

[2026-04-07 02:52:28 #7 type] 
Type domain.Txartela is not enhanced.

------------------------------------------------------------------------------------------------------------------------

[2026-04-07 02:54:33 #1 store] 
Database '/home/bolo/git/lehenbizikoIterazioa/src/main/resources/products.temp' has been recovered (tr. 10-10)

[2026-04-07 02:54:33 #2 store] 
Database '/home/bolo/git/lehenbizikoIterazioa/src/main/resources/products.temp' is opened by 33115@ubuntu

[2026-04-07 02:54:33 #3 type] 
Type domain.User is not enhanced.

[2026-04-07 02:54:33 #4 type] 
Type domain.Erreklamazioa is not enhanced.

[2026-04-07 02:54:33 #5 type] 
Type domain.Salaketa is not enhanced.

[2026-04-07 02:54:33 #6 type] 
Type domain.Mugimendua is not enhanced.

[2026-04-07 02:54:33 #7 type] 
Type domain.Sale is not enhanced.

[2026-04-07 02:54:33 #8 type] 
Type domain.Txartela is not enhanced.

------------------------------------------------------------------------------------------------------------------------

[2026-04-07 02:56:37 #1 store] 
Database '/home/bolo/git/lehenbizikoIterazioa/src/main/resources/products.temp' has been recovered (tr. 11-11)

[2026-04-07 02:56:37 #2 store] 
Database '/home/bolo/git/lehenbizikoIterazioa/src/main/resources/products.temp' is opened by 33390@ubuntu

[2026-04-07 02:56:38 #3 type] 
Type domain.User is not enhanced.

[2026-04-07 02:56:38 #4 type] 
Type domain.Erreklamazioa is not enhanced.

[2026-04-07 02:56:38 #5 type] 
Type domain.Salaketa is not enhanced.

[2026-04-07 02:56:38 #6 type] 
Type domain.Mugimendua is not enhanced.

[2026-04-07 02:56:38 #7 type] 
Type domain.Sale is not enhanced.

[2026-04-07 02:56:38 #8 type] 
Type domain.Txartela is not enhanced.

------------------------------------------------------------------------------------------------------------------------

[2026-04-07 02:58:54 #1 store] 
Database '/home/bolo/git/lehenbizikoIterazioa/src/main/resources/products.temp' is opened by 33811@ubuntu

[2026-04-07 02:58:54 #2 type] 
Type domain.User is not enhanced.

[2026-04-07 02:58:54 #3 type] 
Type domain.Erreklamazioa is not enhanced.

[2026-04-07 02:58:54 #4 type] 
Type domain.Salaketa is not enhanced.

[2026-04-07 02:58:54 #5 type] 
Type domain.Mugimendua is not enhanced.

[2026-04-07 02:58:54 #6 type] 
Type domain.Sale is not enhanced.

[2026-04-07 02:58:54 #7 type] 
Type domain.Txartela is not enhanced.

------------------------------------------------------------------------------------------------------------------------

[2026-04-07 03:01:42 #1 store] 
Database '/home/bolo/git/lehenbizikoIterazioa/src/main/resources/products.temp' is opened by 34137@ubuntu

[2026-04-07 03:01:42 #2 type] 
Type domain.User is not enhanced.

[2026-04-07 03:01:42 #3 type] 
Type domain.Erreklamazioa is not enhanced.

[2026-04-07 03:01:42 #4 type] 
Type domain.Salaketa is not enhanced.

[2026-04-07 03:01:42 #5 type] 
Type domain.Mugimendua is not enhanced.

[2026-04-07 03:01:42 #6 type] 
Type domain.Sale is not enhanced.

[2026-04-07 03:01:42 #7 type] 
Type domain.Txartela is not enhanced.

------------------------------------------------------------------------------------------------------------------------

[2026-04-07 03:01:55 #1 store] 
Database '/home/bolo/git/lehenbizikoIterazioa/src/main/resources/products.temp' is opened by 34205@ubuntu

[2026-04-07 03:01:55 #2 type] 
Type domain.User is not enhanced.

[2026-04-07 03:01:55 #3 type] 
Type domain.Erreklamazioa is not enhanced.

[2026-04-07 03:01:55 #4 type] 
Type domain.Salaketa is not enhanced.

[2026-04-07 03:01:55 #5 type] 
Type domain.Mugimendua is not enhanced.

[2026-04-07 03:01:55 #6 type] 
Type domain.Sale is not enhanced.

[2026-04-07 03:01:55 #7 type] 
Type domain.Txartela is not enhanced.

------------------------------------------------------------------------------------------------------------------------

[2026-04-07 03:20:06 #1 store] 
Database '/home/bolo/git/lehenbizikoIterazioa/src/main/resources/products.temp' is opened by 36296@ubuntu

[2026-04-07 03:20:06 #2 type] 
Type domain.User is not enhanced.

[2026-04-07 03:20:06 #3 type] 
Type domain.Erreklamazioa is not enhanced.

[2026-04-07 03:20:06 #4 type] 
Type domain.Salaketa is not enhanced.

[2026-04-07 03:20:06 #5 type] 
Type domain.Mugimendua is not enhanced.

[2026-04-07 03:20:06 #6 type] 
Type domain.Sale is not enhanced.

[2026-04-07 03:20:06 #7 type] 
Type domain.Txartela is not enhanced.

------------------------------------------------------------------------------------------------------------------------

[2026-04-07 03:20:40 #1 store] 
Database '/home/bolo/git/lehenbizikoIterazioa/src/main/resources/products.temp' is opened by 36406@ubuntu

[2026-04-07 03:20:41 #2 type] 
Type domain.User is not enhanced.

[2026-04-07 03:20:41 #3 type] 
Type domain.Erreklamazioa is not enhanced.

[2026-04-07 03:20:41 #4 type] 
Type domain.Salaketa is not enhanced.

[2026-04-07 03:20:41 #5 type] 
Type domain.Mugimendua is not enhanced.

[2026-04-07 03:20:41 #6 type] 
Type domain.Sale is not enhanced.

[2026-04-07 03:20:41 #7 type] 
Type domain.Txartela is not enhanced.

------------------------------------------------------------------------------------------------------------------------

[2026-04-07 03:22:05 #1 store] 
Database '/home/bolo/git/lehenbizikoIterazioa/src/main/resources/products.temp' is opened by 36553@ubuntu

[2026-04-07 03:22:05 #2 type] 
Type domain.User is not enhanced.

[2026-04-07 03:22:05 #3 type] 
Type domain.Erreklamazioa is not enhanced.

[2026-04-07 03:22:05 #4 type] 
Type domain.Salaketa is not enhanced.

[2026-04-07 03:22:05 #5 type] 
Type domain.Mugimendua is not enhanced.

[2026-04-07 03:22:05 #6 type] 
Type domain.Sale is not enhanced.

[2026-04-07 03:22:05 #7 type] 
Type domain.Txartela is not enhanced.

------------------------------------------------------------------------------------------------------------------------

[2026-04-07 03:24:24 #1 store] 
Database '/home/bolo/git/lehenbizikoIterazioa/src/main/resources/products.temp' has been recovered (tr. 12-15)

[2026-04-07 03:24:24 #2 store] 
Database '/home/bolo/git/lehenbizikoIterazioa/src/main/resources/products.temp' is opened by 36745@ubuntu

[2026-04-07 03:24:24 #3 type] 
Type domain.User is not enhanced.

[2026-04-07 03:24:24 #4 type] 
Type domain.Erreklamazioa is not enhanced.

[2026-04-07 03:24:24 #5 type] 
Type domain.Salaketa is not enhanced.

[2026-04-07 03:24:24 #6 type] 
Type domain.Mugimendua is not enhanced.

[2026-04-07 03:24:24 #7 type] 
Type domain.Sale is not enhanced.

[2026-04-07 03:24:24 #8 type] 
Type domain.Txartela is not enhanced.

------------------------------------------------------------------------------------------------------------------------

[2026-04-07 13:30:54 #1 store] 
Database '/home/bolo/git/lehenbizikoIterazioa/src/main/resources/products.temp' is opened by 5995@ubuntu

[2026-04-07 13:30:54 #2 type] 
Type domain.User is not enhanced.

[2026-04-07 13:30:54 #3 type] 
Type domain.Erreklamazioa is not enhanced.

[2026-04-07 13:30:54 #4 type] 
Type domain.Salaketa is not enhanced.

[2026-04-07 13:30:54 #5 type] 
Type domain.Mugimendua is not enhanced.

[2026-04-07 13:30:54 #6 type] 
Type domain.Sale is not enhanced.

[2026-04-07 13:30:54 #7 type] 
Type domain.Txartela is not enhanced.

------------------------------------------------------------------------------------------------------------------------

[2026-04-07 13:35:10 #1 store] 
Database '/home/bolo/git/lehenbizikoIterazioa/src/main/resources/products.temp' has been recovered (tr. 16-24)

[2026-04-07 13:35:10 #2 store] 
Database '/home/bolo/git/lehenbizikoIterazioa/src/main/resources/products.temp' is opened by 6508@ubuntu

[2026-04-07 13:35:10 #3 type] 
Type domain.User is not enhanced.

[2026-04-07 13:35:10 #4 type] 
Type domain.Erreklamazioa is not enhanced.

[2026-04-07 13:35:10 #5 type] 
Type domain.Salaketa is not enhanced.

[2026-04-07 13:35:10 #6 type] 
Type domain.Mugimendua is not enhanced.

[2026-04-07 13:35:10 #7 type] 
Type domain.Sale is not enhanced.

[2026-04-07 13:35:10 #8 type] 
Type domain.Txartela is not enhanced.

------------------------------------------------------------------------------------------------------------------------

[2026-04-07 13:37:18 #1 store] 
Database '/home/bolo/git/lehenbizikoIterazioa/src/main/resources/products.temp' has been recovered (tr. 25-28)

[2026-04-07 13:37:18 #2 store] 
Database '/home/bolo/git/lehenbizikoIterazioa/src/main/resources/products.temp' is opened by 6699@ubuntu

[2026-04-07 13:37:18 #3 type] 
Type domain.User is not enhanced.

[2026-04-07 13:37:18 #4 type] 
Type domain.Erreklamazioa is not enhanced.

[2026-04-07 13:37:18 #5 type] 
Type domain.Salaketa is not enhanced.

[2026-04-07 13:37:18 #6 type] 
Type domain.Mugimendua is not enhanced.

[2026-04-07 13:37:18 #7 type] 
Type domain.Sale is not enhanced.

[2026-04-07 13:37:18 #8 type] 
Type domain.Txartela is not enhanced.

------------------------------------------------------------------------------------------------------------------------

[2026-04-07 13:38:01 #1 store] 
Database '/home/bolo/git/lehenbizikoIterazioa/src/main/resources/products.temp' has been recovered (tr. 29-29)

[2026-04-07 13:38:01 #2 store] 
Database '/home/bolo/git/lehenbizikoIterazioa/src/main/resources/products.temp' is opened by 6792@ubuntu

[2026-04-07 13:38:01 #3 type] 
Type domain.User is not enhanced.

[2026-04-07 13:38:01 #4 type] 
Type domain.Erreklamazioa is not enhanced.

[2026-04-07 13:38:01 #5 type] 
Type domain.Salaketa is not enhanced.

[2026-04-07 13:38:01 #6 type] 
Type domain.Mugimendua is not enhanced.

[2026-04-07 13:38:01 #7 type] 
Type domain.Sale is not enhanced.

[2026-04-07 13:38:01 #8 type] 
Type domain.Txartela is not enhanced.

------------------------------------------------------------------------------------------------------------------------

[2026-04-07 13:38:49 #1 store] 
Database '/home/bolo/git/lehenbizikoIterazioa/src/main/resources/products.temp' has been recovered (tr. 30-31)

[2026-04-07 13:38:49 #2 store] 
Database '/home/bolo/git/lehenbizikoIterazioa/src/main/resources/products.temp' is opened by 6915@ubuntu

[2026-04-07 13:38:49 #3 type] 
Type domain.User is not enhanced.

[2026-04-07 13:38:49 #4 type] 
Type domain.Erreklamazioa is not enhanced.

[2026-04-07 13:38:49 #5 type] 
Type domain.Salaketa is not enhanced.

[2026-04-07 13:38:49 #6 type] 
Type domain.Mugimendua is not enhanced.

[2026-04-07 13:38:49 #7 type] 
Type domain.Sale is not enhanced.

[2026-04-07 13:38:49 #8 type] 
Type domain.Txartela is not enhanced.

------------------------------------------------------------------------------------------------------------------------

[2026-04-07 13:39:58 #1 store] 
Database '/home/bolo/git/lehenbizikoIterazioa/src/main/resources/products.temp' has been recovered (tr. 32-38)

[2026-04-07 13:39:58 #2 store] 
Database '/home/bolo/git/lehenbizikoIterazioa/src/main/resources/products.temp' is opened by 7021@ubuntu

[2026-04-07 13:39:58 #3 type] 
Type domain.User is not enhanced.

[2026-04-07 13:39:58 #4 type] 
Type domain.Erreklamazioa is not enhanced.

[2026-04-07 13:39:58 #5 type] 
Type domain.Salaketa is not enhanced.

[2026-04-07 13:39:58 #6 type] 
Type domain.Mugimendua is not enhanced.

[2026-04-07 13:39:58 #7 type] 
Type domain.Sale is not enhanced.

[2026-04-07 13:39:58 #8 type] 
Type domain.Txartela is not enhanced.

------------------------------------------------------------------------------------------------------------------------

[2026-04-07 14:18:11 #1 store] 
Database '/home/bolo/git/lehenbizikoIterazioa/src/main/resources/products.temp' is opened by 11349@ubuntu

[2026-04-07 14:18:11 #2 type] 
Type domain.User is not enhanced.

[2026-04-07 14:18:11 #3 type] 
Type domain.Erreklamazioa is not enhanced.

[2026-04-07 14:18:11 #4 type] 
Type domain.Salaketa is not enhanced.

[2026-04-07 14:18:11 #5 type] 
Type domain.Mugimendua is not enhanced.

[2026-04-07 14:18:11 #6 type] 
Type domain.Sale is not enhanced.

[2026-04-07 14:18:11 #7 type] 
Type domain.Txartela is not enhanced.

------------------------------------------------------------------------------------------------------------------------

[2026-04-07 14:19:40 #1 store] 
Database '/home/bolo/git/lehenbizikoIterazioa/src/main/resources/products.temp' has been recovered (tr. 39-40)

[2026-04-07 14:19:41 #2 store] 
Database '/home/bolo/git/lehenbizikoIterazioa/src/main/resources/products.temp' is opened by 11445@ubuntu

[2026-04-07 14:19:41 #3 type] 
Type domain.User is not enhanced.

[2026-04-07 14:19:41 #4 type] 
Type domain.Erreklamazioa is not enhanced.

[2026-04-07 14:19:41 #5 type] 
Type domain.Salaketa is not enhanced.

[2026-04-07 14:19:41 #6 type] 
Type domain.Mugimendua is not enhanced.

[2026-04-07 14:19:41 #7 type] 
Type domain.Sale is not enhanced.

[2026-04-07 14:19:41 #8 type] 
Type domain.Txartela is not enhanced.

------------------------------------------------------------------------------------------------------------------------

[2026-04-07 14:19:48 #1 store] 
Database '/home/bolo/git/lehenbizikoIterazioa/src/main/resources/products.temp' is opened by 11492@ubuntu

[2026-04-07 14:19:48 #2 type] 
Type domain.User is not enhanced.

[2026-04-07 14:19:48 #3 type] 
Type domain.Erreklamazioa is not enhanced.

[2026-04-07 14:19:48 #4 type] 
Type domain.Salaketa is not enhanced.

[2026-04-07 14:19:48 #5 type] 
Type domain.Mugimendua is not enhanced.

[2026-04-07 14:19:48 #6 type] 
Type domain.Sale is not enhanced.

[2026-04-07 14:19:48 #7 type] 
Type domain.Txartela is not enhanced.

------------------------------------------------------------------------------------------------------------------------

[2026-04-07 16:16:10 #1 store] 
Database '/home/bolo/git/lehenbizikoIterazioa/src/main/resources/products.temp' has been recovered (tr. 41-41)

[2026-04-07 16:16:10 #2 store] 
Database '/home/bolo/git/lehenbizikoIterazioa/src/main/resources/products.temp' is opened by 17383@ubuntu

[2026-04-07 16:16:10 #3 type] 
Type domain.User is not enhanced.

[2026-04-07 16:16:10 #4 type] 
Type domain.Erreklamazioa is not enhanced.

[2026-04-07 16:16:10 #5 type] 
Type domain.Salaketa is not enhanced.

[2026-04-07 16:16:10 #6 type] 
Type domain.Mugimendua is not enhanced.

[2026-04-07 16:16:10 #7 type] 
Type domain.Sale is not enhanced.

[2026-04-07 16:16:10 #8 type] 
Type domain.Txartela is not enhanced.

[2026-04-07 16:16:15 #9 type.registry] 
New type domain.Arduraduna

[2026-04-07 16:16:15 #10 type] 
Type domain.Arduraduna is not enhanced.

------------------------------------------------------------------------------------------------------------------------

[2026-04-07 16:19:18 #1 store] 
Database '/home/bolo/git/lehenbizikoIterazioa/src/main/resources/products.temp' has been recovered (tr. 42-42)

[2026-04-07 16:19:18 #2 store] 
Database '/home/bolo/git/lehenbizikoIterazioa/src/main/resources/products.temp' is opened by 17823@ubuntu

[2026-04-07 16:19:18 #3 type] 
Type domain.User is not enhanced.

[2026-04-07 16:19:18 #4 type] 
Type domain.Erreklamazioa is not enhanced.

[2026-04-07 16:19:18 #5 type] 
Type domain.Salaketa is not enhanced.

[2026-04-07 16:19:18 #6 type] 
Type domain.Mugimendua is not enhanced.

[2026-04-07 16:19:18 #7 type] 
Type domain.Sale is not enhanced.

[2026-04-07 16:19:18 #8 type] 
Type domain.Txartela is not enhanced.

[2026-04-07 16:19:18 #9 type] 
Type domain.Arduraduna is not enhanced.

------------------------------------------------------------------------------------------------------------------------

[2026-04-07 16:19:42 #1 store] 
Database '/home/bolo/git/lehenbizikoIterazioa/src/main/resources/products.temp' is opened by 17882@ubuntu

[2026-04-07 16:19:42 #2 type] 
Type domain.User is not enhanced.

[2026-04-07 16:19:42 #3 type] 
Type domain.Erreklamazioa is not enhanced.

[2026-04-07 16:19:42 #4 type] 
Type domain.Salaketa is not enhanced.

[2026-04-07 16:19:42 #5 type] 
Type domain.Mugimendua is not enhanced.

[2026-04-07 16:19:42 #6 type] 
Type domain.Sale is not enhanced.

[2026-04-07 16:19:42 #7 type] 
Type domain.Txartela is not enhanced.

[2026-04-07 16:19:42 #8 type] 
Type domain.Arduraduna is not enhanced.

------------------------------------------------------------------------------------------------------------------------

[2026-04-07 16:21:06 #1 store] 
Database '/home/bolo/git/lehenbizikoIterazioa/src/main/resources/products.temp' is opened by 18166@ubuntu

[2026-04-07 16:21:06 #2 type.registry] 
New type domain.User

[2026-04-07 16:21:06 #3 type] 
Type domain.User is not enhanced.

[2026-04-07 16:21:06 #4 type.registry] 
New type domain.Erreklamazioa

[2026-04-07 16:21:06 #5 type.registry] 
New type domain.Salaketa

[2026-04-07 16:21:06 #6 type.registry] 
New type domain.Mugimendua

[2026-04-07 16:21:06 #7 type.registry] 
New type domain.Sale

[2026-04-07 16:21:06 #8 type.registry] 
New type domain.Txartela

[2026-04-07 16:21:06 #9 type] 
Type domain.Erreklamazioa is not enhanced.

[2026-04-07 16:21:06 #10 type] 
Type domain.Salaketa is not enhanced.

[2026-04-07 16:21:06 #11 type] 
Type domain.Mugimendua is not enhanced.

[2026-04-07 16:21:06 #12 type] 
Type domain.Sale is not enhanced.

[2026-04-07 16:21:06 #13 type] 
Type domain.Txartela is not enhanced.

[2026-04-07 16:21:06 #14 type.registry] 
New type domain.Arduraduna

[2026-04-07 16:21:06 #15 type] 
Type domain.Arduraduna is not enhanced.

[2026-04-07 16:21:06 #16 type.registry] 
New type java.util.ArrayList<java.lang.Object>

[2026-04-07 16:21:06 #17 type.registry] 
New type java.util.ArrayList<domain.Sale>

[2026-04-07 16:21:06 #18 type.registry] 
New type java.util.ArrayList<domain.Mugimendua>

[2026-04-07 16:21:06 #19 type.registry] 
New type java.util.ArrayList<domain.Salaketa>

[2026-04-07 16:21:06 #20 type.registry] 
New type java.util.ArrayList<domain.Erreklamazioa>

------------------------------------------------------------------------------------------------------------------------

[2026-04-07 16:21:14 #1 store] 
Database '/home/bolo/git/lehenbizikoIterazioa/src/main/resources/products.temp' has been recovered (tr. 1-10)

[2026-04-07 16:21:14 #2 store] 
Database '/home/bolo/git/lehenbizikoIterazioa/src/main/resources/products.temp' is opened by 18239@ubuntu

[2026-04-07 16:21:15 #3 type] 
Type domain.User is not enhanced.

[2026-04-07 16:21:15 #4 type] 
Type domain.Erreklamazioa is not enhanced.

[2026-04-07 16:21:15 #5 type] 
Type domain.Salaketa is not enhanced.

[2026-04-07 16:21:15 #6 type] 
Type domain.Mugimendua is not enhanced.

[2026-04-07 16:21:15 #7 type] 
Type domain.Sale is not enhanced.

[2026-04-07 16:21:15 #8 type] 
Type domain.Txartela is not enhanced.

[2026-04-07 16:21:15 #9 type] 
Type domain.Arduraduna is not enhanced.

------------------------------------------------------------------------------------------------------------------------

[2026-04-07 16:21:28 #1 store] 
Database '/home/bolo/git/lehenbizikoIterazioa/src/main/resources/products.temp' is opened by 18301@ubuntu

[2026-04-07 16:21:28 #2 type] 
Type domain.User is not enhanced.

[2026-04-07 16:21:28 #3 type] 
Type domain.Erreklamazioa is not enhanced.

[2026-04-07 16:21:28 #4 type] 
Type domain.Salaketa is not enhanced.

[2026-04-07 16:21:28 #5 type] 
Type domain.Mugimendua is not enhanced.

[2026-04-07 16:21:28 #6 type] 
Type domain.Sale is not enhanced.

[2026-04-07 16:21:28 #7 type] 
Type domain.Txartela is not enhanced.

[2026-04-07 16:21:28 #8 type] 
Type domain.Arduraduna is not enhanced.

------------------------------------------------------------------------------------------------------------------------

[2026-04-07 16:23:02 #1 store] 
Database '/home/bolo/git/lehenbizikoIterazioa/src/main/resources/products.temp' is opened by 18559@ubuntu

[2026-04-07 16:23:03 #2 type] 
Type domain.User is not enhanced.

[2026-04-07 16:23:03 #3 type] 
Type domain.Erreklamazioa is not enhanced.

[2026-04-07 16:23:03 #4 type] 
Type domain.Salaketa is not enhanced.

[2026-04-07 16:23:03 #5 type] 
Type domain.Mugimendua is not enhanced.

[2026-04-07 16:23:03 #6 type] 
Type domain.Sale is not enhanced.

[2026-04-07 16:23:03 #7 type] 
Type domain.Txartela is not enhanced.

[2026-04-07 16:23:03 #8 type] 
Type domain.Arduraduna is not enhanced.

------------------------------------------------------------------------------------------------------------------------

[2026-04-07 16:24:20 #1 store] 
Database '/home/bolo/git/lehenbizikoIterazioa/src/main/resources/products.temp' is opened by 18735@ubuntu

[2026-04-07 16:24:20 #2 type] 
Type domain.User is not enhanced.

[2026-04-07 16:24:20 #3 type] 
Type domain.Erreklamazioa is not enhanced.

[2026-04-07 16:24:20 #4 type] 
Type domain.Salaketa is not enhanced.

[2026-04-07 16:24:20 #5 type] 
Type domain.Mugimendua is not enhanced.

[2026-04-07 16:24:20 #6 type] 
Type domain.Sale is not enhanced.

[2026-04-07 16:24:20 #7 type] 
Type domain.Txartela is not enhanced.

[2026-04-07 16:24:20 #8 type] 
Type domain.Arduraduna is not enhanced.

------------------------------------------------------------------------------------------------------------------------

[2026-04-07 16:24:59 #1 store] 
Database '/home/bolo/git/lehenbizikoIterazioa/src/main/resources/products.temp' is opened by 18816@ubuntu

[2026-04-07 16:24:59 #2 type.registry] 
New type domain.User

[2026-04-07 16:24:59 #3 type] 
Type domain.User is not enhanced.

[2026-04-07 16:24:59 #4 type.registry] 
New type domain.Erreklamazioa

[2026-04-07 16:24:59 #5 type.registry] 
New type domain.Salaketa

[2026-04-07 16:24:59 #6 type.registry] 
New type domain.Mugimendua

[2026-04-07 16:24:59 #7 type.registry] 
New type domain.Sale

[2026-04-07 16:24:59 #8 type.registry] 
New type domain.Txartela

[2026-04-07 16:24:59 #9 type] 
Type domain.Erreklamazioa is not enhanced.

[2026-04-07 16:24:59 #10 type] 
Type domain.Salaketa is not enhanced.

[2026-04-07 16:24:59 #11 type] 
Type domain.Mugimendua is not enhanced.

[2026-04-07 16:24:59 #12 type] 
Type domain.Sale is not enhanced.

[2026-04-07 16:24:59 #13 type] 
Type domain.Txartela is not enhanced.

[2026-04-07 16:24:59 #14 type.registry] 
New type domain.Arduraduna

[2026-04-07 16:24:59 #15 type] 
Type domain.Arduraduna is not enhanced.

[2026-04-07 16:24:59 #16 type.registry] 
New type java.util.ArrayList<java.lang.Object>

[2026-04-07 16:24:59 #17 type.registry] 
New type java.util.ArrayList<domain.Sale>

[2026-04-07 16:25:00 #18 type.registry] 
New type java.util.ArrayList<domain.Mugimendua>

[2026-04-07 16:25:00 #19 type.registry] 
New type java.util.ArrayList<domain.Salaketa>

[2026-04-07 16:25:00 #20 type.registry] 
New type java.util.ArrayList<domain.Erreklamazioa>

------------------------------------------------------------------------------------------------------------------------

[2026-04-07 16:25:05 #1 store] 
Database '/home/bolo/git/lehenbizikoIterazioa/src/main/resources/products.temp' has been recovered (tr. 1-10)

[2026-04-07 16:25:05 #2 store] 
Database '/home/bolo/git/lehenbizikoIterazioa/src/main/resources/products.temp' is opened by 18876@ubuntu

[2026-04-07 16:25:06 #3 type] 
Type domain.User is not enhanced.

[2026-04-07 16:25:06 #4 type] 
Type domain.Erreklamazioa is not enhanced.

[2026-04-07 16:25:06 #5 type] 
Type domain.Salaketa is not enhanced.

[2026-04-07 16:25:06 #6 type] 
Type domain.Mugimendua is not enhanced.

[2026-04-07 16:25:06 #7 type] 
Type domain.Sale is not enhanced.

[2026-04-07 16:25:06 #8 type] 
Type domain.Txartela is not enhanced.

[2026-04-07 16:25:06 #9 type] 
Type domain.Arduraduna is not enhanced.

------------------------------------------------------------------------------------------------------------------------

[2026-04-07 16:25:33 #1 store] 
Database '/home/bolo/git/lehenbizikoIterazioa/src/main/resources/products.temp' is opened by 18949@ubuntu

[2026-04-07 16:25:34 #2 type] 
Type domain.User is not enhanced.

[2026-04-07 16:25:34 #3 type] 
Type domain.Erreklamazioa is not enhanced.

[2026-04-07 16:25:34 #4 type] 
Type domain.Salaketa is not enhanced.

[2026-04-07 16:25:34 #5 type] 
Type domain.Mugimendua is not enhanced.

[2026-04-07 16:25:34 #6 type] 
Type domain.Sale is not enhanced.

[2026-04-07 16:25:34 #7 type] 
Type domain.Txartela is not enhanced.

[2026-04-07 16:25:34 #8 type] 
Type domain.Arduraduna is not enhanced.

------------------------------------------------------------------------------------------------------------------------

[2026-04-07 16:28:09 #1 store] 
Database '/home/bolo/git/lehenbizikoIterazioa/src/main/resources/products.temp' is opened by 19201@ubuntu

[2026-04-07 16:28:09 #2 type] 
Type domain.User is not enhanced.

[2026-04-07 16:28:09 #3 type] 
Type domain.Erreklamazioa is not enhanced.

[2026-04-07 16:28:09 #4 type] 
Type domain.Salaketa is not enhanced.

[2026-04-07 16:28:09 #5 type] 
Type domain.Mugimendua is not enhanced.

[2026-04-07 16:28:09 #6 type] 
Type domain.Sale is not enhanced.

[2026-04-07 16:28:09 #7 type] 
Type domain.Txartela is not enhanced.

[2026-04-07 16:28:09 #8 type] 
Type domain.Arduraduna is not enhanced.

------------------------------------------------------------------------------------------------------------------------

[2026-04-07 16:28:34 #1 store] 
Database '/home/bolo/git/lehenbizikoIterazioa/src/main/resources/products.temp' is opened by 19308@ubuntu

[2026-04-07 16:28:34 #2 type] 
Type domain.User is not enhanced.

[2026-04-07 16:28:34 #3 type] 
Type domain.Erreklamazioa is not enhanced.

[2026-04-07 16:28:34 #4 type] 
Type domain.Salaketa is not enhanced.

[2026-04-07 16:28:34 #5 type] 
Type domain.Mugimendua is not enhanced.

[2026-04-07 16:28:34 #6 type] 
Type domain.Sale is not enhanced.

[2026-04-07 16:28:34 #7 type] 
Type domain.Txartela is not enhanced.

[2026-04-07 16:28:34 #8 type] 
Type domain.Arduraduna is not enhanced.

------------------------------------------------------------------------------------------------------------------------

[2026-04-07 16:31:00 #1 store] 
Database '/home/bolo/git/lehenbizikoIterazioa/src/main/resources/products.temp' has been recovered (tr. 11-11)

[2026-04-07 16:31:00 #2 store] 
Database '/home/bolo/git/lehenbizikoIterazioa/src/main/resources/products.temp' is opened by 19520@ubuntu

[2026-04-07 16:31:00 #3 type] 
Type domain.User is not enhanced.

[2026-04-07 16:31:00 #4 type] 
Type domain.Erreklamazioa is not enhanced.

[2026-04-07 16:31:00 #5 type] 
Type domain.Salaketa is not enhanced.

[2026-04-07 16:31:00 #6 type] 
Type domain.Mugimendua is not enhanced.

[2026-04-07 16:31:00 #7 type] 
Type domain.Sale is not enhanced.

[2026-04-07 16:31:00 #8 type] 
Type domain.Txartela is not enhanced.

[2026-04-07 16:31:00 #9 type] 
Type domain.Arduraduna is not enhanced.

------------------------------------------------------------------------------------------------------------------------

[2026-04-07 16:32:02 #1 store] 
Database '/home/bolo/git/lehenbizikoIterazioa/src/main/resources/products.temp' is opened by 19669@ubuntu

[2026-04-07 16:32:02 #2 type] 
Type domain.User is not enhanced.

[2026-04-07 16:32:02 #3 type] 
Type domain.Erreklamazioa is not enhanced.

[2026-04-07 16:32:02 #4 type] 
Type domain.Salaketa is not enhanced.

[2026-04-07 16:32:02 #5 type] 
Type domain.Mugimendua is not enhanced.

[2026-04-07 16:32:02 #6 type] 
Type domain.Sale is not enhanced.

[2026-04-07 16:32:02 #7 type] 
Type domain.Txartela is not enhanced.

[2026-04-07 16:32:02 #8 type] 
Type domain.Arduraduna is not enhanced.

------------------------------------------------------------------------------------------------------------------------

[2026-04-07 16:32:10 #1 store] 
Database '/home/bolo/git/lehenbizikoIterazioa/src/main/resources/products.temp' is opened by 19719@ubuntu

[2026-04-07 16:32:10 #2 type] 
Type domain.User is not enhanced.

[2026-04-07 16:32:10 #3 type] 
Type domain.Erreklamazioa is not enhanced.

[2026-04-07 16:32:10 #4 type] 
Type domain.Salaketa is not enhanced.

[2026-04-07 16:32:10 #5 type] 
Type domain.Mugimendua is not enhanced.

[2026-04-07 16:32:10 #6 type] 
Type domain.Sale is not enhanced.

[2026-04-07 16:32:10 #7 type] 
Type domain.Txartela is not enhanced.

[2026-04-07 16:32:10 #8 type] 
Type domain.Arduraduna is not enhanced.

------------------------------------------------------------------------------------------------------------------------

[2026-04-07 16:37:05 #1 store] 
Database '/home/bolo/git/lehenbizikoIterazioa/src/main/resources/products.temp' is opened by 20174@ubuntu

[2026-04-07 16:37:05 #2 type] 
Type domain.User is not enhanced.

[2026-04-07 16:37:05 #3 type] 
Type domain.Erreklamazioa is not enhanced.

[2026-04-07 16:37:05 #4 type] 
Type domain.Salaketa is not enhanced.

[2026-04-07 16:37:05 #5 type] 
Type domain.Mugimendua is not enhanced.

[2026-04-07 16:37:05 #6 type] 
Type domain.Sale is not enhanced.

[2026-04-07 16:37:05 #7 type] 
Type domain.Txartela is not enhanced.

[2026-04-07 16:37:05 #8 type] 
Type domain.Arduraduna is not enhanced.

------------------------------------------------------------------------------------------------------------------------

[2026-04-07 16:40:18 #1 store] 
Database '/home/bolo/git/lehenbizikoIterazioa/src/main/resources/products.temp' is opened by 20401@ubuntu

[2026-04-07 16:40:18 #2 type] 
Type domain.User is not enhanced.

[2026-04-07 16:40:18 #3 type] 
Type domain.Erreklamazioa is not enhanced.

[2026-04-07 16:40:18 #4 type] 
Type domain.Salaketa is not enhanced.

[2026-04-07 16:40:18 #5 type] 
Type domain.Mugimendua is not enhanced.

[2026-04-07 16:40:18 #6 type] 
Type domain.Sale is not enhanced.

[2026-04-07 16:40:18 #7 type] 
Type domain.Txartela is not enhanced.

[2026-04-07 16:40:18 #8 type] 
Type domain.Arduraduna is not enhanced.

------------------------------------------------------------------------------------------------------------------------

[2026-04-07 16:40:23 #1 store] 
Database '/home/bolo/git/lehenbizikoIterazioa/src/main/resources/products.temp' is opened by 20490@ubuntu

[2026-04-07 16:40:23 #2 type] 
Type domain.User is not enhanced.

[2026-04-07 16:40:23 #3 type] 
Type domain.Erreklamazioa is not enhanced.

[2026-04-07 16:40:23 #4 type] 
Type domain.Salaketa is not enhanced.

[2026-04-07 16:40:23 #5 type] 
Type domain.Mugimendua is not enhanced.

[2026-04-07 16:40:23 #6 type] 
Type domain.Sale is not enhanced.

[2026-04-07 16:40:23 #7 type] 
Type domain.Txartela is not enhanced.

[2026-04-07 16:40:23 #8 type] 
Type domain.Arduraduna is not enhanced.

------------------------------------------------------------------------------------------------------------------------

[2026-04-07 16:40:27 #1 store] 
Database '/home/bolo/git/lehenbizikoIterazioa/src/main/resources/products.temp' is opened by 20532@ubuntu

[2026-04-07 16:40:27 #2 type] 
Type domain.User is not enhanced.

[2026-04-07 16:40:27 #3 type] 
Type domain.Erreklamazioa is not enhanced.

[2026-04-07 16:40:27 #4 type] 
Type domain.Salaketa is not enhanced.

[2026-04-07 16:40:27 #5 type] 
Type domain.Mugimendua is not enhanced.

[2026-04-07 16:40:27 #6 type] 
Type domain.Sale is not enhanced.

[2026-04-07 16:40:27 #7 type] 
Type domain.Txartela is not enhanced.

[2026-04-07 16:40:27 #8 type] 
Type domain.Arduraduna is not enhanced.

------------------------------------------------------------------------------------------------------------------------

[2026-04-07 16:41:49 #1 store] 
Database '/home/bolo/git/lehenbizikoIterazioa/src/main/resources/products.temp' is opened by 20702@ubuntu

[2026-04-07 16:41:49 #2 type] 
Type domain.User is not enhanced.

[2026-04-07 16:41:49 #3 type] 
Type domain.Erreklamazioa is not enhanced.

[2026-04-07 16:41:49 #4 type] 
Type domain.Salaketa is not enhanced.

[2026-04-07 16:41:49 #5 type] 
Type domain.Mugimendua is not enhanced.

[2026-04-07 16:41:49 #6 type] 
Type domain.Sale is not enhanced.

[2026-04-07 16:41:49 #7 type] 
Type domain.Txartela is not enhanced.

[2026-04-07 16:41:49 #8 type] 
Type domain.Arduraduna is not enhanced.

------------------------------------------------------------------------------------------------------------------------

[2026-04-07 16:41:58 #1 store] 
Database '/home/bolo/git/lehenbizikoIterazioa/src/main/resources/products.temp' is opened by 20750@ubuntu

[2026-04-07 16:41:58 #2 type] 
Type domain.User is not enhanced.

[2026-04-07 16:41:58 #3 type] 
Type domain.Erreklamazioa is not enhanced.

[2026-04-07 16:41:58 #4 type] 
Type domain.Salaketa is not enhanced.

[2026-04-07 16:41:58 #5 type] 
Type domain.Mugimendua is not enhanced.

[2026-04-07 16:41:58 #6 type] 
Type domain.Sale is not enhanced.

[2026-04-07 16:41:58 #7 type] 
Type domain.Txartela is not enhanced.

[2026-04-07 16:41:58 #8 type] 
Type domain.Arduraduna is not enhanced.

------------------------------------------------------------------------------------------------------------------------

[2026-04-07 16:45:58 #1 store] 
Database '/home/bolo/git/lehenbizikoIterazioa/src/main/resources/products.temp' is opened by 21021@ubuntu

[2026-04-07 16:45:58 #2 type] 
Type domain.User is not enhanced.

[2026-04-07 16:45:58 #3 type] 
Type domain.Erreklamazioa is not enhanced.

[2026-04-07 16:45:58 #4 type] 
Type domain.Salaketa is not enhanced.

[2026-04-07 16:45:58 #5 type] 
Type domain.Mugimendua is not enhanced.

[2026-04-07 16:45:58 #6 type] 
Type domain.Sale is not enhanced.

[2026-04-07 16:45:58 #7 type] 
Type domain.Txartela is not enhanced.

[2026-04-07 16:45:58 #8 type] 
Type domain.Arduraduna is not enhanced.

------------------------------------------------------------------------------------------------------------------------

[2026-04-07 16:46:09 #1 store] 
Database '/home/bolo/git/lehenbizikoIterazioa/src/main/resources/products.temp' is opened by 21079@ubuntu

[2026-04-07 16:46:09 #2 type] 
Type domain.User is not enhanced.

[2026-04-07 16:46:09 #3 type] 
Type domain.Erreklamazioa is not enhanced.

[2026-04-07 16:46:09 #4 type] 
Type domain.Salaketa is not enhanced.

[2026-04-07 16:46:09 #5 type] 
Type domain.Mugimendua is not enhanced.

[2026-04-07 16:46:09 #6 type] 
Type domain.Sale is not enhanced.

[2026-04-07 16:46:09 #7 type] 
Type domain.Txartela is not enhanced.

[2026-04-07 16:46:09 #8 type] 
Type domain.Arduraduna is not enhanced.

------------------------------------------------------------------------------------------------------------------------

[2026-04-07 16:49:06 #1 store] 
Database '/home/bolo/git/lehenbizikoIterazioa/src/main/resources/products.temp' is opened by 21538@ubuntu

[2026-04-07 16:49:06 #2 type] 
Type domain.User is not enhanced.

[2026-04-07 16:49:06 #3 type] 
Type domain.Erreklamazioa is not enhanced.

[2026-04-07 16:49:06 #4 type] 
Type domain.Salaketa is not enhanced.

[2026-04-07 16:49:06 #5 type] 
Type domain.Mugimendua is not enhanced.

[2026-04-07 16:49:06 #6 type] 
Type domain.Sale is not enhanced.

[2026-04-07 16:49:06 #7 type] 
Type domain.Txartela is not enhanced.

[2026-04-07 16:49:06 #8 type] 
Type domain.Arduraduna is not enhanced.

------------------------------------------------------------------------------------------------------------------------

[2026-04-07 16:51:38 #1 store] 
Database '/home/bolo/git/lehenbizikoIterazioa/src/main/resources/products.temp' is opened by 21842@ubuntu

[2026-04-07 16:51:38 #2 type] 
Type domain.User is not enhanced.

[2026-04-07 16:51:38 #3 type] 
Type domain.Erreklamazioa is not enhanced.

[2026-04-07 16:51:38 #4 type] 
Type domain.Salaketa is not enhanced.

[2026-04-07 16:51:38 #5 type] 
Type domain.Mugimendua is not enhanced.

[2026-04-07 16:51:38 #6 type] 
Type domain.Sale is not enhanced.

[2026-04-07 16:51:38 #7 type] 
Type domain.Txartela is not enhanced.

[2026-04-07 16:51:38 #8 type] 
Type domain.Arduraduna is not enhanced.

