------------------------------------------------------------------------------------------------------------------------

[2026-03-29 03:08:41 #1 store] 
Database '/home/bolo/git/lehenbizikoIterazioa/src/main/resources/products.temp' is opened by 13998@ubuntu

[2026-03-29 03:08:41 #2 type] 
Type domain.User is not enhanced.

[2026-03-29 03:08:41 #3 type.registry] 
New type domain.Txartela

[2026-03-29 03:08:41 #4 type] 
Type domain.Sale is not enhanced.

[2026-03-29 03:08:41 #5 type] 
Type domain.Txartela is not enhanced.

------------------------------------------------------------------------------------------------------------------------

[2026-03-29 03:31:24 #1 store] 
Database '/home/bolo/git/lehenbizikoIterazioa/src/main/resources/products.temp' has been recovered (tr. 16-16)

[2026-03-29 03:31:24 #2 store] 
Database '/home/bolo/git/lehenbizikoIterazioa/src/main/resources/products.temp' is opened by 15089@ubuntu

[2026-03-29 03:31:24 #3 type] 
Type domain.User is not enhanced.

[2026-03-29 03:31:24 #4 type] 
Type domain.Sale is not enhanced.

[2026-03-29 03:31:24 #5 type] 
Type domain.Txartela is not enhanced.

------------------------------------------------------------------------------------------------------------------------

[2026-03-29 03:59:30 #1 store] 
Database '/home/bolo/git/lehenbizikoIterazioa/src/main/resources/products.temp' is opened by 16045@ubuntu

[2026-03-29 03:59:30 #2 type] 
Type domain.User is not enhanced.

[2026-03-29 03:59:30 #3 type] 
Type domain.Sale is not enhanced.

[2026-03-29 03:59:30 #4 type] 
Type domain.Txartela is not enhanced.

------------------------------------------------------------------------------------------------------------------------

[2026-03-29 04:01:16 #1 store] 
Database '/home/bolo/git/lehenbizikoIterazioa/src/main/resources/products.temp' is opened by 16494@ubuntu

[2026-03-29 04:01:16 #2 type] 
Type domain.User is not enhanced.

[2026-03-29 04:01:16 #3 type] 
Type domain.Sale is not enhanced.

[2026-03-29 04:01:16 #4 type] 
Type domain.Txartela is not enhanced.

------------------------------------------------------------------------------------------------------------------------

[2026-03-29 04:10:28 #1 store] 
Database '/home/bolo/git/lehenbizikoIterazioa/src/main/resources/products.temp' is opened by 17092@ubuntu

[2026-03-29 04:10:28 #2 type] 
Type domain.User is not enhanced.

[2026-03-29 04:10:28 #3 type] 
Type domain.Sale is not enhanced.

[2026-03-29 04:10:28 #4 type] 
Type domain.Txartela is not enhanced.

------------------------------------------------------------------------------------------------------------------------

[2026-03-29 04:14:11 #1 store] 
Database '/home/bolo/git/lehenbizikoIterazioa/src/main/resources/products.temp' is opened by 17234@ubuntu

[2026-03-29 04:14:11 #2 type] 
Type domain.User is not enhanced.

[2026-03-29 04:14:11 #3 type] 
Type domain.Sale is not enhanced.

[2026-03-29 04:14:11 #4 type] 
Type domain.Txartela is not enhanced.

------------------------------------------------------------------------------------------------------------------------

[2026-03-29 04:15:48 #1 store] 
Database '/home/bolo/git/lehenbizikoIterazioa/src/main/resources/products.temp' has been recovered (tr. 17-17)

[2026-03-29 04:15:48 #2 store] 
Database '/home/bolo/git/lehenbizikoIterazioa/src/main/resources/products.temp' is opened by 17362@ubuntu

[2026-03-29 04:15:48 #3 type] 
Type domain.User is not enhanced.

[2026-03-29 04:15:48 #4 type] 
Type domain.Sale is not enhanced.

[2026-03-29 04:15:48 #5 type] 
Type domain.Txartela is not enhanced.

------------------------------------------------------------------------------------------------------------------------

[2026-03-29 04:30:53 #1 store] 
Database '/home/bolo/git/lehenbizikoIterazioa/src/main/resources/products.temp' is opened by 18608@ubuntu

[2026-03-29 04:30:53 #2 type] 
Type domain.User is not enhanced.

[2026-03-29 04:30:53 #3 type] 
Type domain.Sale is not enhanced.

[2026-03-29 04:30:53 #4 type] 
Type domain.Txartela is not enhanced.

------------------------------------------------------------------------------------------------------------------------

[2026-03-29 04:36:54 #1 store] 
Database '/home/bolo/git/lehenbizikoIterazioa/src/main/resources/products.temp' has been recovered (tr. 18-19)

[2026-03-29 04:36:54 #2 store] 
Database '/home/bolo/git/lehenbizikoIterazioa/src/main/resources/products.temp' is opened by 18983@ubuntu

[2026-03-29 04:36:55 #3 type] 
Type domain.User is not enhanced.

[2026-03-29 04:36:55 #4 type] 
Type domain.Sale is not enhanced.

[2026-03-29 04:36:55 #5 type] 
Type domain.Txartela is not enhanced.

------------------------------------------------------------------------------------------------------------------------

[2026-03-29 04:41:09 #1 store] 
Database '/home/bolo/git/lehenbizikoIterazioa/src/main/resources/products.temp' is opened by 19435@ubuntu

[2026-03-29 04:41:09 #2 type.registry] 
New type domain.User

[2026-03-29 04:41:09 #3 type] 
Type domain.User is not enhanced.

[2026-03-29 04:41:09 #4 type.registry] 
New type domain.Sale

[2026-03-29 04:41:09 #5 type.registry] 
New type domain.Txartela

[2026-03-29 04:41:09 #6 type] 
Type domain.Sale is not enhanced.

[2026-03-29 04:41:09 #7 type] 
Type domain.Txartela is not enhanced.

[2026-03-29 04:41:09 #8 type.registry] 
New type java.util.ArrayList<java.lang.Object>

[2026-03-29 04:41:09 #9 type.registry] 
New type java.util.ArrayList<domain.Sale>

------------------------------------------------------------------------------------------------------------------------

[2026-03-29 04:42:08 #1 store] 
Database '/home/bolo/git/lehenbizikoIterazioa/src/main/resources/products.temp' has been recovered (tr. 1-6)

[2026-03-29 04:42:08 #2 store] 
Database '/home/bolo/git/lehenbizikoIterazioa/src/main/resources/products.temp' is opened by 19546@ubuntu

[2026-03-29 04:42:08 #3 type] 
Type domain.User is not enhanced.

[2026-03-29 04:42:08 #4 type] 
Type domain.Sale is not enhanced.

[2026-03-29 04:42:08 #5 type] 
Type domain.Txartela is not enhanced.

