------------------------------------------------------------------------------------------------------------------------

[2026-05-03 00:16:25 #1 store] 
Database '/home/bolo/git/lehenbizikoIterazioa/src/main/resources/products.temp' has been recovered (tr. 29-29)

[2026-05-03 00:16:26 #2 store] 
Database '/home/bolo/git/lehenbizikoIterazioa/src/main/resources/products.temp' is opened by 7844@ubuntu

[2026-05-03 00:16:26 #3 type] 
Type domain.User is not enhanced.

[2026-05-03 00:16:26 #4 type] 
Type domain.Erreklamazioa is not enhanced.

[2026-05-03 00:16:26 #5 type] 
Type domain.Salaketa is not enhanced.

[2026-05-03 00:16:26 #6 type] 
Type domain.Mugimendua is not enhanced.

[2026-05-03 00:16:26 #7 type] 
Type domain.Sale is not enhanced.

[2026-05-03 00:16:26 #8 type] 
Type domain.Txartela is not enhanced.

[2026-05-03 00:16:26 #9 type] 
Type domain.Arduraduna is not enhanced.

------------------------------------------------------------------------------------------------------------------------

[2026-05-03 00:16:50 #1 store] 
Database '/home/bolo/git/lehenbizikoIterazioa/src/main/resources/products.temp' is opened by 7903@ubuntu

[2026-05-03 00:16:50 #2 type] 
Type domain.User is not enhanced.

[2026-05-03 00:16:50 #3 type] 
Type domain.Erreklamazioa is not enhanced.

[2026-05-03 00:16:50 #4 type] 
Type domain.Salaketa is not enhanced.

[2026-05-03 00:16:50 #5 type] 
Type domain.Mugimendua is not enhanced.

[2026-05-03 00:16:50 #6 type] 
Type domain.Sale is not enhanced.

[2026-05-03 00:16:50 #7 type] 
Type domain.Txartela is not enhanced.

[2026-05-03 00:16:50 #8 type] 
Type domain.Arduraduna is not enhanced.

------------------------------------------------------------------------------------------------------------------------

[2026-05-03 00:18:50 #1 store] 
Database '/home/bolo/git/lehenbizikoIterazioa/src/main/resources/products.temp' has been recovered (tr. 30-30)

[2026-05-03 00:18:50 #2 store] 
Database '/home/bolo/git/lehenbizikoIterazioa/src/main/resources/products.temp' is opened by 8075@ubuntu

[2026-05-03 00:18:50 #3 type] 
Type domain.User is not enhanced.

[2026-05-03 00:18:50 #4 type] 
Type domain.Erreklamazioa is not enhanced.

[2026-05-03 00:18:50 #5 type] 
Type domain.Salaketa is not enhanced.

[2026-05-03 00:18:50 #6 type] 
Type domain.Mugimendua is not enhanced.

[2026-05-03 00:18:50 #7 type] 
Type domain.Sale is not enhanced.

[2026-05-03 00:18:50 #8 type] 
Type domain.Txartela is not enhanced.

[2026-05-03 00:18:50 #9 type] 
Type domain.Arduraduna is not enhanced.

------------------------------------------------------------------------------------------------------------------------

[2026-05-03 01:29:52 #1 store] 
Database '/home/bolo/git/lehenbizikoIterazioa/src/main/resources/products.temp' is opened by 21092@ubuntu

[2026-05-03 01:29:52 #2 type] 
Type domain.User is not enhanced.

[2026-05-03 01:29:52 #3 type] 
Type domain.Erreklamazioa is not enhanced.

[2026-05-03 01:29:52 #4 type] 
Type domain.Salaketa is not enhanced.

[2026-05-03 01:29:52 #5 type] 
Type domain.Mugimendua is not enhanced.

[2026-05-03 01:29:52 #6 type] 
Type domain.Sale is not enhanced.

[2026-05-03 01:29:52 #7 type.registry] 
New type domain.Notifikazioa

[2026-05-03 01:29:52 #8 type] 
Type domain.Txartela is not enhanced.

[2026-05-03 01:29:52 #9 type] 
Type domain.Arduraduna is not enhanced.

[2026-05-03 01:29:52 #10 type] 
Type domain.Notifikazioa is not enhanced.

------------------------------------------------------------------------------------------------------------------------

[2026-05-03 01:30:14 #1 store] 
Database '/home/bolo/git/lehenbizikoIterazioa/src/main/resources/products.temp' has been recovered (tr. 31-31)

[2026-05-03 01:30:14 #2 store] 
Database '/home/bolo/git/lehenbizikoIterazioa/src/main/resources/products.temp' is opened by 21184@ubuntu

[2026-05-03 01:30:14 #3 type] 
Type domain.User is not enhanced.

[2026-05-03 01:30:14 #4 type] 
Type domain.Erreklamazioa is not enhanced.

[2026-05-03 01:30:14 #5 type] 
Type domain.Salaketa is not enhanced.

[2026-05-03 01:30:14 #6 type] 
Type domain.Mugimendua is not enhanced.

[2026-05-03 01:30:14 #7 type] 
Type domain.Sale is not enhanced.

[2026-05-03 01:30:14 #8 type] 
Type domain.Txartela is not enhanced.

[2026-05-03 01:30:14 #9 type] 
Type domain.Arduraduna is not enhanced.

[2026-05-03 01:30:14 #10 type] 
Type domain.Notifikazioa is not enhanced.

------------------------------------------------------------------------------------------------------------------------

[2026-05-03 16:04:21 #1 store] 
Database '/home/bolo/git/lehenbizikoIterazioa/src/main/resources/products.temp' is opened by 12289@ubuntu

[2026-05-03 16:04:21 #2 type] 
Type domain.User is not enhanced.

[2026-05-03 16:04:21 #3 type] 
Type domain.Erreklamazioa is not enhanced.

[2026-05-03 16:04:21 #4 type] 
Type domain.Salaketa is not enhanced.

[2026-05-03 16:04:21 #5 type] 
Type domain.Mugimendua is not enhanced.

[2026-05-03 16:04:21 #6 type] 
Type domain.Sale is not enhanced.

[2026-05-03 16:04:21 #7 type] 
Type domain.Txartela is not enhanced.

[2026-05-03 16:04:21 #8 type] 
Type domain.Arduraduna is not enhanced.

[2026-05-03 16:04:21 #9 type] 
Type domain.Notifikazioa is not enhanced.

------------------------------------------------------------------------------------------------------------------------

[2026-05-03 16:05:56 #1 store] 
Database '/home/bolo/git/lehenbizikoIterazioa/src/main/resources/products.temp' is opened by 12794@ubuntu

[2026-05-03 16:05:56 #2 type] 
Type domain.User is not enhanced.

[2026-05-03 16:05:56 #3 type] 
Type domain.Erreklamazioa is not enhanced.

[2026-05-03 16:05:56 #4 type] 
Type domain.Salaketa is not enhanced.

[2026-05-03 16:05:56 #5 type] 
Type domain.Mugimendua is not enhanced.

[2026-05-03 16:05:56 #6 type] 
Type domain.Sale is not enhanced.

[2026-05-03 16:05:56 #7 type] 
Type domain.Txartela is not enhanced.

[2026-05-03 16:05:56 #8 type] 
Type domain.Arduraduna is not enhanced.

[2026-05-03 16:05:56 #9 type] 
Type domain.Notifikazioa is not enhanced.

------------------------------------------------------------------------------------------------------------------------

[2026-05-03 16:06:10 #1 store] 
Database '/home/bolo/git/lehenbizikoIterazioa/src/main/resources/products.temp' is opened by 12859@ubuntu

[2026-05-03 16:06:11 #2 type] 
Type domain.User is not enhanced.

[2026-05-03 16:06:11 #3 type] 
Type domain.Erreklamazioa is not enhanced.

[2026-05-03 16:06:11 #4 type] 
Type domain.Salaketa is not enhanced.

[2026-05-03 16:06:11 #5 type] 
Type domain.Mugimendua is not enhanced.

[2026-05-03 16:06:11 #6 type] 
Type domain.Sale is not enhanced.

[2026-05-03 16:06:11 #7 type] 
Type domain.Txartela is not enhanced.

[2026-05-03 16:06:11 #8 type] 
Type domain.Arduraduna is not enhanced.

[2026-05-03 16:06:11 #9 type] 
Type domain.Notifikazioa is not enhanced.

------------------------------------------------------------------------------------------------------------------------

[2026-05-03 16:07:14 #1 store] 
Database '/home/bolo/git/lehenbizikoIterazioa/src/main/resources/products.temp' is opened by 13068@ubuntu

[2026-05-03 16:07:15 #2 type] 
Type domain.User is not enhanced.

[2026-05-03 16:07:15 #3 type] 
Type domain.Erreklamazioa is not enhanced.

[2026-05-03 16:07:15 #4 type] 
Type domain.Salaketa is not enhanced.

[2026-05-03 16:07:15 #5 type] 
Type domain.Mugimendua is not enhanced.

[2026-05-03 16:07:15 #6 type] 
Type domain.Sale is not enhanced.

[2026-05-03 16:07:15 #7 type] 
Type domain.Txartela is not enhanced.

[2026-05-03 16:07:15 #8 type] 
Type domain.Arduraduna is not enhanced.

[2026-05-03 16:07:15 #9 type] 
Type domain.Notifikazioa is not enhanced.

------------------------------------------------------------------------------------------------------------------------

[2026-05-03 16:09:26 #1 store] 
Database '/home/bolo/git/lehenbizikoIterazioa/src/main/resources/products.temp' is opened by 13390@ubuntu

[2026-05-03 16:09:27 #2 type] 
Type domain.User is not enhanced.

[2026-05-03 16:09:27 #3 type] 
Type domain.Erreklamazioa is not enhanced.

[2026-05-03 16:09:27 #4 type] 
Type domain.Salaketa is not enhanced.

[2026-05-03 16:09:27 #5 type] 
Type domain.Mugimendua is not enhanced.

[2026-05-03 16:09:27 #6 type] 
Type domain.Sale is not enhanced.

[2026-05-03 16:09:27 #7 type] 
Type domain.Txartela is not enhanced.

[2026-05-03 16:09:27 #8 type] 
Type domain.Arduraduna is not enhanced.

[2026-05-03 16:09:27 #9 type] 
Type domain.Notifikazioa is not enhanced.

------------------------------------------------------------------------------------------------------------------------

[2026-05-03 16:10:18 #1 store] 
Database '/home/bolo/git/lehenbizikoIterazioa/src/main/resources/products.temp' is opened by 13505@ubuntu

[2026-05-03 16:10:18 #2 type] 
Type domain.User is not enhanced.

[2026-05-03 16:10:18 #3 type] 
Type domain.Erreklamazioa is not enhanced.

[2026-05-03 16:10:18 #4 type] 
Type domain.Salaketa is not enhanced.

[2026-05-03 16:10:18 #5 type] 
Type domain.Mugimendua is not enhanced.

[2026-05-03 16:10:18 #6 type] 
Type domain.Sale is not enhanced.

[2026-05-03 16:10:18 #7 type] 
Type domain.Txartela is not enhanced.

[2026-05-03 16:10:18 #8 type] 
Type domain.Arduraduna is not enhanced.

[2026-05-03 16:10:18 #9 type] 
Type domain.Notifikazioa is not enhanced.

------------------------------------------------------------------------------------------------------------------------

[2026-05-03 16:11:54 #1 store] 
Database '/home/bolo/git/lehenbizikoIterazioa/src/main/resources/products.temp' is opened by 13723@ubuntu

[2026-05-03 16:11:54 #2 type] 
Type domain.User is not enhanced.

[2026-05-03 16:11:54 #3 type] 
Type domain.Erreklamazioa is not enhanced.

[2026-05-03 16:11:54 #4 type] 
Type domain.Salaketa is not enhanced.

[2026-05-03 16:11:54 #5 type] 
Type domain.Mugimendua is not enhanced.

[2026-05-03 16:11:54 #6 type] 
Type domain.Sale is not enhanced.

[2026-05-03 16:11:54 #7 type] 
Type domain.Txartela is not enhanced.

[2026-05-03 16:11:54 #8 type] 
Type domain.Arduraduna is not enhanced.

[2026-05-03 16:11:54 #9 type] 
Type domain.Notifikazioa is not enhanced.

------------------------------------------------------------------------------------------------------------------------

[2026-05-03 16:12:42 #1 store] 
Database '/home/bolo/git/lehenbizikoIterazioa/src/main/resources/products.temp' is opened by 13809@ubuntu

[2026-05-03 16:12:42 #2 type] 
Type domain.User is not enhanced.

[2026-05-03 16:12:42 #3 type] 
Type domain.Erreklamazioa is not enhanced.

[2026-05-03 16:12:42 #4 type] 
Type domain.Salaketa is not enhanced.

[2026-05-03 16:12:42 #5 type] 
Type domain.Mugimendua is not enhanced.

[2026-05-03 16:12:42 #6 type] 
Type domain.Sale is not enhanced.

[2026-05-03 16:12:42 #7 type] 
Type domain.Txartela is not enhanced.

[2026-05-03 16:12:42 #8 type] 
Type domain.Arduraduna is not enhanced.

[2026-05-03 16:12:42 #9 type] 
Type domain.Notifikazioa is not enhanced.

------------------------------------------------------------------------------------------------------------------------

[2026-05-03 16:14:37 #1 store] 
Database '/home/bolo/git/lehenbizikoIterazioa/src/main/resources/products.temp' is opened by 14094@ubuntu

[2026-05-03 16:14:37 #2 type] 
Type domain.User is not enhanced.

[2026-05-03 16:14:37 #3 type] 
Type domain.Erreklamazioa is not enhanced.

[2026-05-03 16:14:37 #4 type] 
Type domain.Salaketa is not enhanced.

[2026-05-03 16:14:37 #5 type] 
Type domain.Mugimendua is not enhanced.

[2026-05-03 16:14:37 #6 type] 
Type domain.Sale is not enhanced.

[2026-05-03 16:14:37 #7 type] 
Type domain.Txartela is not enhanced.

[2026-05-03 16:14:37 #8 type] 
Type domain.Arduraduna is not enhanced.

[2026-05-03 16:14:37 #9 type] 
Type domain.Notifikazioa is not enhanced.

------------------------------------------------------------------------------------------------------------------------

[2026-05-03 16:14:56 #1 store] 
Database '/home/bolo/git/lehenbizikoIterazioa/src/main/resources/products.temp' is opened by 14163@ubuntu

[2026-05-03 16:14:56 #2 type] 
Type domain.User is not enhanced.

[2026-05-03 16:14:56 #3 type] 
Type domain.Erreklamazioa is not enhanced.

[2026-05-03 16:14:56 #4 type] 
Type domain.Salaketa is not enhanced.

[2026-05-03 16:14:56 #5 type] 
Type domain.Mugimendua is not enhanced.

[2026-05-03 16:14:56 #6 type] 
Type domain.Sale is not enhanced.

[2026-05-03 16:14:56 #7 type] 
Type domain.Txartela is not enhanced.

[2026-05-03 16:14:56 #8 type] 
Type domain.Arduraduna is not enhanced.

[2026-05-03 16:14:56 #9 type] 
Type domain.Notifikazioa is not enhanced.

------------------------------------------------------------------------------------------------------------------------

[2026-05-03 16:21:41 #1 store] 
Database '/home/bolo/git/lehenbizikoIterazioa/src/main/resources/products.temp' has been recovered (tr. 32-33)

[2026-05-03 16:21:41 #2 store] 
Database '/home/bolo/git/lehenbizikoIterazioa/src/main/resources/products.temp' is opened by 17656@ubuntu

[2026-05-03 16:21:41 #3 type] 
Type domain.User is not enhanced.

[2026-05-03 16:21:41 #4 type] 
Type domain.Erreklamazioa is not enhanced.

[2026-05-03 16:21:41 #5 type] 
Type domain.Salaketa is not enhanced.

[2026-05-03 16:21:41 #6 type] 
Type domain.Mugimendua is not enhanced.

[2026-05-03 16:21:41 #7 type] 
Type domain.Sale is not enhanced.

[2026-05-03 16:21:41 #8 type] 
Type domain.Txartela is not enhanced.

[2026-05-03 16:21:41 #9 type] 
Type domain.Arduraduna is not enhanced.

[2026-05-03 16:21:41 #10 type] 
Type domain.Notifikazioa is not enhanced.

------------------------------------------------------------------------------------------------------------------------

[2026-05-03 16:22:25 #1 store] 
Database '/home/bolo/git/lehenbizikoIterazioa/src/main/resources/products.temp' is opened by 17919@ubuntu

[2026-05-03 16:22:26 #2 type] 
Type domain.User is not enhanced.

[2026-05-03 16:22:26 #3 type] 
Type domain.Erreklamazioa is not enhanced.

[2026-05-03 16:22:26 #4 type] 
Type domain.Salaketa is not enhanced.

[2026-05-03 16:22:26 #5 type] 
Type domain.Mugimendua is not enhanced.

[2026-05-03 16:22:26 #6 type] 
Type domain.Sale is not enhanced.

[2026-05-03 16:22:26 #7 type] 
Type domain.Txartela is not enhanced.

[2026-05-03 16:22:26 #8 type] 
Type domain.Arduraduna is not enhanced.

[2026-05-03 16:22:26 #9 type] 
Type domain.Notifikazioa is not enhanced.

------------------------------------------------------------------------------------------------------------------------

[2026-05-03 16:29:17 #1 store] 
Database '/home/bolo/git/lehenbizikoIterazioa/src/main/resources/products.temp' is opened by 19879@ubuntu

[2026-05-03 16:29:17 #2 type] 
Type domain.User is not enhanced.

[2026-05-03 16:29:17 #3 type] 
Type domain.Erreklamazioa is not enhanced.

[2026-05-03 16:29:17 #4 type] 
Type domain.Salaketa is not enhanced.

[2026-05-03 16:29:17 #5 type] 
Type domain.Mugimendua is not enhanced.

[2026-05-03 16:29:17 #6 type] 
Type domain.Sale is not enhanced.

[2026-05-03 16:29:17 #7 type] 
Type domain.Txartela is not enhanced.

[2026-05-03 16:29:17 #8 type] 
Type domain.Arduraduna is not enhanced.

[2026-05-03 16:29:17 #9 type] 
Type domain.Notifikazioa is not enhanced.

------------------------------------------------------------------------------------------------------------------------

[2026-05-03 16:30:33 #1 store] 
Database '/home/bolo/git/lehenbizikoIterazioa/src/main/resources/products.temp' is opened by 20078@ubuntu

[2026-05-03 16:30:33 #2 type] 
Type domain.User is not enhanced.

[2026-05-03 16:30:33 #3 type] 
Type domain.Erreklamazioa is not enhanced.

[2026-05-03 16:30:33 #4 type] 
Type domain.Salaketa is not enhanced.

[2026-05-03 16:30:33 #5 type] 
Type domain.Mugimendua is not enhanced.

[2026-05-03 16:30:33 #6 type] 
Type domain.Sale is not enhanced.

[2026-05-03 16:30:33 #7 type] 
Type domain.Txartela is not enhanced.

[2026-05-03 16:30:33 #8 type] 
Type domain.Arduraduna is not enhanced.

[2026-05-03 16:30:34 #9 type] 
Type domain.Notifikazioa is not enhanced.

------------------------------------------------------------------------------------------------------------------------

[2026-05-03 16:30:49 #1 store] 
Database '/home/bolo/git/lehenbizikoIterazioa/src/main/resources/products.temp' is opened by 20221@ubuntu

[2026-05-03 16:30:49 #2 type.registry] 
New type domain.User

[2026-05-03 16:30:49 #3 type] 
Type domain.User is not enhanced.

[2026-05-03 16:30:49 #4 type.registry] 
New type domain.Erreklamazioa

[2026-05-03 16:30:49 #5 type.registry] 
New type domain.Salaketa

[2026-05-03 16:30:49 #6 type.registry] 
New type domain.Mugimendua

[2026-05-03 16:30:49 #7 type.registry] 
New type domain.Sale

[2026-05-03 16:30:49 #8 type.registry] 
New type domain.Txartela

[2026-05-03 16:30:49 #9 type] 
Type domain.Erreklamazioa is not enhanced.

[2026-05-03 16:30:49 #10 type] 
Type domain.Salaketa is not enhanced.

[2026-05-03 16:30:49 #11 type] 
Type domain.Mugimendua is not enhanced.

[2026-05-03 16:30:49 #12 type] 
Type domain.Sale is not enhanced.

[2026-05-03 16:30:49 #13 type.registry] 
New type domain.Notifikazioa

[2026-05-03 16:30:49 #14 type] 
Type domain.Txartela is not enhanced.

[2026-05-03 16:30:49 #15 type] 
Type domain.Notifikazioa is not enhanced.

[2026-05-03 16:30:49 #16 type.registry] 
New type domain.Arduraduna

[2026-05-03 16:30:49 #17 type] 
Type domain.Arduraduna is not enhanced.

[2026-05-03 16:30:49 #18 type.registry] 
New type java.util.ArrayList<java.lang.Object>

[2026-05-03 16:30:49 #19 type.registry] 
New type java.util.ArrayList<java.lang.String>

[2026-05-03 16:30:49 #20 type.registry] 
New type java.util.ArrayList<domain.Sale>

[2026-05-03 16:30:49 #21 type.registry] 
New type java.util.ArrayList<domain.Mugimendua>

[2026-05-03 16:30:49 #22 type.registry] 
New type java.util.ArrayList<domain.Salaketa>

[2026-05-03 16:30:49 #23 type.registry] 
New type java.util.ArrayList<domain.Erreklamazioa>

------------------------------------------------------------------------------------------------------------------------

[2026-05-03 16:30:58 #1 store] 
Database '/home/bolo/git/lehenbizikoIterazioa/src/main/resources/products.temp' has been recovered (tr. 1-11)

[2026-05-03 16:30:58 #2 store] 
Database '/home/bolo/git/lehenbizikoIterazioa/src/main/resources/products.temp' is opened by 20303@ubuntu

[2026-05-03 16:30:58 #3 type] 
Type domain.User is not enhanced.

[2026-05-03 16:30:58 #4 type] 
Type domain.Erreklamazioa is not enhanced.

[2026-05-03 16:30:58 #5 type] 
Type domain.Salaketa is not enhanced.

[2026-05-03 16:30:58 #6 type] 
Type domain.Mugimendua is not enhanced.

[2026-05-03 16:30:58 #7 type] 
Type domain.Sale is not enhanced.

[2026-05-03 16:30:58 #8 type] 
Type domain.Txartela is not enhanced.

[2026-05-03 16:30:58 #9 type] 
Type domain.Notifikazioa is not enhanced.

[2026-05-03 16:30:58 #10 type] 
Type domain.Arduraduna is not enhanced.

------------------------------------------------------------------------------------------------------------------------

[2026-05-03 16:34:09 #1 store] 
Database '/home/bolo/git/lehenbizikoIterazioa/src/main/resources/products.temp' has been recovered (tr. 12-13)

[2026-05-03 16:34:09 #2 store] 
Database '/home/bolo/git/lehenbizikoIterazioa/src/main/resources/products.temp' is opened by 20741@ubuntu

[2026-05-03 16:34:09 #3 type] 
Type domain.User is not enhanced.

[2026-05-03 16:34:09 #4 type] 
Type domain.Erreklamazioa is not enhanced.

[2026-05-03 16:34:09 #5 type] 
Type domain.Salaketa is not enhanced.

[2026-05-03 16:34:09 #6 type] 
Type domain.Mugimendua is not enhanced.

[2026-05-03 16:34:09 #7 type] 
Type domain.Sale is not enhanced.

[2026-05-03 16:34:09 #8 type] 
Type domain.Txartela is not enhanced.

[2026-05-03 16:34:09 #9 type] 
Type domain.Notifikazioa is not enhanced.

[2026-05-03 16:34:09 #10 type] 
Type domain.Arduraduna is not enhanced.

------------------------------------------------------------------------------------------------------------------------

[2026-05-03 16:35:36 #1 store] 
Database '/home/bolo/git/lehenbizikoIterazioa/src/main/resources/products.temp' is opened by 20959@ubuntu

[2026-05-03 16:35:36 #2 type.registry] 
New type domain.User

[2026-05-03 16:35:36 #3 type] 
Type domain.User is not enhanced.

[2026-05-03 16:35:36 #4 type.registry] 
New type domain.Erreklamazioa

[2026-05-03 16:35:37 #5 type.registry] 
New type domain.Salaketa

[2026-05-03 16:35:37 #6 type.registry] 
New type domain.Mugimendua

[2026-05-03 16:35:37 #7 type.registry] 
New type domain.Sale

[2026-05-03 16:35:37 #8 type.registry] 
New type domain.Txartela

[2026-05-03 16:35:37 #9 type] 
Type domain.Erreklamazioa is not enhanced.

[2026-05-03 16:35:37 #10 type] 
Type domain.Salaketa is not enhanced.

[2026-05-03 16:35:37 #11 type] 
Type domain.Mugimendua is not enhanced.

[2026-05-03 16:35:37 #12 type] 
Type domain.Sale is not enhanced.

[2026-05-03 16:35:37 #13 type.registry] 
New type domain.Notifikazioa

[2026-05-03 16:35:37 #14 type] 
Type domain.Txartela is not enhanced.

[2026-05-03 16:35:37 #15 type] 
Type domain.Notifikazioa is not enhanced.

[2026-05-03 16:35:37 #16 type.registry] 
New type domain.Arduraduna

[2026-05-03 16:35:37 #17 type] 
Type domain.Arduraduna is not enhanced.

[2026-05-03 16:35:37 #18 type.registry] 
New type java.util.ArrayList<java.lang.Object>

[2026-05-03 16:35:37 #19 type.registry] 
New type java.util.ArrayList<java.lang.String>

[2026-05-03 16:35:37 #20 type.registry] 
New type java.util.ArrayList<domain.Sale>

[2026-05-03 16:35:37 #21 type.registry] 
New type java.util.ArrayList<domain.Mugimendua>

[2026-05-03 16:35:37 #22 type.registry] 
New type java.util.ArrayList<domain.Salaketa>

[2026-05-03 16:35:37 #23 type.registry] 
New type java.util.ArrayList<domain.Erreklamazioa>

------------------------------------------------------------------------------------------------------------------------

[2026-05-03 16:35:43 #1 store] 
Database '/home/bolo/git/lehenbizikoIterazioa/src/main/resources/products.temp' has been recovered (tr. 1-11)

[2026-05-03 16:35:43 #2 store] 
Database '/home/bolo/git/lehenbizikoIterazioa/src/main/resources/products.temp' is opened by 21018@ubuntu

[2026-05-03 16:35:43 #3 type] 
Type domain.User is not enhanced.

[2026-05-03 16:35:43 #4 type] 
Type domain.Erreklamazioa is not enhanced.

[2026-05-03 16:35:43 #5 type] 
Type domain.Salaketa is not enhanced.

[2026-05-03 16:35:43 #6 type] 
Type domain.Mugimendua is not enhanced.

[2026-05-03 16:35:43 #7 type] 
Type domain.Sale is not enhanced.

[2026-05-03 16:35:43 #8 type] 
Type domain.Txartela is not enhanced.

[2026-05-03 16:35:43 #9 type] 
Type domain.Notifikazioa is not enhanced.

[2026-05-03 16:35:43 #10 type] 
Type domain.Arduraduna is not enhanced.

------------------------------------------------------------------------------------------------------------------------

[2026-05-03 16:40:15 #1 store] 
Database '/home/bolo/git/lehenbizikoIterazioa/src/main/resources/products.temp' has been recovered (tr. 12-16)

[2026-05-03 16:40:15 #2 store] 
Database '/home/bolo/git/lehenbizikoIterazioa/src/main/resources/products.temp' is opened by 21498@ubuntu

[2026-05-03 16:40:15 #3 type] 
Type domain.User is not enhanced.

[2026-05-03 16:40:15 #4 type] 
Type domain.Erreklamazioa is not enhanced.

[2026-05-03 16:40:15 #5 type] 
Type domain.Salaketa is not enhanced.

[2026-05-03 16:40:15 #6 type] 
Type domain.Mugimendua is not enhanced.

[2026-05-03 16:40:15 #7 type] 
Type domain.Sale is not enhanced.

[2026-05-03 16:40:15 #8 type] 
Type domain.Txartela is not enhanced.

[2026-05-03 16:40:15 #9 type] 
Type domain.Notifikazioa is not enhanced.

[2026-05-03 16:40:15 #10 type] 
Type domain.Arduraduna is not enhanced.

------------------------------------------------------------------------------------------------------------------------

[2026-05-03 16:45:31 #1 store] 
Database '/home/bolo/git/lehenbizikoIterazioa/src/main/resources/products.temp' is opened by 22006@ubuntu

[2026-05-03 16:45:31 #2 type] 
Type domain.User is not enhanced.

[2026-05-03 16:45:31 #3 type] 
Type domain.Erreklamazioa is not enhanced.

[2026-05-03 16:45:31 #4 type] 
Type domain.Salaketa is not enhanced.

[2026-05-03 16:45:31 #5 type] 
Type domain.Mugimendua is not enhanced.

[2026-05-03 16:45:31 #6 type] 
Type domain.Sale is not enhanced.

[2026-05-03 16:45:31 #7 type] 
Type domain.Txartela is not enhanced.

[2026-05-03 16:45:31 #8 type] 
Type domain.Notifikazioa is not enhanced.

[2026-05-03 16:45:31 #9 type] 
Type domain.Arduraduna is not enhanced.

------------------------------------------------------------------------------------------------------------------------

[2026-05-03 16:47:34 #1 store] 
Database '/home/bolo/git/lehenbizikoIterazioa/src/main/resources/products.temp' is opened by 22291@ubuntu

[2026-05-03 16:47:34 #2 type] 
Type domain.User is not enhanced.

[2026-05-03 16:47:34 #3 type] 
Type domain.Erreklamazioa is not enhanced.

[2026-05-03 16:47:34 #4 type] 
Type domain.Salaketa is not enhanced.

[2026-05-03 16:47:34 #5 type] 
Type domain.Mugimendua is not enhanced.

[2026-05-03 16:47:34 #6 type] 
Type domain.Sale is not enhanced.

[2026-05-03 16:47:34 #7 type] 
Type domain.Txartela is not enhanced.

[2026-05-03 16:47:34 #8 type] 
Type domain.Notifikazioa is not enhanced.

[2026-05-03 16:47:34 #9 type] 
Type domain.Arduraduna is not enhanced.

------------------------------------------------------------------------------------------------------------------------

[2026-05-03 16:55:34 #1 store] 
Database '/home/bolo/git/lehenbizikoIterazioa/src/main/resources/products.temp' is opened by 23369@ubuntu

[2026-05-03 16:55:34 #2 type.registry] 
New type domain.User

[2026-05-03 16:55:34 #3 type] 
Type domain.User is not enhanced.

[2026-05-03 16:55:34 #4 type.registry] 
New type domain.Erreklamazioa

[2026-05-03 16:55:34 #5 type.registry] 
New type domain.Salaketa

[2026-05-03 16:55:34 #6 type.registry] 
New type domain.Mugimendua

[2026-05-03 16:55:34 #7 type.registry] 
New type domain.Sale

[2026-05-03 16:55:34 #8 type.registry] 
New type domain.Txartela

[2026-05-03 16:55:34 #9 type] 
Type domain.Erreklamazioa is not enhanced.

[2026-05-03 16:55:34 #10 type] 
Type domain.Salaketa is not enhanced.

[2026-05-03 16:55:34 #11 type] 
Type domain.Mugimendua is not enhanced.

[2026-05-03 16:55:34 #12 type] 
Type domain.Sale is not enhanced.

[2026-05-03 16:55:34 #13 type.registry] 
New type domain.Notifikazioa

[2026-05-03 16:55:34 #14 type] 
Type domain.Txartela is not enhanced.

[2026-05-03 16:55:34 #15 type] 
Type domain.Notifikazioa is not enhanced.

[2026-05-03 16:55:34 #16 type.registry] 
New type domain.Arduraduna

[2026-05-03 16:55:34 #17 type] 
Type domain.Arduraduna is not enhanced.

[2026-05-03 16:55:34 #18 type.registry] 
New type java.util.ArrayList<java.lang.Object>

[2026-05-03 16:55:34 #19 type.registry] 
New type java.util.ArrayList<java.lang.String>

[2026-05-03 16:55:34 #20 type.registry] 
New type java.util.ArrayList<domain.Sale>

[2026-05-03 16:55:34 #21 type.registry] 
New type java.util.ArrayList<domain.Mugimendua>

[2026-05-03 16:55:34 #22 type.registry] 
New type java.util.ArrayList<domain.Salaketa>

[2026-05-03 16:55:34 #23 type.registry] 
New type java.util.ArrayList<domain.Erreklamazioa>

------------------------------------------------------------------------------------------------------------------------

[2026-05-03 16:55:41 #1 store] 
Database '/home/bolo/git/lehenbizikoIterazioa/src/main/resources/products.temp' has been recovered (tr. 1-11)

[2026-05-03 16:55:41 #2 store] 
Database '/home/bolo/git/lehenbizikoIterazioa/src/main/resources/products.temp' is opened by 23419@ubuntu

[2026-05-03 16:55:41 #3 type] 
Type domain.User is not enhanced.

[2026-05-03 16:55:41 #4 type] 
Type domain.Erreklamazioa is not enhanced.

[2026-05-03 16:55:41 #5 type] 
Type domain.Salaketa is not enhanced.

[2026-05-03 16:55:41 #6 type] 
Type domain.Mugimendua is not enhanced.

[2026-05-03 16:55:41 #7 type] 
Type domain.Sale is not enhanced.

[2026-05-03 16:55:41 #8 type] 
Type domain.Txartela is not enhanced.

[2026-05-03 16:55:41 #9 type] 
Type domain.Notifikazioa is not enhanced.

[2026-05-03 16:55:41 #10 type] 
Type domain.Arduraduna is not enhanced.

------------------------------------------------------------------------------------------------------------------------

[2026-05-03 16:58:25 #1 store] 
Database '/home/bolo/git/lehenbizikoIterazioa/src/main/resources/products.temp' has been recovered (tr. 12-15)

[2026-05-03 16:58:25 #2 store] 
Database '/home/bolo/git/lehenbizikoIterazioa/src/main/resources/products.temp' is opened by 23813@ubuntu

[2026-05-03 16:58:25 #3 type] 
Type domain.User is not enhanced.

[2026-05-03 16:58:25 #4 type] 
Type domain.Erreklamazioa is not enhanced.

[2026-05-03 16:58:25 #5 type] 
Type domain.Salaketa is not enhanced.

[2026-05-03 16:58:25 #6 type] 
Type domain.Mugimendua is not enhanced.

[2026-05-03 16:58:25 #7 type] 
Type domain.Sale is not enhanced.

[2026-05-03 16:58:25 #8 type] 
Type domain.Txartela is not enhanced.

[2026-05-03 16:58:25 #9 type] 
Type domain.Notifikazioa is not enhanced.

[2026-05-03 16:58:25 #10 type] 
Type domain.Arduraduna is not enhanced.

------------------------------------------------------------------------------------------------------------------------

[2026-05-03 16:59:23 #1 store] 
Database '/home/bolo/git/lehenbizikoIterazioa/src/main/resources/products.temp' has been recovered (tr. 16-16)

[2026-05-03 16:59:23 #2 store] 
Database '/home/bolo/git/lehenbizikoIterazioa/src/main/resources/products.temp' is opened by 23911@ubuntu

[2026-05-03 16:59:23 #3 type] 
Type domain.User is not enhanced.

[2026-05-03 16:59:23 #4 type] 
Type domain.Erreklamazioa is not enhanced.

[2026-05-03 16:59:23 #5 type] 
Type domain.Salaketa is not enhanced.

[2026-05-03 16:59:23 #6 type] 
Type domain.Mugimendua is not enhanced.

[2026-05-03 16:59:23 #7 type] 
Type domain.Sale is not enhanced.

[2026-05-03 16:59:23 #8 type] 
Type domain.Txartela is not enhanced.

[2026-05-03 16:59:23 #9 type] 
Type domain.Notifikazioa is not enhanced.

[2026-05-03 16:59:23 #10 type] 
Type domain.Arduraduna is not enhanced.

------------------------------------------------------------------------------------------------------------------------

[2026-05-03 17:03:33 #1 store] 
Database '/home/bolo/git/lehenbizikoIterazioa/src/main/resources/products.temp' has been recovered (tr. 17-18)

[2026-05-03 17:03:33 #2 store] 
Database '/home/bolo/git/lehenbizikoIterazioa/src/main/resources/products.temp' is opened by 24354@ubuntu

[2026-05-03 17:03:33 #3 type] 
Type domain.User is not enhanced.

[2026-05-03 17:03:33 #4 type] 
Type domain.Erreklamazioa is not enhanced.

[2026-05-03 17:03:33 #5 type] 
Type domain.Salaketa is not enhanced.

[2026-05-03 17:03:33 #6 type] 
Type domain.Mugimendua is not enhanced.

[2026-05-03 17:03:33 #7 type] 
Type domain.Sale is not enhanced.

[2026-05-03 17:03:33 #8 type] 
Type domain.Txartela is not enhanced.

[2026-05-03 17:03:33 #9 type] 
Type domain.Notifikazioa is not enhanced.

[2026-05-03 17:03:33 #10 type] 
Type domain.Arduraduna is not enhanced.

------------------------------------------------------------------------------------------------------------------------

[2026-05-03 17:04:31 #1 store] 
Database '/home/bolo/git/lehenbizikoIterazioa/src/main/resources/products.temp' has been recovered (tr. 19-19)

[2026-05-03 17:04:31 #2 store] 
Database '/home/bolo/git/lehenbizikoIterazioa/src/main/resources/products.temp' is opened by 24524@ubuntu

[2026-05-03 17:04:31 #3 type] 
Type domain.User is not enhanced.

[2026-05-03 17:04:31 #4 type] 
Type domain.Erreklamazioa is not enhanced.

[2026-05-03 17:04:31 #5 type] 
Type domain.Salaketa is not enhanced.

[2026-05-03 17:04:31 #6 type] 
Type domain.Mugimendua is not enhanced.

[2026-05-03 17:04:31 #7 type] 
Type domain.Sale is not enhanced.

[2026-05-03 17:04:31 #8 type] 
Type domain.Txartela is not enhanced.

[2026-05-03 17:04:31 #9 type] 
Type domain.Notifikazioa is not enhanced.

[2026-05-03 17:04:31 #10 type] 
Type domain.Arduraduna is not enhanced.

------------------------------------------------------------------------------------------------------------------------

[2026-05-03 17:06:14 #1 store] 
Database '/home/bolo/git/lehenbizikoIterazioa/src/main/resources/products.temp' is opened by 24878@ubuntu

[2026-05-03 17:06:14 #2 type] 
Type domain.User is not enhanced.

[2026-05-03 17:06:14 #3 type] 
Type domain.Erreklamazioa is not enhanced.

[2026-05-03 17:06:14 #4 type] 
Type domain.Salaketa is not enhanced.

[2026-05-03 17:06:14 #5 type] 
Type domain.Mugimendua is not enhanced.

[2026-05-03 17:06:14 #6 type] 
Type domain.Sale is not enhanced.

[2026-05-03 17:06:14 #7 type] 
Type domain.Txartela is not enhanced.

[2026-05-03 17:06:14 #8 type] 
Type domain.Notifikazioa is not enhanced.

[2026-05-03 17:06:14 #9 type] 
Type domain.Arduraduna is not enhanced.

------------------------------------------------------------------------------------------------------------------------

[2026-05-03 17:09:01 #1 store] 
Database '/home/bolo/git/lehenbizikoIterazioa/src/main/resources/products.temp' is opened by 25272@ubuntu

[2026-05-03 17:09:01 #2 type.registry] 
New type domain.User

[2026-05-03 17:09:01 #3 type] 
Type domain.User is not enhanced.

[2026-05-03 17:09:01 #4 type.registry] 
New type domain.Erreklamazioa

[2026-05-03 17:09:01 #5 type.registry] 
New type domain.Salaketa

[2026-05-03 17:09:01 #6 type.registry] 
New type domain.Mugimendua

[2026-05-03 17:09:01 #7 type.registry] 
New type domain.Sale

[2026-05-03 17:09:01 #8 type.registry] 
New type domain.Txartela

[2026-05-03 17:09:01 #9 type] 
Type domain.Erreklamazioa is not enhanced.

[2026-05-03 17:09:01 #10 type] 
Type domain.Salaketa is not enhanced.

[2026-05-03 17:09:01 #11 type] 
Type domain.Mugimendua is not enhanced.

[2026-05-03 17:09:01 #12 type] 
Type domain.Sale is not enhanced.

[2026-05-03 17:09:01 #13 type.registry] 
New type domain.Notifikazioa

[2026-05-03 17:09:01 #14 type] 
Type domain.Txartela is not enhanced.

[2026-05-03 17:09:01 #15 type] 
Type domain.Notifikazioa is not enhanced.

[2026-05-03 17:09:01 #16 type.registry] 
New type domain.Arduraduna

[2026-05-03 17:09:01 #17 type] 
Type domain.Arduraduna is not enhanced.

[2026-05-03 17:09:01 #18 type.registry] 
New type java.util.ArrayList<java.lang.Object>

[2026-05-03 17:09:01 #19 type.registry] 
New type java.util.ArrayList<java.lang.String>

[2026-05-03 17:09:01 #20 type.registry] 
New type java.util.ArrayList<domain.Sale>

[2026-05-03 17:09:01 #21 type.registry] 
New type java.util.ArrayList<domain.Mugimendua>

[2026-05-03 17:09:01 #22 type.registry] 
New type java.util.ArrayList<domain.Salaketa>

[2026-05-03 17:09:01 #23 type.registry] 
New type java.util.ArrayList<domain.Erreklamazioa>

------------------------------------------------------------------------------------------------------------------------

[2026-05-03 17:09:08 #1 store] 
Database '/home/bolo/git/lehenbizikoIterazioa/src/main/resources/products.temp' has been recovered (tr. 1-11)

[2026-05-03 17:09:08 #2 store] 
Database '/home/bolo/git/lehenbizikoIterazioa/src/main/resources/products.temp' is opened by 25334@ubuntu

[2026-05-03 17:09:08 #3 type] 
Type domain.User is not enhanced.

[2026-05-03 17:09:08 #4 type] 
Type domain.Erreklamazioa is not enhanced.

[2026-05-03 17:09:08 #5 type] 
Type domain.Salaketa is not enhanced.

[2026-05-03 17:09:08 #6 type] 
Type domain.Mugimendua is not enhanced.

[2026-05-03 17:09:08 #7 type] 
Type domain.Sale is not enhanced.

[2026-05-03 17:09:08 #8 type] 
Type domain.Txartela is not enhanced.

[2026-05-03 17:09:08 #9 type] 
Type domain.Notifikazioa is not enhanced.

[2026-05-03 17:09:08 #10 type] 
Type domain.Arduraduna is not enhanced.

