------------------------------------------------------------------------------------------------------------------------

[2026-03-19 21:07:12 #1 store] 
Database '/home/bolo/git/lehenbizikoIterazioa/src/main/resources/products.temp' has been recovered (tr. 1-7)

[2026-03-19 21:07:12 #2 store] 
Database '/home/bolo/git/lehenbizikoIterazioa/src/main/resources/products.temp' is opened by 18355@ubuntu

[2026-03-19 21:07:12 #3 type] 
Type domain.Seller is not enhanced.

[2026-03-19 21:07:13 #4 type] 
Type domain.Sale is not enhanced.

------------------------------------------------------------------------------------------------------------------------

[2026-03-19 21:17:52 #1 store] 
Database '/home/bolo/git/lehenbizikoIterazioa/src/main/resources/products.temp' is opened by 21026@ubuntu

[2026-03-19 21:17:52 #2 type] 
Type domain.Seller is not enhanced.

[2026-03-19 21:17:52 #3 type] 
Type domain.Sale is not enhanced.

------------------------------------------------------------------------------------------------------------------------

[2026-03-19 21:20:41 #1 store] 
Database '/home/bolo/git/lehenbizikoIterazioa/src/main/resources/products.temp' has been recovered (tr. 8-9)

[2026-03-19 21:20:41 #2 store] 
Database '/home/bolo/git/lehenbizikoIterazioa/src/main/resources/products.temp' is opened by 21311@ubuntu

[2026-03-19 21:20:41 #3 type] 
Type domain.Seller is not enhanced.

[2026-03-19 21:20:41 #4 type] 
Type domain.Sale is not enhanced.

------------------------------------------------------------------------------------------------------------------------

[2026-03-19 21:26:13 #1 store] 
Database '/home/bolo/git/lehenbizikoIterazioa/src/main/resources/products.temp' is opened by 22009@ubuntu

[2026-03-19 21:26:13 #2 type] 
Type domain.Seller is not enhanced.

[2026-03-19 21:26:13 #3 type] 
Type domain.Sale is not enhanced.

------------------------------------------------------------------------------------------------------------------------

[2026-03-19 21:27:01 #1 store] 
Database '/home/bolo/git/lehenbizikoIterazioa/src/main/resources/products.temp' is opened by 22199@ubuntu

[2026-03-19 21:27:01 #2 type.registry] 
New type domain.Seller

[2026-03-19 21:27:01 #3 type] 
Type domain.Seller is not enhanced.

[2026-03-19 21:27:01 #4 type.registry] 
New type domain.Sale

[2026-03-19 21:27:01 #5 type] 
Type domain.Sale is not enhanced.

[2026-03-19 21:27:01 #6 type.registry] 
New type java.util.ArrayList<java.lang.Object>

[2026-03-19 21:27:01 #7 type.registry] 
New type java.util.ArrayList<domain.Sale>

------------------------------------------------------------------------------------------------------------------------

[2026-03-19 21:27:56 #1 store] 
Database '/home/bolo/git/lehenbizikoIterazioa/src/main/resources/products.temp' is opened by 22286@ubuntu

[2026-03-19 21:27:56 #2 type.registry] 
New type domain.Seller

[2026-03-19 21:27:56 #3 type] 
Type domain.Seller is not enhanced.

[2026-03-19 21:27:56 #4 type.registry] 
New type domain.Sale

[2026-03-19 21:27:56 #5 type] 
Type domain.Sale is not enhanced.

[2026-03-19 21:27:56 #6 type.registry] 
New type java.util.ArrayList<java.lang.Object>

[2026-03-19 21:27:56 #7 type.registry] 
New type java.util.ArrayList<domain.Sale>

------------------------------------------------------------------------------------------------------------------------

[2026-03-19 21:28:21 #1 store] 
Database '/home/bolo/git/lehenbizikoIterazioa/src/main/resources/products.temp' has been recovered (tr. 1-6)

[2026-03-19 21:28:21 #2 store] 
Database '/home/bolo/git/lehenbizikoIterazioa/src/main/resources/products.temp' is opened by 22375@ubuntu

[2026-03-19 21:28:21 #3 type] 
Type domain.Seller is not enhanced.

[2026-03-19 21:28:21 #4 type] 
Type domain.Sale is not enhanced.

------------------------------------------------------------------------------------------------------------------------

[2026-03-19 21:28:34 #1 store] 
Database '/home/bolo/git/lehenbizikoIterazioa/src/main/resources/products.temp' has been recovered (tr. 7-7)

[2026-03-19 21:28:34 #2 store] 
Database '/home/bolo/git/lehenbizikoIterazioa/src/main/resources/products.temp' is opened by 22424@ubuntu

[2026-03-19 21:28:34 #3 type] 
Type domain.Seller is not enhanced.

[2026-03-19 21:28:34 #4 type] 
Type domain.Sale is not enhanced.

------------------------------------------------------------------------------------------------------------------------

[2026-03-19 21:29:12 #1 store] 
Database '/home/bolo/git/lehenbizikoIterazioa/src/main/resources/products.temp' has been recovered (tr. 8-9)

[2026-03-19 21:29:12 #2 store] 
Database '/home/bolo/git/lehenbizikoIterazioa/src/main/resources/products.temp' is opened by 22501@ubuntu

[2026-03-19 21:29:12 #3 type] 
Type domain.Seller is not enhanced.

[2026-03-19 21:29:12 #4 type] 
Type domain.Sale is not enhanced.

------------------------------------------------------------------------------------------------------------------------

[2026-03-19 21:29:42 #1 store] 
Database '/home/bolo/git/lehenbizikoIterazioa/src/main/resources/products.temp' has been recovered (tr. 10-10)

[2026-03-19 21:29:42 #2 store] 
Database '/home/bolo/git/lehenbizikoIterazioa/src/main/resources/products.temp' is opened by 22576@ubuntu

[2026-03-19 21:29:42 #3 type] 
Type domain.Seller is not enhanced.

[2026-03-19 21:29:42 #4 type] 
Type domain.Sale is not enhanced.

------------------------------------------------------------------------------------------------------------------------

[2026-03-19 21:33:53 #1 store] 
Database '/home/bolo/git/lehenbizikoIterazioa/src/main/resources/products.temp' is opened by 23342@ubuntu

[2026-03-19 21:33:53 #2 type] 
Type domain.Sale is not enhanced.

[2026-03-19 21:33:53 #3 type.registry] 
New type domain.User

[2026-03-19 21:33:53 #4 type] 
Type domain.User is not enhanced.

------------------------------------------------------------------------------------------------------------------------

[2026-03-19 21:34:18 #1 store] 
Database '/home/bolo/git/lehenbizikoIterazioa/src/main/resources/products.temp' has been recovered (tr. 11-12)

[2026-03-19 21:34:18 #2 store] 
Database '/home/bolo/git/lehenbizikoIterazioa/src/main/resources/products.temp' is opened by 23406@ubuntu

[2026-03-19 21:34:18 #3 type] 
Type domain.Sale is not enhanced.

[2026-03-19 21:34:18 #4 type] 
Type domain.User is not enhanced.

------------------------------------------------------------------------------------------------------------------------

[2026-03-19 23:59:42 #1 store] 
Database '/home/bolo/git/lehenbizikoIterazioa/src/main/resources/products.temp' has been recovered (tr. 13-14)

[2026-03-19 23:59:42 #2 store] 
Database '/home/bolo/git/lehenbizikoIterazioa/src/main/resources/products.temp' is opened by 30882@ubuntu

[2026-03-19 23:59:42 #3 type] 
Type domain.Sale is not enhanced.

[2026-03-19 23:59:42 #4 type] 
Type domain.User is not enhanced.

