------------------------------------------------------------------------------------------------------------------------

[2026-04-03 00:05:19 #1 store] 
Database '/home/bolo/git/lehenbizikoIterazioa/src/main/resources/products.temp' has been recovered (tr. 8-8)

[2026-04-03 00:05:19 #2 store] 
Database '/home/bolo/git/lehenbizikoIterazioa/src/main/resources/products.temp' is opened by 31130@ubuntu

[2026-04-03 00:05:19 #3 type] 
Type domain.User is not enhanced.

[2026-04-03 00:05:19 #4 type] 
Type domain.Sale is not enhanced.

[2026-04-03 00:05:19 #5 type] 
Type domain.Txartela is not enhanced.

------------------------------------------------------------------------------------------------------------------------

[2026-04-03 00:09:17 #1 store] 
Database '/home/bolo/git/lehenbizikoIterazioa/src/main/resources/products.temp' has been recovered (tr. 9-10)

[2026-04-03 00:09:17 #2 store] 
Database '/home/bolo/git/lehenbizikoIterazioa/src/main/resources/products.temp' is opened by 31628@ubuntu

[2026-04-03 00:09:17 #3 type] 
Type domain.User is not enhanced.

[2026-04-03 00:09:17 #4 type] 
Type domain.Sale is not enhanced.

[2026-04-03 00:09:17 #5 type] 
Type domain.Txartela is not enhanced.

------------------------------------------------------------------------------------------------------------------------

[2026-04-03 00:10:03 #1 store] 
Database '/home/bolo/git/lehenbizikoIterazioa/src/main/resources/products.temp' is opened by 31745@ubuntu

[2026-04-03 00:10:03 #2 type] 
Type domain.User is not enhanced.

[2026-04-03 00:10:03 #3 type] 
Type domain.Sale is not enhanced.

[2026-04-03 00:10:03 #4 type] 
Type domain.Txartela is not enhanced.

------------------------------------------------------------------------------------------------------------------------

[2026-04-03 00:12:12 #1 store] 
Database '/home/bolo/git/lehenbizikoIterazioa/src/main/resources/products.temp' is opened by 32111@ubuntu

[2026-04-03 00:12:12 #2 type] 
Type domain.User is not enhanced.

[2026-04-03 00:12:12 #3 type] 
Type domain.Sale is not enhanced.

[2026-04-03 00:12:12 #4 type] 
Type domain.Txartela is not enhanced.

------------------------------------------------------------------------------------------------------------------------

[2026-04-03 01:07:33 #1 store] 
Database '/home/bolo/git/lehenbizikoIterazioa/src/main/resources/products.temp' has been recovered (tr. 12-12)

[2026-04-03 01:07:34 #2 store] 
Database '/home/bolo/git/lehenbizikoIterazioa/src/main/resources/products.temp' is opened by 39041@ubuntu

[2026-04-03 01:07:34 #3 type] 
Type domain.User is not enhanced.

[2026-04-03 01:07:34 #4 type] 
Type domain.Sale is not enhanced.

[2026-04-03 01:07:34 #5 type] 
Type domain.Txartela is not enhanced.

------------------------------------------------------------------------------------------------------------------------

[2026-04-03 01:14:17 #1 store] 
Database '/home/bolo/git/lehenbizikoIterazioa/src/main/resources/products.temp' has been recovered (tr. 13-13)

[2026-04-03 01:14:17 #2 store] 
Database '/home/bolo/git/lehenbizikoIterazioa/src/main/resources/products.temp' is opened by 39613@ubuntu

[2026-04-03 01:14:17 #3 type] 
Type domain.User is not enhanced.

[2026-04-03 01:14:17 #4 type] 
Type domain.Sale is not enhanced.

[2026-04-03 01:14:17 #5 type] 
Type domain.Txartela is not enhanced.

------------------------------------------------------------------------------------------------------------------------

[2026-04-03 01:16:18 #1 store] 
Database '/home/bolo/git/lehenbizikoIterazioa/src/main/resources/products.temp' is opened by 39963@ubuntu

[2026-04-03 01:16:18 #2 type] 
Type domain.User is not enhanced.

[2026-04-03 01:16:18 #3 type] 
Type domain.Sale is not enhanced.

[2026-04-03 01:16:18 #4 type] 
Type domain.Txartela is not enhanced.

------------------------------------------------------------------------------------------------------------------------

[2026-04-03 01:33:05 #1 store] 
Database '/home/bolo/git/lehenbizikoIterazioa/src/main/resources/products.temp' has been recovered (tr. 14-14)

[2026-04-03 01:33:05 #2 store] 
Database '/home/bolo/git/lehenbizikoIterazioa/src/main/resources/products.temp' is opened by 43672@ubuntu

[2026-04-03 01:33:05 #3 type] 
Type domain.User is not enhanced.

[2026-04-03 01:33:05 #4 type] 
Type domain.Sale is not enhanced.

[2026-04-03 01:33:05 #5 type] 
Type domain.Txartela is not enhanced.

------------------------------------------------------------------------------------------------------------------------

[2026-04-03 01:34:58 #1 store] 
Database '/home/bolo/git/lehenbizikoIterazioa/src/main/resources/products.temp' is opened by 43952@ubuntu

[2026-04-03 01:34:58 #2 type] 
Type domain.User is not enhanced.

[2026-04-03 01:34:58 #3 type] 
Type domain.Sale is not enhanced.

[2026-04-03 01:34:58 #4 type] 
Type domain.Txartela is not enhanced.

------------------------------------------------------------------------------------------------------------------------

[2026-04-03 01:36:10 #1 store] 
Database '/home/bolo/git/lehenbizikoIterazioa/src/main/resources/products.temp' is opened by 44087@ubuntu

[2026-04-03 01:36:10 #2 type] 
Type domain.User is not enhanced.

[2026-04-03 01:36:10 #3 type] 
Type domain.Sale is not enhanced.

[2026-04-03 01:36:10 #4 type] 
Type domain.Txartela is not enhanced.

------------------------------------------------------------------------------------------------------------------------

[2026-04-03 01:36:59 #1 store] 
Database '/home/bolo/git/lehenbizikoIterazioa/src/main/resources/products.temp' is opened by 44206@ubuntu

[2026-04-03 01:36:59 #2 type] 
Type domain.User is not enhanced.

[2026-04-03 01:36:59 #3 type] 
Type domain.Sale is not enhanced.

[2026-04-03 01:36:59 #4 type] 
Type domain.Txartela is not enhanced.

------------------------------------------------------------------------------------------------------------------------

[2026-04-03 01:37:58 #1 store] 
Database '/home/bolo/git/lehenbizikoIterazioa/src/main/resources/products.temp' is opened by 44319@ubuntu

[2026-04-03 01:37:59 #2 type] 
Type domain.User is not enhanced.

[2026-04-03 01:37:59 #3 type] 
Type domain.Sale is not enhanced.

[2026-04-03 01:37:59 #4 type] 
Type domain.Txartela is not enhanced.

------------------------------------------------------------------------------------------------------------------------

[2026-04-03 01:38:38 #1 store] 
Database '/home/bolo/git/lehenbizikoIterazioa/src/main/resources/products.temp' is opened by 44403@ubuntu

[2026-04-03 01:38:38 #2 type] 
Type domain.User is not enhanced.

[2026-04-03 01:38:38 #3 type] 
Type domain.Sale is not enhanced.

[2026-04-03 01:38:38 #4 type] 
Type domain.Txartela is not enhanced.

------------------------------------------------------------------------------------------------------------------------

[2026-04-03 01:40:27 #1 store] 
Database '/home/bolo/git/lehenbizikoIterazioa/src/main/resources/products.temp' is opened by 44689@ubuntu

[2026-04-03 01:40:27 #2 type.registry] 
New type domain.User

[2026-04-03 01:40:27 #3 type] 
Type domain.User is not enhanced.

[2026-04-03 01:40:27 #4 type.registry] 
New type domain.Sale

[2026-04-03 01:40:27 #5 type.registry] 
New type domain.Txartela

[2026-04-03 01:40:27 #6 type] 
Type domain.Sale is not enhanced.

[2026-04-03 01:40:27 #7 type] 
Type domain.Txartela is not enhanced.

[2026-04-03 01:40:27 #8 type.registry] 
New type java.util.ArrayList<java.lang.Object>

[2026-04-03 01:40:27 #9 type.registry] 
New type java.util.ArrayList<domain.Sale>

------------------------------------------------------------------------------------------------------------------------

[2026-04-03 01:40:41 #1 store] 
Database '/home/bolo/git/lehenbizikoIterazioa/src/main/resources/products.temp' has been recovered (tr. 1-6)

[2026-04-03 01:40:41 #2 store] 
Database '/home/bolo/git/lehenbizikoIterazioa/src/main/resources/products.temp' is opened by 44751@ubuntu

[2026-04-03 01:40:41 #3 type] 
Type domain.User is not enhanced.

[2026-04-03 01:40:41 #4 type] 
Type domain.Sale is not enhanced.

[2026-04-03 01:40:41 #5 type] 
Type domain.Txartela is not enhanced.

------------------------------------------------------------------------------------------------------------------------

[2026-04-03 01:47:03 #1 store] 
Database '/home/bolo/git/lehenbizikoIterazioa/src/main/resources/products.temp' has been recovered (tr. 7-8)

[2026-04-03 01:47:03 #2 store] 
Database '/home/bolo/git/lehenbizikoIterazioa/src/main/resources/products.temp' is opened by 45579@ubuntu

[2026-04-03 01:47:03 #3 type] 
Type domain.User is not enhanced.

[2026-04-03 01:47:03 #4 type] 
Type domain.Sale is not enhanced.

[2026-04-03 01:47:03 #5 type] 
Type domain.Txartela is not enhanced.

