------------------------------------------------------------------------------------------------------------------------

[2026-02-26 00:01:49 #1 store] 
Database 'C:\Users\marti\git\lehenbizikoIterazioa\src\main\resources\products.temp' is opened by 6704@Asus-Martín

[2026-02-26 00:01:49 #2 type.registry] 
New type domain.Seller

[2026-02-26 00:01:49 #3 type] 
Type domain.Seller is not enhanced.

[2026-02-26 00:01:49 #4 type.registry] 
New type domain.Sale

[2026-02-26 00:01:49 #5 type] 
Type domain.Sale is not enhanced.

[2026-02-26 00:01:49 #6 type.registry] 
New type java.util.ArrayList<java.lang.Object>

[2026-02-26 00:01:49 #7 type.registry] 
New type java.util.ArrayList<domain.Sale>

------------------------------------------------------------------------------------------------------------------------

[2026-02-26 00:08:06 #1 store] 
Database 'C:\Users\marti\git\lehenbizikoIterazioa\src\main\resources\products.temp' is opened by 2512@Asus-Martín

[2026-02-26 00:08:06 #2 type.registry] 
New type domain.Seller

[2026-02-26 00:08:06 #3 type] 
Type domain.Seller is not enhanced.

[2026-02-26 00:08:06 #4 type.registry] 
New type domain.Sale

[2026-02-26 00:08:06 #5 type] 
Type domain.Sale is not enhanced.

[2026-02-26 00:08:06 #6 type.registry] 
New type java.util.ArrayList<java.lang.Object>

[2026-02-26 00:08:06 #7 type.registry] 
New type java.util.ArrayList<domain.Sale>

------------------------------------------------------------------------------------------------------------------------

[2026-02-26 00:12:15 #1 store] 
Database 'C:\Users\marti\git\lehenbizikoIterazioa\src\main\resources\products.temp' is opened by 15872@Asus-Martín

[2026-02-26 00:12:15 #2 type.registry] 
New type domain.Seller

[2026-02-26 00:12:15 #3 type] 
Type domain.Seller is not enhanced.

[2026-02-26 00:12:15 #4 type.registry] 
New type domain.Sale

[2026-02-26 00:12:15 #5 type] 
Type domain.Sale is not enhanced.

[2026-02-26 00:12:15 #6 type.registry] 
New type java.util.ArrayList<java.lang.Object>

[2026-02-26 00:12:15 #7 type.registry] 
New type java.util.ArrayList<domain.Sale>

------------------------------------------------------------------------------------------------------------------------

[2026-02-26 11:17:46 #1 store] 
Database 'C:\Users\ehu\git\lehenbizikoIterazioa\src\main\resources\products.temp' is opened by 14692@U029862

[2026-02-26 11:17:46 #2 type.registry] 
New type domain.Seller

[2026-02-26 11:17:46 #3 type] 
Type domain.Seller is not enhanced.

[2026-02-26 11:17:46 #4 type.registry] 
New type domain.Sale

[2026-02-26 11:17:46 #5 type] 
Type domain.Sale is not enhanced.

[2026-02-26 11:17:46 #6 type.registry] 
New type java.util.ArrayList<java.lang.Object>

[2026-02-26 11:17:46 #7 type.registry] 
New type java.util.ArrayList<domain.Sale>

------------------------------------------------------------------------------------------------------------------------

[2026-02-26 11:18:05 #1 store] 
Database 'C:\Users\ehu\git\lehenbizikoIterazioa\src\main\resources\products.temp' is opened by 12400@U029862

[2026-02-26 11:18:05 #2 type.registry] 
New type domain.Seller

[2026-02-26 11:18:05 #3 type] 
Type domain.Seller is not enhanced.

[2026-02-26 11:18:05 #4 type.registry] 
New type domain.Sale

[2026-02-26 11:18:05 #5 type] 
Type domain.Sale is not enhanced.

[2026-02-26 11:18:05 #6 type.registry] 
New type java.util.ArrayList<java.lang.Object>

[2026-02-26 11:18:05 #7 type.registry] 
New type java.util.ArrayList<domain.Sale>

------------------------------------------------------------------------------------------------------------------------

[2026-02-26 11:18:42 #1 store] 
Database 'C:\Users\ehu\git\lehenbizikoIterazioa\src\main\resources\products.temp' is opened by 14524@U029862

[2026-02-26 11:18:43 #2 type.registry] 
New type domain.Seller

[2026-02-26 11:18:43 #3 type] 
Type domain.Seller is not enhanced.

[2026-02-26 11:18:43 #4 type.registry] 
New type domain.Sale

[2026-02-26 11:18:43 #5 type] 
Type domain.Sale is not enhanced.

[2026-02-26 11:18:43 #6 type.registry] 
New type java.util.ArrayList<java.lang.Object>

[2026-02-26 11:18:43 #7 type.registry] 
New type java.util.ArrayList<domain.Sale>

------------------------------------------------------------------------------------------------------------------------

[2026-02-26 11:19:57 #1 store] 
Database 'C:\Users\ehu\git\lehenbizikoIterazioa\src\main\resources\products.temp' is opened by 4940@U029862

[2026-02-26 11:19:58 #2 type.registry] 
New type domain.Seller

[2026-02-26 11:19:58 #3 type] 
Type domain.Seller is not enhanced.

[2026-02-26 11:19:58 #4 type.registry] 
New type domain.Sale

[2026-02-26 11:19:58 #5 type] 
Type domain.Sale is not enhanced.

[2026-02-26 11:19:58 #6 type.registry] 
New type java.util.ArrayList<java.lang.Object>

[2026-02-26 11:19:58 #7 type.registry] 
New type java.util.ArrayList<domain.Sale>

------------------------------------------------------------------------------------------------------------------------

[2026-02-26 11:33:32 #1 store] 
Database 'C:\Users\ehu\git\lehenbizikoIterazioa\src\main\resources\products.temp' is opened by 11556@U029862

[2026-02-26 11:33:33 #2 type.registry] 
New type domain.Seller

[2026-02-26 11:33:33 #3 type] 
Type domain.Seller is not enhanced.

[2026-02-26 11:33:33 #4 type.registry] 
New type domain.Sale

[2026-02-26 11:33:33 #5 type] 
Type domain.Sale is not enhanced.

[2026-02-26 11:33:33 #6 type.registry] 
New type java.util.ArrayList<java.lang.Object>

[2026-02-26 11:33:33 #7 type.registry] 
New type java.util.ArrayList<domain.Sale>

------------------------------------------------------------------------------------------------------------------------

[2026-02-26 11:34:18 #1 store] 
Database 'C:\Users\ehu\git\lehenbizikoIterazioa\src\main\resources\products.temp' is opened by 15580@U029862

[2026-02-26 11:34:19 #2 type.registry] 
New type domain.Seller

[2026-02-26 11:34:19 #3 type] 
Type domain.Seller is not enhanced.

[2026-02-26 11:34:19 #4 type.registry] 
New type domain.Sale

[2026-02-26 11:34:19 #5 type] 
Type domain.Sale is not enhanced.

[2026-02-26 11:34:19 #6 type.registry] 
New type java.util.ArrayList<java.lang.Object>

[2026-02-26 11:34:19 #7 type.registry] 
New type java.util.ArrayList<domain.Sale>

------------------------------------------------------------------------------------------------------------------------

[2026-02-26 11:43:06 #1 store] 
Database 'C:\Users\ehu\git\lehenbizikoIterazioa\src\main\resources\products.temp' is opened by 7372@U029862

[2026-02-26 11:43:06 #2 type.registry] 
New type domain.Seller

[2026-02-26 11:43:06 #3 type] 
Type domain.Seller is not enhanced.

[2026-02-26 11:43:06 #4 type.registry] 
New type domain.Sale

[2026-02-26 11:43:06 #5 type] 
Type domain.Sale is not enhanced.

[2026-02-26 11:43:06 #6 type.registry] 
New type java.util.ArrayList<java.lang.Object>

[2026-02-26 11:43:06 #7 type.registry] 
New type java.util.ArrayList<domain.Sale>

------------------------------------------------------------------------------------------------------------------------

[2026-02-26 11:47:21 #1 store] 
Database 'C:\Users\ehu\git\lehenbizikoIterazioa\src\main\resources\products.temp' is opened by 11356@U029862

[2026-02-26 11:47:21 #2 type.registry] 
New type domain.Seller

[2026-02-26 11:47:21 #3 type] 
Type domain.Seller is not enhanced.

[2026-02-26 11:47:21 #4 type.registry] 
New type domain.Sale

[2026-02-26 11:47:21 #5 type] 
Type domain.Sale is not enhanced.

[2026-02-26 11:47:21 #6 type.registry] 
New type java.util.ArrayList<java.lang.Object>

[2026-02-26 11:47:21 #7 type.registry] 
New type java.util.ArrayList<domain.Sale>

------------------------------------------------------------------------------------------------------------------------

[2026-02-26 11:49:17 #1 store] 
Database 'C:\Users\ehu\git\lehenbizikoIterazioa\src\main\resources\products.temp' is opened by 2140@U029862

[2026-02-26 11:49:18 #2 type.registry] 
New type domain.Seller

[2026-02-26 11:49:18 #3 type] 
Type domain.Seller is not enhanced.

[2026-02-26 11:49:18 #4 type.registry] 
New type domain.Sale

[2026-02-26 11:49:18 #5 type] 
Type domain.Sale is not enhanced.

[2026-02-26 11:49:18 #6 type.registry] 
New type java.util.ArrayList<java.lang.Object>

[2026-02-26 11:49:18 #7 type.registry] 
New type java.util.ArrayList<domain.Sale>

------------------------------------------------------------------------------------------------------------------------

[2026-02-26 11:51:48 #1 store] 
Database 'C:\Users\ehu\git\lehenbizikoIterazioa\src\main\resources\products.temp' is opened by 4448@U029862

[2026-02-26 11:51:48 #2 type.registry] 
New type domain.Seller

[2026-02-26 11:51:48 #3 type] 
Type domain.Seller is not enhanced.

[2026-02-26 11:51:48 #4 type.registry] 
New type domain.Sale

[2026-02-26 11:51:48 #5 type] 
Type domain.Sale is not enhanced.

[2026-02-26 11:51:48 #6 type.registry] 
New type java.util.ArrayList<java.lang.Object>

[2026-02-26 11:51:48 #7 type.registry] 
New type java.util.ArrayList<domain.Sale>

------------------------------------------------------------------------------------------------------------------------

[2026-02-26 19:11:33 #1 store] 
Database 'C:\Users\Danocrackspinner\git\lehenbizikoIterazioa2\src\main\resources\products.temp' is opened by 22960@DESKTOP-IME1R1O

[2026-02-26 19:11:33 #2 type.registry] 
New type domain.Seller

[2026-02-26 19:11:33 #3 type] 
Type domain.Seller is not enhanced.

[2026-02-26 19:11:33 #4 type.registry] 
New type domain.Sale

[2026-02-26 19:11:33 #5 type] 
Type domain.Sale is not enhanced.

[2026-02-26 19:11:33 #6 type.registry] 
New type java.util.ArrayList<java.lang.Object>

[2026-02-26 19:11:33 #7 type.registry] 
New type java.util.ArrayList<domain.Sale>

------------------------------------------------------------------------------------------------------------------------

[2026-02-26 19:46:26 #1 store] 
Database 'C:\Users\Danocrackspinner\git\lehenbizikoIterazioa2\src\main\resources\products.temp' is opened by 7444@DESKTOP-IME1R1O

[2026-02-26 19:46:26 #2 type.registry] 
New type domain.Seller

[2026-02-26 19:46:26 #3 type] 
Type domain.Seller is not enhanced.

[2026-02-26 19:46:26 #4 type.registry] 
New type domain.Sale

[2026-02-26 19:46:26 #5 type] 
Type domain.Sale is not enhanced.

[2026-02-26 19:46:26 #6 type.registry] 
New type java.util.ArrayList<java.lang.Object>

[2026-02-26 19:46:26 #7 type.registry] 
New type java.util.ArrayList<domain.Sale>

------------------------------------------------------------------------------------------------------------------------

[2026-02-26 19:46:53 #1 store] 
Database 'C:\Users\Danocrackspinner\git\lehenbizikoIterazioa2\src\main\resources\products.temp' is opened by 3980@DESKTOP-IME1R1O

[2026-02-26 19:46:53 #2 type.registry] 
New type domain.Seller

[2026-02-26 19:46:53 #3 type] 
Type domain.Seller is not enhanced.

[2026-02-26 19:46:53 #4 type.registry] 
New type domain.Sale

[2026-02-26 19:46:53 #5 type] 
Type domain.Sale is not enhanced.

[2026-02-26 19:46:53 #6 type.registry] 
New type java.util.ArrayList<java.lang.Object>

[2026-02-26 19:46:53 #7 type.registry] 
New type java.util.ArrayList<domain.Sale>

------------------------------------------------------------------------------------------------------------------------

[2026-02-26 19:47:18 #1 store] 
Database 'C:\Users\Danocrackspinner\git\lehenbizikoIterazioa2\src\main\resources\products.temp' is opened by 4608@DESKTOP-IME1R1O

[2026-02-26 19:47:18 #2 type.registry] 
New type domain.Seller

[2026-02-26 19:47:18 #3 type] 
Type domain.Seller is not enhanced.

[2026-02-26 19:47:18 #4 type.registry] 
New type domain.Sale

[2026-02-26 19:47:18 #5 type] 
Type domain.Sale is not enhanced.

[2026-02-26 19:47:18 #6 type.registry] 
New type java.util.ArrayList<java.lang.Object>

[2026-02-26 19:47:18 #7 type.registry] 
New type java.util.ArrayList<domain.Sale>

------------------------------------------------------------------------------------------------------------------------

[2026-02-26 19:48:23 #1 store] 
Database 'C:\Users\Danocrackspinner\git\lehenbizikoIterazioa2\src\main\resources\products.temp' has been recovered (tr. 1-7)

[2026-02-26 19:48:23 #2 store] 
Database 'C:\Users\Danocrackspinner\git\lehenbizikoIterazioa2\src\main\resources\products.temp' is opened by 21812@DESKTOP-IME1R1O

[2026-02-26 19:48:23 #3 type] 
Type domain.Seller is not enhanced.

[2026-02-26 19:48:23 #4 type] 
Type domain.Sale is not enhanced.

------------------------------------------------------------------------------------------------------------------------

[2026-02-26 19:49:22 #1 store] 
Database 'C:\Users\Danocrackspinner\git\lehenbizikoIterazioa2\src\main\resources\products.temp' is opened by 18556@DESKTOP-IME1R1O

[2026-02-26 19:49:22 #2 type] 
Type domain.Seller is not enhanced.

[2026-02-26 19:49:22 #3 type] 
Type domain.Sale is not enhanced.

------------------------------------------------------------------------------------------------------------------------

[2026-02-26 19:50:14 #1 store] 
Database 'C:\Users\Danocrackspinner\git\lehenbizikoIterazioa2\src\main\resources\products.temp' is opened by 27092@DESKTOP-IME1R1O

[2026-02-26 19:50:14 #2 type] 
Type domain.Seller is not enhanced.

[2026-02-26 19:50:14 #3 type] 
Type domain.Sale is not enhanced.

------------------------------------------------------------------------------------------------------------------------

[2026-02-26 19:50:28 #1 store] 
Database 'C:\Users\Danocrackspinner\git\lehenbizikoIterazioa2\src\main\resources\products.temp' is opened by 3752@DESKTOP-IME1R1O

[2026-02-26 19:50:28 #2 type] 
Type domain.Seller is not enhanced.

[2026-02-26 19:50:28 #3 type] 
Type domain.Sale is not enhanced.

------------------------------------------------------------------------------------------------------------------------

[2026-02-26 19:50:53 #1 store] 
Database 'C:\Users\Danocrackspinner\git\lehenbizikoIterazioa2\src\main\resources\products.temp' is opened by 2276@DESKTOP-IME1R1O

[2026-02-26 19:50:53 #2 type] 
Type domain.Seller is not enhanced.

[2026-02-26 19:50:53 #3 type] 
Type domain.Sale is not enhanced.

------------------------------------------------------------------------------------------------------------------------

[2026-02-26 19:56:06 #1 store] 
Database 'C:\Users\Danocrackspinner\git\lehenbizikoIterazioa2\src\main\resources\products.temp' is opened by 6084@DESKTOP-IME1R1O

[2026-02-26 19:56:06 #2 type] 
Type domain.Seller is not enhanced.

[2026-02-26 19:56:06 #3 type] 
Type domain.Sale is not enhanced.

------------------------------------------------------------------------------------------------------------------------

[2026-02-26 19:56:35 #1 store] 
Database 'C:\Users\Danocrackspinner\git\lehenbizikoIterazioa2\src\main\resources\products.temp' is opened by 21648@DESKTOP-IME1R1O

[2026-02-26 19:56:35 #2 type] 
Type domain.Seller is not enhanced.

[2026-02-26 19:56:35 #3 type] 
Type domain.Sale is not enhanced.

------------------------------------------------------------------------------------------------------------------------

[2026-02-26 19:57:18 #1 store] 
Database 'C:\Users\Danocrackspinner\git\lehenbizikoIterazioa2\src\main\resources\products.temp' has been recovered (tr. 8-8)

[2026-02-26 19:57:18 #2 store] 
Database 'C:\Users\Danocrackspinner\git\lehenbizikoIterazioa2\src\main\resources\products.temp' is opened by 8716@DESKTOP-IME1R1O

[2026-02-26 19:57:18 #3 type] 
Type domain.Seller is not enhanced.

[2026-02-26 19:57:18 #4 type] 
Type domain.Sale is not enhanced.

------------------------------------------------------------------------------------------------------------------------

[2026-02-26 19:57:53 #1 store] 
Database 'C:\Users\Danocrackspinner\git\lehenbizikoIterazioa2\src\main\resources\products.temp' is opened by 23524@DESKTOP-IME1R1O

[2026-02-26 19:57:53 #2 type] 
Type domain.Seller is not enhanced.

[2026-02-26 19:57:53 #3 type] 
Type domain.Sale is not enhanced.

------------------------------------------------------------------------------------------------------------------------

[2026-02-26 19:58:19 #1 store] 
Database 'C:\Users\Danocrackspinner\git\lehenbizikoIterazioa2\src\main\resources\products.temp' is opened by 11168@DESKTOP-IME1R1O

[2026-02-26 19:58:19 #2 type] 
Type domain.Seller is not enhanced.

[2026-02-26 19:58:19 #3 type] 
Type domain.Sale is not enhanced.

------------------------------------------------------------------------------------------------------------------------

[2026-02-26 20:00:24 #1 store] 
Database 'C:\Users\Danocrackspinner\git\lehenbizikoIterazioa2\src\main\resources\products.temp' has been recovered (tr. 9-10)

[2026-02-26 20:00:24 #2 store] 
Database 'C:\Users\Danocrackspinner\git\lehenbizikoIterazioa2\src\main\resources\products.temp' is opened by 12076@DESKTOP-IME1R1O

[2026-02-26 20:00:24 #3 type] 
Type domain.Seller is not enhanced.

[2026-02-26 20:00:24 #4 type] 
Type domain.Sale is not enhanced.

------------------------------------------------------------------------------------------------------------------------

[2026-02-26 20:00:28 #1 store] 
Database 'C:\Users\Danocrackspinner\git\lehenbizikoIterazioa2\src\main\resources\products.temp' is opened by 20824@DESKTOP-IME1R1O

[2026-02-26 20:00:28 #2 type] 
Type domain.Seller is not enhanced.

[2026-02-26 20:00:28 #3 type] 
Type domain.Sale is not enhanced.

------------------------------------------------------------------------------------------------------------------------

[2026-02-26 20:01:07 #1 store] 
Database 'C:\Users\Danocrackspinner\git\lehenbizikoIterazioa2\src\main\resources\products.temp' is opened by 11716@DESKTOP-IME1R1O

[2026-02-26 20:01:07 #2 type] 
Type domain.Seller is not enhanced.

[2026-02-26 20:01:07 #3 type] 
Type domain.Sale is not enhanced.

------------------------------------------------------------------------------------------------------------------------

[2026-02-26 20:04:00 #1 store] 
Database 'C:\Users\Danocrackspinner\git\lehenbizikoIterazioa2\src\main\resources\products.temp' is opened by 14900@DESKTOP-IME1R1O

[2026-02-26 20:04:00 #2 type] 
Type domain.Seller is not enhanced.

[2026-02-26 20:04:00 #3 type] 
Type domain.Sale is not enhanced.

------------------------------------------------------------------------------------------------------------------------

[2026-02-26 20:10:47 #1 store] 
Database 'C:\Users\Danocrackspinner\git\lehenbizikoIterazioa2\src\main\resources\products.temp' is opened by 11244@DESKTOP-IME1R1O

[2026-02-26 20:10:47 #2 type] 
Type domain.Seller is not enhanced.

[2026-02-26 20:10:47 #3 type] 
Type domain.Sale is not enhanced.

------------------------------------------------------------------------------------------------------------------------

[2026-02-26 20:13:19 #1 store] 
Database 'C:\Users\Danocrackspinner\git\lehenbizikoIterazioa2\src\main\resources\products.temp' is opened by 14492@DESKTOP-IME1R1O

[2026-02-26 20:13:19 #2 type] 
Type domain.Seller is not enhanced.

[2026-02-26 20:13:19 #3 type] 
Type domain.Sale is not enhanced.

------------------------------------------------------------------------------------------------------------------------

[2026-02-26 20:14:40 #1 store] 
Database 'C:\Users\Danocrackspinner\git\lehenbizikoIterazioa2\src\main\resources\products.temp' is opened by 24344@DESKTOP-IME1R1O

[2026-02-26 20:14:40 #2 type] 
Type domain.Seller is not enhanced.

[2026-02-26 20:14:40 #3 type] 
Type domain.Sale is not enhanced.

------------------------------------------------------------------------------------------------------------------------

[2026-02-26 20:16:38 #1 store] 
Database 'C:\Users\Danocrackspinner\git\lehenbizikoIterazioa2\src\main\resources\products.temp' is opened by 23008@DESKTOP-IME1R1O

[2026-02-26 20:16:38 #2 type] 
Type domain.Seller is not enhanced.

[2026-02-26 20:16:38 #3 type] 
Type domain.Sale is not enhanced.

------------------------------------------------------------------------------------------------------------------------

[2026-02-26 20:20:28 #1 store] 
Database 'C:\Users\Danocrackspinner\git\lehenbizikoIterazioa2\src\main\resources\products.temp' is opened by 27548@DESKTOP-IME1R1O

[2026-02-26 20:20:28 #2 type] 
Type domain.Seller is not enhanced.

[2026-02-26 20:20:28 #3 type] 
Type domain.Sale is not enhanced.

------------------------------------------------------------------------------------------------------------------------

[2026-02-26 20:52:49 #1 store] 
Database 'C:\Users\Danocrackspinner\git\lehenbizikoIterazioa2\src\main\resources\products.temp' is opened by 14616@DESKTOP-IME1R1O

[2026-02-26 20:52:49 #2 type] 
Type domain.Seller is not enhanced.

[2026-02-26 20:52:49 #3 type] 
Type domain.Sale is not enhanced.

------------------------------------------------------------------------------------------------------------------------

[2026-02-26 21:20:04 #1 store] 
Database 'C:\Users\Danocrackspinner\git\lehenbizikoIterazioa2\src\main\resources\products.temp' has been recovered (tr. 11-11)

[2026-02-26 21:20:04 #2 store] 
Database 'C:\Users\Danocrackspinner\git\lehenbizikoIterazioa2\src\main\resources\products.temp' is opened by 6012@DESKTOP-IME1R1O

[2026-02-26 21:20:04 #3 type] 
Type domain.Seller is not enhanced.

[2026-02-26 21:20:04 #4 type] 
Type domain.Sale is not enhanced.

------------------------------------------------------------------------------------------------------------------------

[2026-02-26 21:20:32 #1 store] 
Database 'C:\Users\Danocrackspinner\git\lehenbizikoIterazioa2\src\main\resources\products.temp' is opened by 7740@DESKTOP-IME1R1O

[2026-02-26 21:20:32 #2 type] 
Type domain.Seller is not enhanced.

[2026-02-26 21:20:32 #3 type] 
Type domain.Sale is not enhanced.

------------------------------------------------------------------------------------------------------------------------

[2026-02-26 21:21:43 #1 store] 
Database 'C:\Users\Danocrackspinner\git\lehenbizikoIterazioa2\src\main\resources\products.temp' is opened by 24704@DESKTOP-IME1R1O

[2026-02-26 21:21:43 #2 type] 
Type domain.Seller is not enhanced.

[2026-02-26 21:21:43 #3 type] 
Type domain.Sale is not enhanced.

------------------------------------------------------------------------------------------------------------------------

[2026-02-26 21:27:51 #1 store] 
Database 'C:\Users\Danocrackspinner\git\lehenbizikoIterazioa2\src\main\resources\products.temp' is opened by 24604@DESKTOP-IME1R1O

[2026-02-26 21:27:51 #2 type] 
Type domain.Seller is not enhanced.

[2026-02-26 21:27:51 #3 type] 
Type domain.Sale is not enhanced.

------------------------------------------------------------------------------------------------------------------------

[2026-02-26 21:31:58 #1 store] 
Database 'C:\Users\Danocrackspinner\git\lehenbizikoIterazioa2\src\main\resources\products.temp' is opened by 2364@DESKTOP-IME1R1O

[2026-02-26 21:31:58 #2 type] 
Type domain.Seller is not enhanced.

[2026-02-26 21:31:58 #3 type] 
Type domain.Sale is not enhanced.

------------------------------------------------------------------------------------------------------------------------

[2026-02-26 21:34:54 #1 store] 
Database 'C:\Users\Danocrackspinner\git\lehenbizikoIterazioa2\src\main\resources\products.temp' is opened by 3720@DESKTOP-IME1R1O

[2026-02-26 21:34:54 #2 type] 
Type domain.Seller is not enhanced.

[2026-02-26 21:34:54 #3 type] 
Type domain.Sale is not enhanced.

------------------------------------------------------------------------------------------------------------------------

[2026-02-26 21:39:53 #1 store] 
Database 'C:\Users\Danocrackspinner\git\lehenbizikoIterazioa2\src\main\resources\products.temp' is opened by 24364@DESKTOP-IME1R1O

[2026-02-26 21:39:53 #2 type] 
Type domain.Seller is not enhanced.

[2026-02-26 21:39:53 #3 type] 
Type domain.Sale is not enhanced.

------------------------------------------------------------------------------------------------------------------------

[2026-02-26 21:43:29 #1 store] 
Database 'C:\Users\Danocrackspinner\git\lehenbizikoIterazioa2\src\main\resources\products.temp' has been recovered (tr. 12-18)

[2026-02-26 21:43:29 #2 store] 
Database 'C:\Users\Danocrackspinner\git\lehenbizikoIterazioa2\src\main\resources\products.temp' is opened by 9512@DESKTOP-IME1R1O

[2026-02-26 21:43:29 #3 type] 
Type domain.Seller is not enhanced.

[2026-02-26 21:43:29 #4 type] 
Type domain.Sale is not enhanced.

------------------------------------------------------------------------------------------------------------------------

[2026-02-26 21:46:47 #1 store] 
Database 'C:\Users\Danocrackspinner\git\lehenbizikoIterazioa2\src\main\resources\products.temp' has been recovered (tr. 19-20)

[2026-02-26 21:46:47 #2 store] 
Database 'C:\Users\Danocrackspinner\git\lehenbizikoIterazioa2\src\main\resources\products.temp' is opened by 26204@DESKTOP-IME1R1O

[2026-02-26 21:46:47 #3 type] 
Type domain.Seller is not enhanced.

[2026-02-26 21:46:47 #4 type] 
Type domain.Sale is not enhanced.

------------------------------------------------------------------------------------------------------------------------

[2026-02-26 21:49:40 #1 store] 
Database 'C:\Users\Danocrackspinner\git\lehenbizikoIterazioa2\src\main\resources\products.temp' is opened by 14884@DESKTOP-IME1R1O

[2026-02-26 21:49:40 #2 type.registry] 
New type domain.Seller

[2026-02-26 21:49:40 #3 type] 
Type domain.Seller is not enhanced.

[2026-02-26 21:49:40 #4 type.registry] 
New type domain.Sale

[2026-02-26 21:49:40 #5 type] 
Type domain.Sale is not enhanced.

[2026-02-26 21:49:40 #6 type.registry] 
New type java.util.ArrayList<java.lang.Object>

[2026-02-26 21:49:40 #7 type.registry] 
New type java.util.ArrayList<domain.Sale>

------------------------------------------------------------------------------------------------------------------------

[2026-02-26 21:49:47 #1 store] 
Database 'C:\Users\Danocrackspinner\git\lehenbizikoIterazioa2\src\main\resources\products.temp' is opened by 2524@DESKTOP-IME1R1O

[2026-02-26 21:49:48 #2 type.registry] 
New type domain.Seller

[2026-02-26 21:49:48 #3 type] 
Type domain.Seller is not enhanced.

[2026-02-26 21:49:48 #4 type.registry] 
New type domain.Sale

[2026-02-26 21:49:48 #5 type] 
Type domain.Sale is not enhanced.

[2026-02-26 21:49:48 #6 type.registry] 
New type java.util.ArrayList<java.lang.Object>

[2026-02-26 21:49:48 #7 type.registry] 
New type java.util.ArrayList<domain.Sale>

------------------------------------------------------------------------------------------------------------------------

[2026-02-26 21:52:15 #1 store] 
Database 'C:\Users\Danocrackspinner\git\lehenbizikoIterazioa2\src\main\resources\products.temp' has been recovered (tr. 1-7)

[2026-02-26 21:52:15 #2 store] 
Database 'C:\Users\Danocrackspinner\git\lehenbizikoIterazioa2\src\main\resources\products.temp' is opened by 27444@DESKTOP-IME1R1O

[2026-02-26 21:52:15 #3 type] 
Type domain.Seller is not enhanced.

[2026-02-26 21:52:15 #4 type] 
Type domain.Sale is not enhanced.

------------------------------------------------------------------------------------------------------------------------

[2026-02-26 21:54:58 #1 store] 
Database 'C:\Users\Danocrackspinner\git\lehenbizikoIterazioa2\src\main\resources\products.temp' has been recovered (tr. 8-13)

[2026-02-26 21:54:58 #2 store] 
Database 'C:\Users\Danocrackspinner\git\lehenbizikoIterazioa2\src\main\resources\products.temp' is opened by 18704@DESKTOP-IME1R1O

[2026-02-26 21:54:58 #3 type] 
Type domain.Seller is not enhanced.

[2026-02-26 21:54:58 #4 type] 
Type domain.Sale is not enhanced.

------------------------------------------------------------------------------------------------------------------------

[2026-02-26 21:55:02 #1 store] 
Database 'C:\Users\Danocrackspinner\git\lehenbizikoIterazioa2\src\main\resources\products.temp' is opened by 11168@DESKTOP-IME1R1O

[2026-02-26 21:55:02 #2 type] 
Type domain.Seller is not enhanced.

[2026-02-26 21:55:02 #3 type] 
Type domain.Sale is not enhanced.

------------------------------------------------------------------------------------------------------------------------

[2026-02-26 22:00:34 #1 store] 
Database 'C:\Users\Danocrackspinner\git\lehenbizikoIterazioa2\src\main\resources\products.temp' is opened by 21400@DESKTOP-IME1R1O

[2026-02-26 22:00:34 #2 type] 
Type domain.Seller is not enhanced.

[2026-02-26 22:00:34 #3 type] 
Type domain.Sale is not enhanced.

------------------------------------------------------------------------------------------------------------------------

[2026-02-26 22:08:27 #1 store] 
Database 'C:\Users\Danocrackspinner\git\lehenbizikoIterazioa2\src\main\resources\products.temp' has been recovered (tr. 14-15)

[2026-02-26 22:08:27 #2 store] 
Database 'C:\Users\Danocrackspinner\git\lehenbizikoIterazioa2\src\main\resources\products.temp' is opened by 27100@DESKTOP-IME1R1O

[2026-02-26 22:08:27 #3 type] 
Type domain.Seller is not enhanced.

[2026-02-26 22:08:27 #4 type] 
Type domain.Sale is not enhanced.

------------------------------------------------------------------------------------------------------------------------

[2026-02-26 22:10:57 #1 store] 
Database 'C:\Users\Danocrackspinner\git\lehenbizikoIterazioa2\src\main\resources\products.temp' has been recovered (tr. 16-19)

[2026-02-26 22:10:57 #2 store] 
Database 'C:\Users\Danocrackspinner\git\lehenbizikoIterazioa2\src\main\resources\products.temp' is opened by 24548@DESKTOP-IME1R1O

[2026-02-26 22:10:57 #3 type] 
Type domain.Seller is not enhanced.

[2026-02-26 22:10:57 #4 type] 
Type domain.Sale is not enhanced.

------------------------------------------------------------------------------------------------------------------------

[2026-02-26 22:11:38 #1 store] 
Database 'C:\Users\Danocrackspinner\git\lehenbizikoIterazioa2\src\main\resources\products.temp' is opened by 27416@DESKTOP-IME1R1O

[2026-02-26 22:11:38 #2 type] 
Type domain.Seller is not enhanced.

[2026-02-26 22:11:38 #3 type] 
Type domain.Sale is not enhanced.

------------------------------------------------------------------------------------------------------------------------

[2026-02-26 22:12:40 #1 store] 
Database 'C:\Users\Danocrackspinner\git\lehenbizikoIterazioa2\src\main\resources\products.temp' is opened by 3884@DESKTOP-IME1R1O

[2026-02-26 22:12:40 #2 type] 
Type domain.Seller is not enhanced.

[2026-02-26 22:12:40 #3 type] 
Type domain.Sale is not enhanced.

------------------------------------------------------------------------------------------------------------------------

[2026-02-26 22:17:09 #1 store] 
Database 'C:\Users\Danocrackspinner\git\lehenbizikoIterazioa2\src\main\resources\products.temp' is opened by 7992@DESKTOP-IME1R1O

[2026-02-26 22:17:09 #2 type] 
Type domain.Seller is not enhanced.

[2026-02-26 22:17:09 #3 type] 
Type domain.Sale is not enhanced.

------------------------------------------------------------------------------------------------------------------------

[2026-02-26 22:21:16 #1 store] 
Database 'C:\Users\Danocrackspinner\git\lehenbizikoIterazioa2\src\main\resources\products.temp' is opened by 2348@DESKTOP-IME1R1O

[2026-02-26 22:21:16 #2 type] 
Type domain.Seller is not enhanced.

[2026-02-26 22:21:16 #3 type] 
Type domain.Sale is not enhanced.

------------------------------------------------------------------------------------------------------------------------

[2026-02-26 22:24:34 #1 store] 
Database 'C:\Users\Danocrackspinner\git\lehenbizikoIterazioa2\src\main\resources\products.temp' is opened by 5984@DESKTOP-IME1R1O

[2026-02-26 22:24:34 #2 type.registry] 
New type domain.Seller

[2026-02-26 22:24:34 #3 type] 
Type domain.Seller is not enhanced.

[2026-02-26 22:24:34 #4 type.registry] 
New type domain.Sale

[2026-02-26 22:24:34 #5 type] 
Type domain.Sale is not enhanced.

[2026-02-26 22:24:34 #6 type.registry] 
New type java.util.ArrayList<java.lang.Object>

[2026-02-26 22:24:34 #7 type.registry] 
New type java.util.ArrayList<domain.Sale>

