------------------------------------------------------------------------------------------------------------------------

[2026-03-20 00:02:13 #1 store] 
Database '/home/bolo/git/lehenbizikoIterazioa/src/main/resources/products.temp' has been recovered (tr. 15-15)

[2026-03-20 00:02:13 #2 store] 
Database '/home/bolo/git/lehenbizikoIterazioa/src/main/resources/products.temp' is opened by 31279@ubuntu

[2026-03-20 00:02:13 #3 type] 
Type domain.Sale is not enhanced.

[2026-03-20 00:02:13 #4 type] 
Type domain.User is not enhanced.

------------------------------------------------------------------------------------------------------------------------

[2026-03-20 00:04:53 #1 store] 
Database '/home/bolo/git/lehenbizikoIterazioa/src/main/resources/products.temp' is opened by 31456@ubuntu

[2026-03-20 00:04:53 #2 type] 
Type domain.Sale is not enhanced.

[2026-03-20 00:04:53 #3 type] 
Type domain.User is not enhanced.

------------------------------------------------------------------------------------------------------------------------

[2026-03-20 00:27:57 #1 store] 
Database '/home/bolo/git/lehenbizikoIterazioa/src/main/resources/products.temp' is opened by 33521@ubuntu

[2026-03-20 00:27:57 #2 type] 
Type domain.Sale is not enhanced.

[2026-03-20 00:27:57 #3 type] 
Type domain.User is not enhanced.

------------------------------------------------------------------------------------------------------------------------

[2026-03-20 00:36:14 #1 store] 
Database '/home/bolo/git/lehenbizikoIterazioa/src/main/resources/products.temp' is opened by 34867@ubuntu

[2026-03-20 00:36:14 #2 type] 
Type domain.Sale is not enhanced.

[2026-03-20 00:36:14 #3 type] 
Type domain.User is not enhanced.

------------------------------------------------------------------------------------------------------------------------

[2026-03-20 00:46:31 #1 store] 
Database '/home/bolo/git/lehenbizikoIterazioa/src/main/resources/products.temp' is opened by 35723@ubuntu

[2026-03-20 00:46:31 #2 type] 
Type domain.Sale is not enhanced.

[2026-03-20 00:46:31 #3 type] 
Type domain.User is not enhanced.

------------------------------------------------------------------------------------------------------------------------

[2026-03-20 00:47:10 #1 store] 
Database '/home/bolo/git/lehenbizikoIterazioa/src/main/resources/products.temp' is opened by 35800@ubuntu

[2026-03-20 00:47:10 #2 type] 
Type domain.Sale is not enhanced.

[2026-03-20 00:47:10 #3 type] 
Type domain.User is not enhanced.

------------------------------------------------------------------------------------------------------------------------

[2026-03-20 00:50:11 #1 store] 
Database '/home/bolo/git/lehenbizikoIterazioa/src/main/resources/products.temp' has been recovered (tr. 16-16)

[2026-03-20 00:50:11 #2 store] 
Database '/home/bolo/git/lehenbizikoIterazioa/src/main/resources/products.temp' is opened by 36033@ubuntu

[2026-03-20 00:50:11 #3 type] 
Type domain.Sale is not enhanced.

[2026-03-20 00:50:11 #4 type] 
Type domain.User is not enhanced.

------------------------------------------------------------------------------------------------------------------------

[2026-03-20 00:57:49 #1 store] 
Database '/home/bolo/git/lehenbizikoIterazioa/src/main/resources/products.temp' is opened by 36841@ubuntu

[2026-03-20 00:57:49 #2 type] 
Type domain.Sale is not enhanced.

[2026-03-20 00:57:49 #3 type] 
Type domain.User is not enhanced.

------------------------------------------------------------------------------------------------------------------------

[2026-03-20 00:58:06 #1 store] 
Database '/home/bolo/git/lehenbizikoIterazioa/src/main/resources/products.temp' is opened by 36899@ubuntu

[2026-03-20 00:58:06 #2 type] 
Type domain.Sale is not enhanced.

[2026-03-20 00:58:06 #3 type] 
Type domain.User is not enhanced.

------------------------------------------------------------------------------------------------------------------------

[2026-03-20 00:59:07 #1 store] 
Database '/home/bolo/git/lehenbizikoIterazioa/src/main/resources/products.temp' is opened by 37069@ubuntu

[2026-03-20 00:59:07 #2 type] 
Type domain.Sale is not enhanced.

[2026-03-20 00:59:07 #3 type] 
Type domain.User is not enhanced.

------------------------------------------------------------------------------------------------------------------------

[2026-03-20 01:00:19 #1 store] 
Database '/home/bolo/git/lehenbizikoIterazioa/src/main/resources/products.temp' is opened by 37160@ubuntu

[2026-03-20 01:00:19 #2 type] 
Type domain.Sale is not enhanced.

[2026-03-20 01:00:19 #3 type] 
Type domain.User is not enhanced.

------------------------------------------------------------------------------------------------------------------------

[2026-03-20 18:05:37 #1 store] 
Database '/home/bolo/git/lehenbizikoIterazioa/src/main/resources/products.temp' has been recovered (tr. 17-17)

[2026-03-20 18:05:37 #2 store] 
Database '/home/bolo/git/lehenbizikoIterazioa/src/main/resources/products.temp' is opened by 43737@ubuntu

[2026-03-20 18:05:37 #3 type] 
Type domain.Sale is not enhanced.

[2026-03-20 18:05:37 #4 type] 
Type domain.User is not enhanced.

------------------------------------------------------------------------------------------------------------------------

[2026-03-20 18:14:37 #1 store] 
Database '/home/bolo/git/lehenbizikoIterazioa/src/main/resources/products.temp' is opened by 44228@ubuntu

[2026-03-20 18:14:37 #2 type] 
Type domain.Sale is not enhanced.

[2026-03-20 18:14:37 #3 type] 
Type domain.User is not enhanced.

------------------------------------------------------------------------------------------------------------------------

[2026-03-20 18:29:28 #1 store] 
Database '/home/bolo/git/lehenbizikoIterazioa/src/main/resources/products.temp' is opened by 45935@ubuntu

[2026-03-20 18:29:28 #2 type.registry] 
New type domain.User

[2026-03-20 18:29:28 #3 type] 
Type domain.User is not enhanced.

[2026-03-20 18:29:28 #4 type.registry] 
New type domain.Sale

[2026-03-20 18:29:28 #5 type] 
Type domain.Sale is not enhanced.

[2026-03-20 18:29:29 #6 type.registry] 
New type java.util.ArrayList<java.lang.Object>

[2026-03-20 18:29:29 #7 type.registry] 
New type java.util.ArrayList<domain.Sale>

------------------------------------------------------------------------------------------------------------------------

[2026-03-20 19:24:09 #1 store] 
Database '/home/bolo/git/lehenbizikoIterazioa/src/main/resources/products.temp' is opened by 51449@ubuntu

[2026-03-20 19:24:09 #2 type.registry] 
New type domain.User

[2026-03-20 19:24:09 #3 type] 
Type domain.User is not enhanced.

[2026-03-20 19:24:09 #4 type.registry] 
New type domain.Sale

[2026-03-20 19:24:09 #5 type] 
Type domain.Sale is not enhanced.

[2026-03-20 19:24:09 #6 type.registry] 
New type java.util.ArrayList<java.lang.Object>

[2026-03-20 19:24:09 #7 type.registry] 
New type java.util.ArrayList<domain.Sale>

------------------------------------------------------------------------------------------------------------------------

[2026-03-20 19:30:23 #1 store] 
Database '/home/bolo/git/lehenbizikoIterazioa/src/main/resources/products.temp' is opened by 52063@ubuntu

[2026-03-20 19:30:24 #2 type.registry] 
New type domain.User

[2026-03-20 19:30:24 #3 type] 
Type domain.User is not enhanced.

[2026-03-20 19:30:24 #4 type.registry] 
New type domain.Sale

[2026-03-20 19:30:24 #5 type] 
Type domain.Sale is not enhanced.

[2026-03-20 19:30:24 #6 type.registry] 
New type java.util.ArrayList<java.lang.Object>

[2026-03-20 19:30:24 #7 type.registry] 
New type java.util.ArrayList<domain.Sale>

------------------------------------------------------------------------------------------------------------------------

[2026-03-20 20:18:06 #1 store] 
Database '/home/bolo/git/lehenbizikoIterazioa/src/main/resources/products.temp' is opened by 55122@ubuntu

[2026-03-20 20:18:06 #2 type.registry] 
New type domain.User

[2026-03-20 20:18:06 #3 type] 
Type domain.User is not enhanced.

[2026-03-20 20:18:06 #4 type.registry] 
New type domain.Sale

[2026-03-20 20:18:06 #5 type] 
Type domain.Sale is not enhanced.

[2026-03-20 20:18:06 #6 type.registry] 
New type java.util.ArrayList<java.lang.Object>

[2026-03-20 20:18:06 #7 type.registry] 
New type java.util.ArrayList<domain.Sale>

------------------------------------------------------------------------------------------------------------------------

[2026-03-20 20:31:29 #1 store] 
Database '/home/bolo/git/lehenbizikoIterazioa/src/main/resources/products.temp' is opened by 56056@ubuntu

[2026-03-20 20:31:29 #2 type.registry] 
New type domain.User

[2026-03-20 20:31:29 #3 type] 
Type domain.User is not enhanced.

[2026-03-20 20:31:29 #4 type.registry] 
New type domain.Sale

[2026-03-20 20:31:29 #5 type] 
Type domain.Sale is not enhanced.

[2026-03-20 20:31:29 #6 type.registry] 
New type java.util.ArrayList<java.lang.Object>

[2026-03-20 20:31:29 #7 type.registry] 
New type java.util.ArrayList<domain.Sale>

------------------------------------------------------------------------------------------------------------------------

[2026-03-20 20:32:03 #1 store] 
Database '/home/bolo/git/lehenbizikoIterazioa/src/main/resources/products.temp' has been recovered (tr. 1-6)

[2026-03-20 20:32:03 #2 store] 
Database '/home/bolo/git/lehenbizikoIterazioa/src/main/resources/products.temp' is opened by 56243@ubuntu

[2026-03-20 20:32:03 #3 type] 
Type domain.User is not enhanced.

[2026-03-20 20:32:03 #4 type] 
Type domain.Sale is not enhanced.

------------------------------------------------------------------------------------------------------------------------

[2026-03-20 20:33:54 #1 store] 
Database '/home/bolo/git/lehenbizikoIterazioa/src/main/resources/products.temp' is opened by 57137@ubuntu

[2026-03-20 20:33:54 #2 type.registry] 
New type domain.User

[2026-03-20 20:33:54 #3 type] 
Type domain.User is not enhanced.

[2026-03-20 20:33:54 #4 type.registry] 
New type domain.Sale

[2026-03-20 20:33:54 #5 type] 
Type domain.Sale is not enhanced.

[2026-03-20 20:33:54 #6 type.registry] 
New type java.util.ArrayList<java.lang.Object>

[2026-03-20 20:33:54 #7 type.registry] 
New type java.util.ArrayList<domain.Sale>

------------------------------------------------------------------------------------------------------------------------

[2026-03-20 20:34:01 #1 store] 
Database '/home/bolo/git/lehenbizikoIterazioa/src/main/resources/products.temp' has been recovered (tr. 1-6)

[2026-03-20 20:34:01 #2 store] 
Database '/home/bolo/git/lehenbizikoIterazioa/src/main/resources/products.temp' is opened by 57191@ubuntu

[2026-03-20 20:34:01 #3 type] 
Type domain.User is not enhanced.

[2026-03-20 20:34:01 #4 type] 
Type domain.Sale is not enhanced.

