------------------------------------------------------------------------------------------------------------------------

[2026-04-08 00:53:18 #1 store] 
Database '/home/bolo/git/lehenbizikoIterazioa/src/main/resources/products.temp' has been recovered (tr. 11-13)

[2026-04-08 00:53:18 #2 store] 
Database '/home/bolo/git/lehenbizikoIterazioa/src/main/resources/products.temp' is opened by 35261@ubuntu

[2026-04-08 00:53:18 #3 type] 
Type domain.User is not enhanced.

[2026-04-08 00:53:18 #4 type] 
Type domain.Erreklamazioa is not enhanced.

[2026-04-08 00:53:18 #5 type] 
Type domain.Salaketa is not enhanced.

[2026-04-08 00:53:18 #6 type] 
Type domain.Mugimendua is not enhanced.

[2026-04-08 00:53:18 #7 type] 
Type domain.Sale is not enhanced.

[2026-04-08 00:53:18 #8 type] 
Type domain.Txartela is not enhanced.

[2026-04-08 00:53:18 #9 type] 
Type domain.Arduraduna is not enhanced.

------------------------------------------------------------------------------------------------------------------------

[2026-04-08 01:11:55 #1 store] 
Database '/home/bolo/git/lehenbizikoIterazioa/src/main/resources/products.temp' has been recovered (tr. 14-14)

[2026-04-08 01:11:55 #2 store] 
Database '/home/bolo/git/lehenbizikoIterazioa/src/main/resources/products.temp' is opened by 37507@ubuntu

[2026-04-08 01:11:55 #3 type] 
Type domain.User is not enhanced.

[2026-04-08 01:11:55 #4 type] 
Type domain.Erreklamazioa is not enhanced.

[2026-04-08 01:11:55 #5 type] 
Type domain.Salaketa is not enhanced.

[2026-04-08 01:11:55 #6 type] 
Type domain.Mugimendua is not enhanced.

[2026-04-08 01:11:55 #7 type] 
Type domain.Sale is not enhanced.

[2026-04-08 01:11:55 #8 type] 
Type domain.Txartela is not enhanced.

[2026-04-08 01:11:55 #9 type] 
Type domain.Arduraduna is not enhanced.

------------------------------------------------------------------------------------------------------------------------

[2026-04-08 01:14:06 #1 store] 
Database '/home/bolo/git/lehenbizikoIterazioa/src/main/resources/products.temp' is opened by 37905@ubuntu

[2026-04-08 01:14:06 #2 type] 
Type domain.User is not enhanced.

[2026-04-08 01:14:06 #3 type] 
Type domain.Erreklamazioa is not enhanced.

[2026-04-08 01:14:06 #4 type] 
Type domain.Salaketa is not enhanced.

[2026-04-08 01:14:06 #5 type] 
Type domain.Mugimendua is not enhanced.

[2026-04-08 01:14:06 #6 type] 
Type domain.Sale is not enhanced.

[2026-04-08 01:14:06 #7 type] 
Type domain.Txartela is not enhanced.

[2026-04-08 01:14:06 #8 type] 
Type domain.Arduraduna is not enhanced.

------------------------------------------------------------------------------------------------------------------------

[2026-04-08 01:31:46 #1 store] 
Database '/home/bolo/git/lehenbizikoIterazioa/src/main/resources/products.temp' is opened by 40173@ubuntu

[2026-04-08 01:31:46 #2 type] 
Type domain.User is not enhanced.

[2026-04-08 01:31:46 #3 type] 
Type domain.Erreklamazioa is not enhanced.

[2026-04-08 01:31:46 #4 type] 
Type domain.Salaketa is not enhanced.

[2026-04-08 01:31:46 #5 type] 
Type domain.Mugimendua is not enhanced.

[2026-04-08 01:31:46 #6 type] 
Type domain.Sale is not enhanced.

[2026-04-08 01:31:46 #7 type] 
Type domain.Txartela is not enhanced.

[2026-04-08 01:31:46 #8 type] 
Type domain.Arduraduna is not enhanced.

------------------------------------------------------------------------------------------------------------------------

[2026-04-08 01:32:34 #1 store] 
Database '/home/bolo/git/lehenbizikoIterazioa/src/main/resources/products.temp' is opened by 40276@ubuntu

[2026-04-08 01:32:34 #2 type] 
Type domain.User is not enhanced.

[2026-04-08 01:32:34 #3 type] 
Type domain.Erreklamazioa is not enhanced.

[2026-04-08 01:32:34 #4 type] 
Type domain.Salaketa is not enhanced.

[2026-04-08 01:32:34 #5 type] 
Type domain.Mugimendua is not enhanced.

[2026-04-08 01:32:34 #6 type] 
Type domain.Sale is not enhanced.

[2026-04-08 01:32:34 #7 type] 
Type domain.Txartela is not enhanced.

[2026-04-08 01:32:34 #8 type] 
Type domain.Arduraduna is not enhanced.

------------------------------------------------------------------------------------------------------------------------

[2026-04-08 01:34:43 #1 store] 
Database '/home/bolo/git/lehenbizikoIterazioa/src/main/resources/products.temp' is opened by 40437@ubuntu

[2026-04-08 01:34:43 #2 type] 
Type domain.User is not enhanced.

[2026-04-08 01:34:43 #3 type] 
Type domain.Erreklamazioa is not enhanced.

[2026-04-08 01:34:43 #4 type] 
Type domain.Salaketa is not enhanced.

[2026-04-08 01:34:43 #5 type] 
Type domain.Mugimendua is not enhanced.

[2026-04-08 01:34:43 #6 type] 
Type domain.Sale is not enhanced.

[2026-04-08 01:34:43 #7 type] 
Type domain.Txartela is not enhanced.

[2026-04-08 01:34:43 #8 type] 
Type domain.Arduraduna is not enhanced.

------------------------------------------------------------------------------------------------------------------------

[2026-04-08 01:35:38 #1 store] 
Database '/home/bolo/git/lehenbizikoIterazioa/src/main/resources/products.temp' is opened by 40693@ubuntu

[2026-04-08 01:35:38 #2 type] 
Type domain.User is not enhanced.

[2026-04-08 01:35:38 #3 type] 
Type domain.Erreklamazioa is not enhanced.

[2026-04-08 01:35:38 #4 type] 
Type domain.Salaketa is not enhanced.

[2026-04-08 01:35:38 #5 type] 
Type domain.Mugimendua is not enhanced.

[2026-04-08 01:35:38 #6 type] 
Type domain.Sale is not enhanced.

[2026-04-08 01:35:38 #7 type] 
Type domain.Txartela is not enhanced.

[2026-04-08 01:35:38 #8 type] 
Type domain.Arduraduna is not enhanced.

------------------------------------------------------------------------------------------------------------------------

[2026-04-08 01:55:00 #1 store] 
Database '/home/bolo/git/lehenbizikoIterazioa/src/main/resources/products.temp' is opened by 43186@ubuntu

[2026-04-08 01:55:00 #2 type] 
Type domain.User is not enhanced.

[2026-04-08 01:55:00 #3 type] 
Type domain.Erreklamazioa is not enhanced.

[2026-04-08 01:55:00 #4 type] 
Type domain.Salaketa is not enhanced.

[2026-04-08 01:55:00 #5 type] 
Type domain.Mugimendua is not enhanced.

[2026-04-08 01:55:00 #6 type] 
Type domain.Sale is not enhanced.

[2026-04-08 01:55:00 #7 type] 
Type domain.Txartela is not enhanced.

[2026-04-08 01:55:00 #8 type] 
Type domain.Arduraduna is not enhanced.

------------------------------------------------------------------------------------------------------------------------

[2026-04-08 01:57:38 #1 store] 
Database '/home/bolo/git/lehenbizikoIterazioa/src/main/resources/products.temp' is opened by 43648@ubuntu

[2026-04-08 01:57:39 #2 type] 
Type domain.User is not enhanced.

[2026-04-08 01:57:39 #3 type] 
Type domain.Erreklamazioa is not enhanced.

[2026-04-08 01:57:39 #4 type] 
Type domain.Salaketa is not enhanced.

[2026-04-08 01:57:39 #5 type] 
Type domain.Mugimendua is not enhanced.

[2026-04-08 01:57:39 #6 type] 
Type domain.Sale is not enhanced.

[2026-04-08 01:57:39 #7 type] 
Type domain.Txartela is not enhanced.

[2026-04-08 01:57:39 #8 type] 
Type domain.Arduraduna is not enhanced.

------------------------------------------------------------------------------------------------------------------------

[2026-04-08 01:59:24 #1 store] 
Database '/home/bolo/git/lehenbizikoIterazioa/src/main/resources/products.temp' is opened by 44001@ubuntu

[2026-04-08 01:59:24 #2 type] 
Type domain.User is not enhanced.

[2026-04-08 01:59:24 #3 type] 
Type domain.Erreklamazioa is not enhanced.

[2026-04-08 01:59:24 #4 type] 
Type domain.Salaketa is not enhanced.

[2026-04-08 01:59:24 #5 type] 
Type domain.Mugimendua is not enhanced.

[2026-04-08 01:59:24 #6 type] 
Type domain.Sale is not enhanced.

[2026-04-08 01:59:24 #7 type] 
Type domain.Txartela is not enhanced.

[2026-04-08 01:59:24 #8 type] 
Type domain.Arduraduna is not enhanced.

------------------------------------------------------------------------------------------------------------------------

[2026-04-08 02:00:18 #1 store] 
Database '/home/bolo/git/lehenbizikoIterazioa/src/main/resources/products.temp' is opened by 44176@ubuntu

[2026-04-08 02:00:18 #2 type] 
Type domain.User is not enhanced.

[2026-04-08 02:00:19 #3 type] 
Type domain.Erreklamazioa is not enhanced.

[2026-04-08 02:00:19 #4 type] 
Type domain.Salaketa is not enhanced.

[2026-04-08 02:00:19 #5 type] 
Type domain.Mugimendua is not enhanced.

[2026-04-08 02:00:19 #6 type] 
Type domain.Sale is not enhanced.

[2026-04-08 02:00:19 #7 type] 
Type domain.Txartela is not enhanced.

[2026-04-08 02:00:19 #8 type] 
Type domain.Arduraduna is not enhanced.

------------------------------------------------------------------------------------------------------------------------

[2026-04-08 02:00:37 #1 store] 
Database '/home/bolo/git/lehenbizikoIterazioa/src/main/resources/products.temp' has been recovered (tr. 15-15)

[2026-04-08 02:00:37 #2 store] 
Database '/home/bolo/git/lehenbizikoIterazioa/src/main/resources/products.temp' is opened by 44242@ubuntu

[2026-04-08 02:00:37 #3 type] 
Type domain.User is not enhanced.

[2026-04-08 02:00:37 #4 type] 
Type domain.Erreklamazioa is not enhanced.

[2026-04-08 02:00:37 #5 type] 
Type domain.Salaketa is not enhanced.

[2026-04-08 02:00:37 #6 type] 
Type domain.Mugimendua is not enhanced.

[2026-04-08 02:00:37 #7 type] 
Type domain.Sale is not enhanced.

[2026-04-08 02:00:37 #8 type] 
Type domain.Txartela is not enhanced.

[2026-04-08 02:00:37 #9 type] 
Type domain.Arduraduna is not enhanced.

------------------------------------------------------------------------------------------------------------------------

[2026-04-08 02:01:13 #1 store] 
Database '/home/bolo/git/lehenbizikoIterazioa/src/main/resources/products.temp' is opened by 44315@ubuntu

[2026-04-08 02:01:13 #2 type] 
Type domain.User is not enhanced.

[2026-04-08 02:01:13 #3 type] 
Type domain.Erreklamazioa is not enhanced.

[2026-04-08 02:01:13 #4 type] 
Type domain.Salaketa is not enhanced.

[2026-04-08 02:01:13 #5 type] 
Type domain.Mugimendua is not enhanced.

[2026-04-08 02:01:13 #6 type] 
Type domain.Sale is not enhanced.

[2026-04-08 02:01:13 #7 type] 
Type domain.Txartela is not enhanced.

[2026-04-08 02:01:13 #8 type] 
Type domain.Arduraduna is not enhanced.

------------------------------------------------------------------------------------------------------------------------

[2026-04-08 14:38:18 #1 store] 
Database '/home/bolo/git/lehenbizikoIterazioa/src/main/resources/products.temp' is opened by 6971@ubuntu

[2026-04-08 14:38:18 #2 type] 
Type domain.User is not enhanced.

[2026-04-08 14:38:18 #3 type] 
Type domain.Erreklamazioa is not enhanced.

[2026-04-08 14:38:18 #4 type] 
Type domain.Salaketa is not enhanced.

[2026-04-08 14:38:18 #5 type] 
Type domain.Mugimendua is not enhanced.

[2026-04-08 14:38:18 #6 type] 
Type domain.Sale is not enhanced.

[2026-04-08 14:38:18 #7 type] 
Type domain.Txartela is not enhanced.

[2026-04-08 14:38:18 #8 type] 
Type domain.Arduraduna is not enhanced.

------------------------------------------------------------------------------------------------------------------------

[2026-04-08 14:39:32 #1 store] 
Database '/home/bolo/git/lehenbizikoIterazioa/src/main/resources/products.temp' has been recovered (tr. 16-17)

[2026-04-08 14:39:32 #2 store] 
Database '/home/bolo/git/lehenbizikoIterazioa/src/main/resources/products.temp' is opened by 7051@ubuntu

[2026-04-08 14:39:33 #3 type] 
Type domain.User is not enhanced.

[2026-04-08 14:39:33 #4 type] 
Type domain.Erreklamazioa is not enhanced.

[2026-04-08 14:39:33 #5 type] 
Type domain.Salaketa is not enhanced.

[2026-04-08 14:39:33 #6 type] 
Type domain.Mugimendua is not enhanced.

[2026-04-08 14:39:33 #7 type] 
Type domain.Sale is not enhanced.

[2026-04-08 14:39:33 #8 type] 
Type domain.Txartela is not enhanced.

[2026-04-08 14:39:33 #9 type] 
Type domain.Arduraduna is not enhanced.

------------------------------------------------------------------------------------------------------------------------

[2026-04-08 14:49:58 #1 store] 
Database '/home/bolo/git/lehenbizikoIterazioa/src/main/resources/products.temp' is opened by 9737@ubuntu

[2026-04-08 14:49:58 #2 type] 
Type domain.User is not enhanced.

[2026-04-08 14:49:58 #3 type] 
Type domain.Erreklamazioa is not enhanced.

[2026-04-08 14:49:58 #4 type] 
Type domain.Salaketa is not enhanced.

[2026-04-08 14:49:58 #5 type] 
Type domain.Mugimendua is not enhanced.

[2026-04-08 14:49:58 #6 type] 
Type domain.Sale is not enhanced.

[2026-04-08 14:49:58 #7 type] 
Type domain.Txartela is not enhanced.

[2026-04-08 14:49:58 #8 type] 
Type domain.Arduraduna is not enhanced.

------------------------------------------------------------------------------------------------------------------------

[2026-04-08 14:51:26 #1 store] 
Database '/home/bolo/git/lehenbizikoIterazioa/src/main/resources/products.temp' has been recovered (tr. 18-18)

[2026-04-08 14:51:26 #2 store] 
Database '/home/bolo/git/lehenbizikoIterazioa/src/main/resources/products.temp' is opened by 9898@ubuntu

[2026-04-08 14:51:26 #3 type] 
Type domain.User is not enhanced.

[2026-04-08 14:51:26 #4 type] 
Type domain.Erreklamazioa is not enhanced.

[2026-04-08 14:51:26 #5 type] 
Type domain.Salaketa is not enhanced.

[2026-04-08 14:51:26 #6 type] 
Type domain.Mugimendua is not enhanced.

[2026-04-08 14:51:26 #7 type] 
Type domain.Sale is not enhanced.

[2026-04-08 14:51:26 #8 type] 
Type domain.Txartela is not enhanced.

[2026-04-08 14:51:26 #9 type] 
Type domain.Arduraduna is not enhanced.

------------------------------------------------------------------------------------------------------------------------

[2026-04-08 14:52:17 #1 store] 
Database '/home/bolo/git/lehenbizikoIterazioa/src/main/resources/products.temp' is opened by 9974@ubuntu

[2026-04-08 14:52:17 #2 type] 
Type domain.User is not enhanced.

[2026-04-08 14:52:17 #3 type] 
Type domain.Erreklamazioa is not enhanced.

[2026-04-08 14:52:17 #4 type] 
Type domain.Salaketa is not enhanced.

[2026-04-08 14:52:17 #5 type] 
Type domain.Mugimendua is not enhanced.

[2026-04-08 14:52:17 #6 type] 
Type domain.Sale is not enhanced.

[2026-04-08 14:52:17 #7 type] 
Type domain.Txartela is not enhanced.

[2026-04-08 14:52:17 #8 type] 
Type domain.Arduraduna is not enhanced.

------------------------------------------------------------------------------------------------------------------------

[2026-04-08 14:54:21 #1 store] 
Database '/home/bolo/git/lehenbizikoIterazioa/src/main/resources/products.temp' has been recovered (tr. 19-19)

[2026-04-08 14:54:21 #2 store] 
Database '/home/bolo/git/lehenbizikoIterazioa/src/main/resources/products.temp' is opened by 10184@ubuntu

[2026-04-08 14:54:21 #3 type] 
Type domain.User is not enhanced.

[2026-04-08 14:54:21 #4 type] 
Type domain.Erreklamazioa is not enhanced.

[2026-04-08 14:54:21 #5 type] 
Type domain.Salaketa is not enhanced.

[2026-04-08 14:54:21 #6 type] 
Type domain.Mugimendua is not enhanced.

[2026-04-08 14:54:21 #7 type] 
Type domain.Sale is not enhanced.

[2026-04-08 14:54:21 #8 type] 
Type domain.Txartela is not enhanced.

[2026-04-08 14:54:21 #9 type] 
Type domain.Arduraduna is not enhanced.

------------------------------------------------------------------------------------------------------------------------

[2026-04-08 14:57:28 #1 store] 
Database '/home/bolo/git/lehenbizikoIterazioa/src/main/resources/products.temp' has been recovered (tr. 20-20)

[2026-04-08 14:57:28 #2 store] 
Database '/home/bolo/git/lehenbizikoIterazioa/src/main/resources/products.temp' is opened by 10662@ubuntu

[2026-04-08 14:57:28 #3 type] 
Type domain.User is not enhanced.

[2026-04-08 14:57:28 #4 type] 
Type domain.Erreklamazioa is not enhanced.

[2026-04-08 14:57:28 #5 type] 
Type domain.Salaketa is not enhanced.

[2026-04-08 14:57:28 #6 type] 
Type domain.Mugimendua is not enhanced.

[2026-04-08 14:57:28 #7 type] 
Type domain.Sale is not enhanced.

[2026-04-08 14:57:28 #8 type] 
Type domain.Txartela is not enhanced.

[2026-04-08 14:57:28 #9 type] 
Type domain.Arduraduna is not enhanced.

------------------------------------------------------------------------------------------------------------------------

[2026-04-08 18:08:48 #1 store] 
Database '/home/bolo/git/lehenbizikoIterazioa/src/main/resources/products.temp' is opened by 17051@ubuntu

[2026-04-08 18:08:48 #2 type] 
Type domain.User is not enhanced.

[2026-04-08 18:08:48 #3 type] 
Type domain.Erreklamazioa is not enhanced.

[2026-04-08 18:08:48 #4 type] 
Type domain.Salaketa is not enhanced.

[2026-04-08 18:08:48 #5 type] 
Type domain.Mugimendua is not enhanced.

[2026-04-08 18:08:48 #6 type] 
Type domain.Sale is not enhanced.

[2026-04-08 18:08:48 #7 type] 
Type domain.Txartela is not enhanced.

[2026-04-08 18:08:48 #8 type] 
Type domain.Arduraduna is not enhanced.

------------------------------------------------------------------------------------------------------------------------

[2026-04-08 18:10:45 #1 store] 
Database '/home/bolo/git/lehenbizikoIterazioa/src/main/resources/products.temp' is opened by 17459@ubuntu

[2026-04-08 18:10:45 #2 type] 
Type domain.User is not enhanced.

[2026-04-08 18:10:45 #3 type] 
Type domain.Erreklamazioa is not enhanced.

[2026-04-08 18:10:45 #4 type] 
Type domain.Salaketa is not enhanced.

[2026-04-08 18:10:45 #5 type] 
Type domain.Mugimendua is not enhanced.

[2026-04-08 18:10:45 #6 type] 
Type domain.Sale is not enhanced.

[2026-04-08 18:10:45 #7 type] 
Type domain.Txartela is not enhanced.

[2026-04-08 18:10:45 #8 type] 
Type domain.Arduraduna is not enhanced.

------------------------------------------------------------------------------------------------------------------------

[2026-04-08 18:11:09 #1 store] 
Database '/home/bolo/git/lehenbizikoIterazioa/src/main/resources/products.temp' has been recovered (tr. 21-21)

[2026-04-08 18:11:09 #2 store] 
Database '/home/bolo/git/lehenbizikoIterazioa/src/main/resources/products.temp' is opened by 17532@ubuntu

[2026-04-08 18:11:09 #3 type] 
Type domain.User is not enhanced.

[2026-04-08 18:11:09 #4 type] 
Type domain.Erreklamazioa is not enhanced.

[2026-04-08 18:11:09 #5 type] 
Type domain.Salaketa is not enhanced.

[2026-04-08 18:11:09 #6 type] 
Type domain.Mugimendua is not enhanced.

[2026-04-08 18:11:09 #7 type] 
Type domain.Sale is not enhanced.

[2026-04-08 18:11:09 #8 type] 
Type domain.Txartela is not enhanced.

[2026-04-08 18:11:09 #9 type] 
Type domain.Arduraduna is not enhanced.

------------------------------------------------------------------------------------------------------------------------

[2026-04-08 18:12:06 #1 store] 
Database '/home/bolo/git/lehenbizikoIterazioa/src/main/resources/products.temp' is opened by 17619@ubuntu

[2026-04-08 18:12:07 #2 type] 
Type domain.User is not enhanced.

[2026-04-08 18:12:07 #3 type] 
Type domain.Erreklamazioa is not enhanced.

[2026-04-08 18:12:07 #4 type] 
Type domain.Salaketa is not enhanced.

[2026-04-08 18:12:07 #5 type] 
Type domain.Mugimendua is not enhanced.

[2026-04-08 18:12:07 #6 type] 
Type domain.Sale is not enhanced.

[2026-04-08 18:12:07 #7 type] 
Type domain.Txartela is not enhanced.

[2026-04-08 18:12:07 #8 type] 
Type domain.Arduraduna is not enhanced.

------------------------------------------------------------------------------------------------------------------------

[2026-04-08 18:16:12 #1 store] 
Database '/home/bolo/git/lehenbizikoIterazioa/src/main/resources/products.temp' is opened by 18083@ubuntu

[2026-04-08 18:16:12 #2 type] 
Type domain.User is not enhanced.

[2026-04-08 18:16:12 #3 type] 
Type domain.Erreklamazioa is not enhanced.

[2026-04-08 18:16:12 #4 type] 
Type domain.Salaketa is not enhanced.

[2026-04-08 18:16:12 #5 type] 
Type domain.Mugimendua is not enhanced.

[2026-04-08 18:16:12 #6 type] 
Type domain.Sale is not enhanced.

[2026-04-08 18:16:12 #7 type] 
Type domain.Txartela is not enhanced.

[2026-04-08 18:16:12 #8 type] 
Type domain.Arduraduna is not enhanced.

------------------------------------------------------------------------------------------------------------------------

[2026-04-08 18:17:19 #1 store] 
Database '/home/bolo/git/lehenbizikoIterazioa/src/main/resources/products.temp' has been recovered (tr. 22-23)

[2026-04-08 18:17:19 #2 store] 
Database '/home/bolo/git/lehenbizikoIterazioa/src/main/resources/products.temp' is opened by 18155@ubuntu

[2026-04-08 18:17:19 #3 type] 
Type domain.User is not enhanced.

[2026-04-08 18:17:19 #4 type] 
Type domain.Erreklamazioa is not enhanced.

[2026-04-08 18:17:19 #5 type] 
Type domain.Salaketa is not enhanced.

[2026-04-08 18:17:19 #6 type] 
Type domain.Mugimendua is not enhanced.

[2026-04-08 18:17:19 #7 type] 
Type domain.Sale is not enhanced.

[2026-04-08 18:17:19 #8 type] 
Type domain.Txartela is not enhanced.

[2026-04-08 18:17:19 #9 type] 
Type domain.Arduraduna is not enhanced.

------------------------------------------------------------------------------------------------------------------------

[2026-04-08 18:28:07 #1 store] 
Database '/home/bolo/git/lehenbizikoIterazioa/src/main/resources/products.temp' is opened by 19691@ubuntu

[2026-04-08 18:28:07 #2 type.registry] 
New type domain.User

[2026-04-08 18:28:07 #3 type] 
Type domain.User is not enhanced.

[2026-04-08 18:28:07 #4 type.registry] 
New type domain.Erreklamazioa

[2026-04-08 18:28:07 #5 type.registry] 
New type domain.Salaketa

[2026-04-08 18:28:07 #6 type.registry] 
New type domain.Mugimendua

[2026-04-08 18:28:07 #7 type.registry] 
New type domain.Sale

[2026-04-08 18:28:07 #8 type.registry] 
New type domain.Txartela

[2026-04-08 18:28:07 #9 type] 
Type domain.Erreklamazioa is not enhanced.

[2026-04-08 18:28:07 #10 type] 
Type domain.Salaketa is not enhanced.

[2026-04-08 18:28:07 #11 type] 
Type domain.Mugimendua is not enhanced.

[2026-04-08 18:28:07 #12 type] 
Type domain.Sale is not enhanced.

[2026-04-08 18:28:07 #13 type] 
Type domain.Txartela is not enhanced.

[2026-04-08 18:28:07 #14 type.registry] 
New type domain.Arduraduna

[2026-04-08 18:28:07 #15 type] 
Type domain.Arduraduna is not enhanced.

[2026-04-08 18:28:07 #16 type.registry] 
New type java.util.ArrayList<java.lang.Object>

[2026-04-08 18:28:07 #17 type.registry] 
New type java.util.ArrayList<domain.Sale>

[2026-04-08 18:28:07 #18 type.registry] 
New type java.util.ArrayList<domain.Mugimendua>

[2026-04-08 18:28:07 #19 type.registry] 
New type java.util.ArrayList<domain.Salaketa>

[2026-04-08 18:28:07 #20 type.registry] 
New type java.util.ArrayList<domain.Erreklamazioa>

------------------------------------------------------------------------------------------------------------------------

[2026-04-08 18:28:14 #1 store] 
Database '/home/bolo/git/lehenbizikoIterazioa/src/main/resources/products.temp' has been recovered (tr. 1-10)

[2026-04-08 18:28:14 #2 store] 
Database '/home/bolo/git/lehenbizikoIterazioa/src/main/resources/products.temp' is opened by 19741@ubuntu

[2026-04-08 18:28:14 #3 type] 
Type domain.User is not enhanced.

[2026-04-08 18:28:14 #4 type] 
Type domain.Erreklamazioa is not enhanced.

[2026-04-08 18:28:14 #5 type] 
Type domain.Salaketa is not enhanced.

[2026-04-08 18:28:14 #6 type] 
Type domain.Mugimendua is not enhanced.

[2026-04-08 18:28:14 #7 type] 
Type domain.Sale is not enhanced.

[2026-04-08 18:28:14 #8 type] 
Type domain.Txartela is not enhanced.

[2026-04-08 18:28:14 #9 type] 
Type domain.Arduraduna is not enhanced.

------------------------------------------------------------------------------------------------------------------------

[2026-04-08 18:28:32 #1 store] 
Database '/home/bolo/git/lehenbizikoIterazioa/src/main/resources/products.temp' is opened by 19797@ubuntu

[2026-04-08 18:28:32 #2 type] 
Type domain.User is not enhanced.

[2026-04-08 18:28:32 #3 type] 
Type domain.Erreklamazioa is not enhanced.

[2026-04-08 18:28:32 #4 type] 
Type domain.Salaketa is not enhanced.

[2026-04-08 18:28:32 #5 type] 
Type domain.Mugimendua is not enhanced.

[2026-04-08 18:28:32 #6 type] 
Type domain.Sale is not enhanced.

[2026-04-08 18:28:32 #7 type] 
Type domain.Txartela is not enhanced.

[2026-04-08 18:28:32 #8 type] 
Type domain.Arduraduna is not enhanced.

------------------------------------------------------------------------------------------------------------------------

[2026-04-08 18:30:14 #1 store] 
Database '/home/bolo/git/lehenbizikoIterazioa/src/main/resources/products.temp' has been recovered (tr. 11-18)

[2026-04-08 18:30:14 #2 store] 
Database '/home/bolo/git/lehenbizikoIterazioa/src/main/resources/products.temp' is opened by 19910@ubuntu

[2026-04-08 18:30:14 #3 type] 
Type domain.User is not enhanced.

[2026-04-08 18:30:14 #4 type] 
Type domain.Erreklamazioa is not enhanced.

[2026-04-08 18:30:14 #5 type] 
Type domain.Salaketa is not enhanced.

[2026-04-08 18:30:14 #6 type] 
Type domain.Mugimendua is not enhanced.

[2026-04-08 18:30:14 #7 type] 
Type domain.Sale is not enhanced.

[2026-04-08 18:30:14 #8 type] 
Type domain.Txartela is not enhanced.

[2026-04-08 18:30:14 #9 type] 
Type domain.Arduraduna is not enhanced.

------------------------------------------------------------------------------------------------------------------------

[2026-04-08 18:30:28 #1 store] 
Database '/home/bolo/git/lehenbizikoIterazioa/src/main/resources/products.temp' is opened by 19993@ubuntu

[2026-04-08 18:30:28 #2 type] 
Type domain.User is not enhanced.

[2026-04-08 18:30:28 #3 type] 
Type domain.Erreklamazioa is not enhanced.

[2026-04-08 18:30:28 #4 type] 
Type domain.Salaketa is not enhanced.

[2026-04-08 18:30:28 #5 type] 
Type domain.Mugimendua is not enhanced.

[2026-04-08 18:30:28 #6 type] 
Type domain.Sale is not enhanced.

[2026-04-08 18:30:28 #7 type] 
Type domain.Txartela is not enhanced.

[2026-04-08 18:30:28 #8 type] 
Type domain.Arduraduna is not enhanced.

------------------------------------------------------------------------------------------------------------------------

[2026-04-08 18:32:05 #1 store] 
Database '/home/bolo/git/lehenbizikoIterazioa/src/main/resources/products.temp' has been recovered (tr. 19-22)

[2026-04-08 18:32:05 #2 store] 
Database '/home/bolo/git/lehenbizikoIterazioa/src/main/resources/products.temp' is opened by 20091@ubuntu

[2026-04-08 18:32:05 #3 type] 
Type domain.User is not enhanced.

[2026-04-08 18:32:05 #4 type] 
Type domain.Erreklamazioa is not enhanced.

[2026-04-08 18:32:05 #5 type] 
Type domain.Salaketa is not enhanced.

[2026-04-08 18:32:05 #6 type] 
Type domain.Mugimendua is not enhanced.

[2026-04-08 18:32:05 #7 type] 
Type domain.Sale is not enhanced.

[2026-04-08 18:32:05 #8 type] 
Type domain.Txartela is not enhanced.

[2026-04-08 18:32:05 #9 type] 
Type domain.Arduraduna is not enhanced.

------------------------------------------------------------------------------------------------------------------------

[2026-04-08 18:34:15 #1 store] 
Database '/home/bolo/git/lehenbizikoIterazioa/src/main/resources/products.temp' is opened by 20247@ubuntu

[2026-04-08 18:34:16 #2 type] 
Type domain.User is not enhanced.

[2026-04-08 18:34:16 #3 type] 
Type domain.Erreklamazioa is not enhanced.

[2026-04-08 18:34:16 #4 type] 
Type domain.Salaketa is not enhanced.

[2026-04-08 18:34:16 #5 type] 
Type domain.Mugimendua is not enhanced.

[2026-04-08 18:34:16 #6 type] 
Type domain.Sale is not enhanced.

[2026-04-08 18:34:16 #7 type] 
Type domain.Txartela is not enhanced.

[2026-04-08 18:34:16 #8 type] 
Type domain.Arduraduna is not enhanced.

------------------------------------------------------------------------------------------------------------------------

[2026-04-08 18:35:24 #1 store] 
Database '/home/bolo/git/lehenbizikoIterazioa/src/main/resources/products.temp' has been recovered (tr. 23-24)

[2026-04-08 18:35:24 #2 store] 
Database '/home/bolo/git/lehenbizikoIterazioa/src/main/resources/products.temp' is opened by 20381@ubuntu

[2026-04-08 18:35:24 #3 type] 
Type domain.User is not enhanced.

[2026-04-08 18:35:24 #4 type] 
Type domain.Erreklamazioa is not enhanced.

[2026-04-08 18:35:24 #5 type] 
Type domain.Salaketa is not enhanced.

[2026-04-08 18:35:24 #6 type] 
Type domain.Mugimendua is not enhanced.

[2026-04-08 18:35:24 #7 type] 
Type domain.Sale is not enhanced.

[2026-04-08 18:35:24 #8 type] 
Type domain.Txartela is not enhanced.

[2026-04-08 18:35:24 #9 type] 
Type domain.Arduraduna is not enhanced.

------------------------------------------------------------------------------------------------------------------------

[2026-04-08 20:48:14 #1 store] 
Database '/home/bolo/git/lehenbizikoIterazioa/src/main/resources/products.temp' is opened by 42638@ubuntu

[2026-04-08 20:48:14 #2 type] 
Type domain.User is not enhanced.

[2026-04-08 20:48:14 #3 type] 
Type domain.Erreklamazioa is not enhanced.

[2026-04-08 20:48:14 #4 type] 
Type domain.Salaketa is not enhanced.

[2026-04-08 20:48:14 #5 type] 
Type domain.Mugimendua is not enhanced.

[2026-04-08 20:48:14 #6 type] 
Type domain.Sale is not enhanced.

[2026-04-08 20:48:14 #7 type] 
Type domain.Txartela is not enhanced.

[2026-04-08 20:48:14 #8 type] 
Type domain.Arduraduna is not enhanced.

------------------------------------------------------------------------------------------------------------------------

[2026-04-08 21:00:35 #1 store] 
Database '/home/bolo/git/lehenbizikoIterazioa/src/main/resources/products.temp' is opened by 45083@ubuntu

[2026-04-08 21:00:35 #2 type] 
Type domain.User is not enhanced.

[2026-04-08 21:00:35 #3 type] 
Type domain.Erreklamazioa is not enhanced.

[2026-04-08 21:00:35 #4 type] 
Type domain.Salaketa is not enhanced.

[2026-04-08 21:00:35 #5 type] 
Type domain.Mugimendua is not enhanced.

[2026-04-08 21:00:35 #6 type] 
Type domain.Sale is not enhanced.

[2026-04-08 21:00:35 #7 type] 
Type domain.Txartela is not enhanced.

[2026-04-08 21:00:35 #8 type] 
Type domain.Arduraduna is not enhanced.

------------------------------------------------------------------------------------------------------------------------

[2026-04-08 21:02:09 #1 store] 
Database '/home/bolo/git/lehenbizikoIterazioa/src/main/resources/products.temp' has been recovered (tr. 25-25)

[2026-04-08 21:02:09 #2 store] 
Database '/home/bolo/git/lehenbizikoIterazioa/src/main/resources/products.temp' is opened by 45296@ubuntu

[2026-04-08 21:02:09 #3 type] 
Type domain.User is not enhanced.

[2026-04-08 21:02:09 #4 type] 
Type domain.Erreklamazioa is not enhanced.

[2026-04-08 21:02:09 #5 type] 
Type domain.Salaketa is not enhanced.

[2026-04-08 21:02:09 #6 type] 
Type domain.Mugimendua is not enhanced.

[2026-04-08 21:02:09 #7 type] 
Type domain.Sale is not enhanced.

[2026-04-08 21:02:09 #8 type] 
Type domain.Txartela is not enhanced.

[2026-04-08 21:02:09 #9 type] 
Type domain.Arduraduna is not enhanced.

------------------------------------------------------------------------------------------------------------------------

[2026-04-08 21:03:17 #1 store] 
Database '/home/bolo/git/lehenbizikoIterazioa/src/main/resources/products.temp' is opened by 45491@ubuntu

[2026-04-08 21:03:17 #2 type] 
Type domain.User is not enhanced.

[2026-04-08 21:03:17 #3 type] 
Type domain.Erreklamazioa is not enhanced.

[2026-04-08 21:03:17 #4 type] 
Type domain.Salaketa is not enhanced.

[2026-04-08 21:03:17 #5 type] 
Type domain.Mugimendua is not enhanced.

[2026-04-08 21:03:17 #6 type] 
Type domain.Sale is not enhanced.

[2026-04-08 21:03:17 #7 type] 
Type domain.Txartela is not enhanced.

[2026-04-08 21:03:17 #8 type] 
Type domain.Arduraduna is not enhanced.

------------------------------------------------------------------------------------------------------------------------

[2026-04-08 21:03:32 #1 store] 
Database '/home/bolo/git/lehenbizikoIterazioa/src/main/resources/products.temp' is opened by 45547@ubuntu

[2026-04-08 21:03:32 #2 type] 
Type domain.User is not enhanced.

[2026-04-08 21:03:32 #3 type] 
Type domain.Erreklamazioa is not enhanced.

[2026-04-08 21:03:32 #4 type] 
Type domain.Salaketa is not enhanced.

[2026-04-08 21:03:32 #5 type] 
Type domain.Mugimendua is not enhanced.

[2026-04-08 21:03:32 #6 type] 
Type domain.Sale is not enhanced.

[2026-04-08 21:03:32 #7 type] 
Type domain.Txartela is not enhanced.

[2026-04-08 21:03:32 #8 type] 
Type domain.Arduraduna is not enhanced.

------------------------------------------------------------------------------------------------------------------------

[2026-04-08 21:06:16 #1 store] 
Database '/home/bolo/git/lehenbizikoIterazioa/src/main/resources/products.temp' is opened by 46086@ubuntu

[2026-04-08 21:06:16 #2 type] 
Type domain.User is not enhanced.

[2026-04-08 21:06:16 #3 type] 
Type domain.Erreklamazioa is not enhanced.

[2026-04-08 21:06:16 #4 type] 
Type domain.Salaketa is not enhanced.

[2026-04-08 21:06:16 #5 type] 
Type domain.Mugimendua is not enhanced.

[2026-04-08 21:06:16 #6 type] 
Type domain.Sale is not enhanced.

[2026-04-08 21:06:16 #7 type] 
Type domain.Txartela is not enhanced.

[2026-04-08 21:06:16 #8 type] 
Type domain.Arduraduna is not enhanced.

------------------------------------------------------------------------------------------------------------------------

[2026-04-08 21:06:36 #1 store] 
Database '/home/bolo/git/lehenbizikoIterazioa/src/main/resources/products.temp' is opened by 46147@ubuntu

[2026-04-08 21:06:36 #2 type] 
Type domain.User is not enhanced.

[2026-04-08 21:06:36 #3 type] 
Type domain.Erreklamazioa is not enhanced.

[2026-04-08 21:06:36 #4 type] 
Type domain.Salaketa is not enhanced.

[2026-04-08 21:06:36 #5 type] 
Type domain.Mugimendua is not enhanced.

[2026-04-08 21:06:36 #6 type] 
Type domain.Sale is not enhanced.

[2026-04-08 21:06:36 #7 type] 
Type domain.Txartela is not enhanced.

[2026-04-08 21:06:36 #8 type] 
Type domain.Arduraduna is not enhanced.

------------------------------------------------------------------------------------------------------------------------

[2026-04-08 21:10:46 #1 store] 
Database '/home/bolo/git/lehenbizikoIterazioa/src/main/resources/products.temp' is opened by 46786@ubuntu

[2026-04-08 21:10:46 #2 type.registry] 
New type domain.User

[2026-04-08 21:10:46 #3 type] 
Type domain.User is not enhanced.

[2026-04-08 21:10:46 #4 type.registry] 
New type domain.Erreklamazioa

[2026-04-08 21:10:46 #5 type.registry] 
New type domain.Salaketa

[2026-04-08 21:10:46 #6 type.registry] 
New type domain.Mugimendua

[2026-04-08 21:10:46 #7 type.registry] 
New type domain.Sale

[2026-04-08 21:10:46 #8 type.registry] 
New type domain.Txartela

[2026-04-08 21:10:46 #9 type] 
Type domain.Erreklamazioa is not enhanced.

[2026-04-08 21:10:46 #10 type] 
Type domain.Salaketa is not enhanced.

[2026-04-08 21:10:46 #11 type] 
Type domain.Mugimendua is not enhanced.

[2026-04-08 21:10:46 #12 type] 
Type domain.Sale is not enhanced.

[2026-04-08 21:10:46 #13 type] 
Type domain.Txartela is not enhanced.

[2026-04-08 21:10:46 #14 type.registry] 
New type domain.Arduraduna

[2026-04-08 21:10:46 #15 type] 
Type domain.Arduraduna is not enhanced.

[2026-04-08 21:10:46 #16 type.registry] 
New type java.util.ArrayList<java.lang.Object>

[2026-04-08 21:10:46 #17 type.registry] 
New type java.util.ArrayList<domain.Sale>

[2026-04-08 21:10:46 #18 type.registry] 
New type java.util.ArrayList<domain.Mugimendua>

[2026-04-08 21:10:46 #19 type.registry] 
New type java.util.ArrayList<domain.Salaketa>

[2026-04-08 21:10:46 #20 type.registry] 
New type java.util.ArrayList<domain.Erreklamazioa>

------------------------------------------------------------------------------------------------------------------------

[2026-04-08 21:10:52 #1 store] 
Database '/home/bolo/git/lehenbizikoIterazioa/src/main/resources/products.temp' has been recovered (tr. 1-10)

[2026-04-08 21:10:52 #2 store] 
Database '/home/bolo/git/lehenbizikoIterazioa/src/main/resources/products.temp' is opened by 46850@ubuntu

[2026-04-08 21:10:52 #3 type] 
Type domain.User is not enhanced.

[2026-04-08 21:10:52 #4 type] 
Type domain.Erreklamazioa is not enhanced.

[2026-04-08 21:10:52 #5 type] 
Type domain.Salaketa is not enhanced.

[2026-04-08 21:10:52 #6 type] 
Type domain.Mugimendua is not enhanced.

[2026-04-08 21:10:52 #7 type] 
Type domain.Sale is not enhanced.

[2026-04-08 21:10:52 #8 type] 
Type domain.Txartela is not enhanced.

[2026-04-08 21:10:52 #9 type] 
Type domain.Arduraduna is not enhanced.

------------------------------------------------------------------------------------------------------------------------

[2026-04-08 21:11:51 #1 store] 
Database '/home/bolo/git/lehenbizikoIterazioa/src/main/resources/products.temp' has been recovered (tr. 11-12)

[2026-04-08 21:11:51 #2 store] 
Database '/home/bolo/git/lehenbizikoIterazioa/src/main/resources/products.temp' is opened by 47046@ubuntu

[2026-04-08 21:11:51 #3 type] 
Type domain.User is not enhanced.

[2026-04-08 21:11:51 #4 type] 
Type domain.Erreklamazioa is not enhanced.

[2026-04-08 21:11:51 #5 type] 
Type domain.Salaketa is not enhanced.

[2026-04-08 21:11:51 #6 type] 
Type domain.Mugimendua is not enhanced.

[2026-04-08 21:11:51 #7 type] 
Type domain.Sale is not enhanced.

[2026-04-08 21:11:51 #8 type] 
Type domain.Txartela is not enhanced.

[2026-04-08 21:11:51 #9 type] 
Type domain.Arduraduna is not enhanced.

------------------------------------------------------------------------------------------------------------------------

[2026-04-08 21:14:38 #1 store] 
Database '/home/bolo/git/lehenbizikoIterazioa/src/main/resources/products.temp' has been recovered (tr. 13-14)

[2026-04-08 21:14:38 #2 store] 
Database '/home/bolo/git/lehenbizikoIterazioa/src/main/resources/products.temp' is opened by 47369@ubuntu

[2026-04-08 21:14:39 #3 type] 
Type domain.User is not enhanced.

[2026-04-08 21:14:39 #4 type] 
Type domain.Erreklamazioa is not enhanced.

[2026-04-08 21:14:39 #5 type] 
Type domain.Salaketa is not enhanced.

[2026-04-08 21:14:39 #6 type] 
Type domain.Mugimendua is not enhanced.

[2026-04-08 21:14:39 #7 type] 
Type domain.Sale is not enhanced.

[2026-04-08 21:14:39 #8 type] 
Type domain.Txartela is not enhanced.

[2026-04-08 21:14:39 #9 type] 
Type domain.Arduraduna is not enhanced.

------------------------------------------------------------------------------------------------------------------------

[2026-04-08 21:17:40 #1 store] 
Database '/home/bolo/git/lehenbizikoIterazioa/src/main/resources/products.temp' is opened by 47807@ubuntu

[2026-04-08 21:17:40 #2 type] 
Type domain.User is not enhanced.

[2026-04-08 21:17:40 #3 type] 
Type domain.Erreklamazioa is not enhanced.

[2026-04-08 21:17:40 #4 type] 
Type domain.Salaketa is not enhanced.

[2026-04-08 21:17:40 #5 type] 
Type domain.Mugimendua is not enhanced.

[2026-04-08 21:17:40 #6 type] 
Type domain.Sale is not enhanced.

[2026-04-08 21:17:40 #7 type] 
Type domain.Txartela is not enhanced.

[2026-04-08 21:17:40 #8 type] 
Type domain.Arduraduna is not enhanced.

------------------------------------------------------------------------------------------------------------------------

[2026-04-08 21:19:09 #1 store] 
Database '/home/bolo/git/lehenbizikoIterazioa/src/main/resources/products.temp' is opened by 48144@ubuntu

[2026-04-08 21:19:09 #2 type] 
Type domain.User is not enhanced.

[2026-04-08 21:19:09 #3 type] 
Type domain.Erreklamazioa is not enhanced.

[2026-04-08 21:19:09 #4 type] 
Type domain.Salaketa is not enhanced.

[2026-04-08 21:19:09 #5 type] 
Type domain.Mugimendua is not enhanced.

[2026-04-08 21:19:09 #6 type] 
Type domain.Sale is not enhanced.

[2026-04-08 21:19:09 #7 type] 
Type domain.Txartela is not enhanced.

[2026-04-08 21:19:09 #8 type] 
Type domain.Arduraduna is not enhanced.

------------------------------------------------------------------------------------------------------------------------

[2026-04-08 21:19:44 #1 store] 
Database '/home/bolo/git/lehenbizikoIterazioa/src/main/resources/products.temp' is opened by 48223@ubuntu

[2026-04-08 21:19:44 #2 type] 
Type domain.User is not enhanced.

[2026-04-08 21:19:44 #3 type] 
Type domain.Erreklamazioa is not enhanced.

[2026-04-08 21:19:44 #4 type] 
Type domain.Salaketa is not enhanced.

[2026-04-08 21:19:44 #5 type] 
Type domain.Mugimendua is not enhanced.

[2026-04-08 21:19:44 #6 type] 
Type domain.Sale is not enhanced.

[2026-04-08 21:19:44 #7 type] 
Type domain.Txartela is not enhanced.

[2026-04-08 21:19:44 #8 type] 
Type domain.Arduraduna is not enhanced.

------------------------------------------------------------------------------------------------------------------------

[2026-04-08 21:21:02 #1 store] 
Database '/home/bolo/git/lehenbizikoIterazioa/src/main/resources/products.temp' is opened by 48441@ubuntu

[2026-04-08 21:21:02 #2 type] 
Type domain.User is not enhanced.

[2026-04-08 21:21:02 #3 type] 
Type domain.Erreklamazioa is not enhanced.

[2026-04-08 21:21:02 #4 type] 
Type domain.Salaketa is not enhanced.

[2026-04-08 21:21:02 #5 type] 
Type domain.Mugimendua is not enhanced.

[2026-04-08 21:21:02 #6 type] 
Type domain.Sale is not enhanced.

[2026-04-08 21:21:02 #7 type] 
Type domain.Txartela is not enhanced.

[2026-04-08 21:21:02 #8 type] 
Type domain.Arduraduna is not enhanced.

------------------------------------------------------------------------------------------------------------------------

[2026-04-08 21:21:44 #1 store] 
Database '/home/bolo/git/lehenbizikoIterazioa/src/main/resources/products.temp' is opened by 48530@ubuntu

[2026-04-08 21:21:44 #2 type] 
Type domain.User is not enhanced.

[2026-04-08 21:21:44 #3 type] 
Type domain.Erreklamazioa is not enhanced.

[2026-04-08 21:21:44 #4 type] 
Type domain.Salaketa is not enhanced.

[2026-04-08 21:21:44 #5 type] 
Type domain.Mugimendua is not enhanced.

[2026-04-08 21:21:44 #6 type] 
Type domain.Sale is not enhanced.

[2026-04-08 21:21:44 #7 type] 
Type domain.Txartela is not enhanced.

[2026-04-08 21:21:44 #8 type] 
Type domain.Arduraduna is not enhanced.

------------------------------------------------------------------------------------------------------------------------

[2026-04-08 21:22:06 #1 store] 
Database '/home/bolo/git/lehenbizikoIterazioa/src/main/resources/products.temp' is opened by 48590@ubuntu

[2026-04-08 21:22:06 #2 type] 
Type domain.User is not enhanced.

[2026-04-08 21:22:06 #3 type] 
Type domain.Erreklamazioa is not enhanced.

[2026-04-08 21:22:06 #4 type] 
Type domain.Salaketa is not enhanced.

[2026-04-08 21:22:06 #5 type] 
Type domain.Mugimendua is not enhanced.

[2026-04-08 21:22:06 #6 type] 
Type domain.Sale is not enhanced.

[2026-04-08 21:22:06 #7 type] 
Type domain.Txartela is not enhanced.

[2026-04-08 21:22:06 #8 type] 
Type domain.Arduraduna is not enhanced.

------------------------------------------------------------------------------------------------------------------------

[2026-04-08 21:24:38 #1 store] 
Database '/home/bolo/git/lehenbizikoIterazioa/src/main/resources/products.temp' has been recovered (tr. 15-17)

[2026-04-08 21:24:38 #2 store] 
Database '/home/bolo/git/lehenbizikoIterazioa/src/main/resources/products.temp' is opened by 48866@ubuntu

[2026-04-08 21:24:38 #3 type] 
Type domain.User is not enhanced.

[2026-04-08 21:24:38 #4 type] 
Type domain.Erreklamazioa is not enhanced.

[2026-04-08 21:24:38 #5 type] 
Type domain.Salaketa is not enhanced.

[2026-04-08 21:24:38 #6 type] 
Type domain.Mugimendua is not enhanced.

[2026-04-08 21:24:38 #7 type] 
Type domain.Sale is not enhanced.

[2026-04-08 21:24:38 #8 type] 
Type domain.Txartela is not enhanced.

[2026-04-08 21:24:38 #9 type] 
Type domain.Arduraduna is not enhanced.

------------------------------------------------------------------------------------------------------------------------

[2026-04-08 21:37:37 #1 store] 
Database '/home/bolo/git/lehenbizikoIterazioa/src/main/resources/products.temp' is opened by 51206@ubuntu

[2026-04-08 21:37:37 #2 type] 
Type domain.User is not enhanced.

[2026-04-08 21:37:37 #3 type] 
Type domain.Erreklamazioa is not enhanced.

[2026-04-08 21:37:37 #4 type] 
Type domain.Salaketa is not enhanced.

[2026-04-08 21:37:37 #5 type] 
Type domain.Mugimendua is not enhanced.

[2026-04-08 21:37:37 #6 type] 
Type domain.Sale is not enhanced.

[2026-04-08 21:37:37 #7 type] 
Type domain.Txartela is not enhanced.

[2026-04-08 21:37:37 #8 type] 
Type domain.Arduraduna is not enhanced.

------------------------------------------------------------------------------------------------------------------------

[2026-04-08 21:38:34 #1 store] 
Database '/home/bolo/git/lehenbizikoIterazioa/src/main/resources/products.temp' is opened by 51500@ubuntu

[2026-04-08 21:38:34 #2 type.registry] 
New type domain.User

[2026-04-08 21:38:34 #3 type] 
Type domain.User is not enhanced.

[2026-04-08 21:38:34 #4 type.registry] 
New type domain.Erreklamazioa

[2026-04-08 21:38:34 #5 type.registry] 
New type domain.Salaketa

[2026-04-08 21:38:34 #6 type.registry] 
New type domain.Mugimendua

[2026-04-08 21:38:34 #7 type.registry] 
New type domain.Sale

[2026-04-08 21:38:34 #8 type.registry] 
New type domain.Txartela

[2026-04-08 21:38:34 #9 type] 
Type domain.Erreklamazioa is not enhanced.

[2026-04-08 21:38:34 #10 type] 
Type domain.Salaketa is not enhanced.

[2026-04-08 21:38:34 #11 type] 
Type domain.Mugimendua is not enhanced.

[2026-04-08 21:38:34 #12 type] 
Type domain.Sale is not enhanced.

[2026-04-08 21:38:34 #13 type] 
Type domain.Txartela is not enhanced.

[2026-04-08 21:38:34 #14 type.registry] 
New type domain.Arduraduna

[2026-04-08 21:38:34 #15 type] 
Type domain.Arduraduna is not enhanced.

[2026-04-08 21:38:34 #16 type.registry] 
New type java.util.ArrayList<java.lang.Object>

[2026-04-08 21:38:34 #17 type.registry] 
New type java.util.ArrayList<domain.Sale>

[2026-04-08 21:38:34 #18 type.registry] 
New type java.util.ArrayList<domain.Mugimendua>

[2026-04-08 21:38:34 #19 type.registry] 
New type java.util.ArrayList<domain.Salaketa>

[2026-04-08 21:38:34 #20 type.registry] 
New type java.util.ArrayList<domain.Erreklamazioa>

------------------------------------------------------------------------------------------------------------------------

[2026-04-08 21:38:47 #1 store] 
Database '/home/bolo/git/lehenbizikoIterazioa/src/main/resources/products.temp' is opened by 51549@ubuntu

[2026-04-08 21:38:47 #2 type.registry] 
New type domain.User

[2026-04-08 21:38:47 #3 type] 
Type domain.User is not enhanced.

[2026-04-08 21:38:47 #4 type.registry] 
New type domain.Erreklamazioa

[2026-04-08 21:38:47 #5 type.registry] 
New type domain.Salaketa

[2026-04-08 21:38:47 #6 type.registry] 
New type domain.Mugimendua

[2026-04-08 21:38:47 #7 type.registry] 
New type domain.Sale

[2026-04-08 21:38:47 #8 type.registry] 
New type domain.Txartela

[2026-04-08 21:38:47 #9 type] 
Type domain.Erreklamazioa is not enhanced.

[2026-04-08 21:38:47 #10 type] 
Type domain.Salaketa is not enhanced.

[2026-04-08 21:38:47 #11 type] 
Type domain.Mugimendua is not enhanced.

[2026-04-08 21:38:47 #12 type] 
Type domain.Sale is not enhanced.

[2026-04-08 21:38:47 #13 type] 
Type domain.Txartela is not enhanced.

[2026-04-08 21:38:47 #14 type.registry] 
New type domain.Arduraduna

[2026-04-08 21:38:47 #15 type] 
Type domain.Arduraduna is not enhanced.

[2026-04-08 21:38:47 #16 type.registry] 
New type java.util.ArrayList<java.lang.Object>

[2026-04-08 21:38:47 #17 type.registry] 
New type java.util.ArrayList<domain.Sale>

[2026-04-08 21:38:47 #18 type.registry] 
New type java.util.ArrayList<domain.Mugimendua>

[2026-04-08 21:38:47 #19 type.registry] 
New type java.util.ArrayList<domain.Salaketa>

[2026-04-08 21:38:47 #20 type.registry] 
New type java.util.ArrayList<domain.Erreklamazioa>

------------------------------------------------------------------------------------------------------------------------

[2026-04-08 21:40:35 #1 store] 
Database '/home/bolo/git/lehenbizikoIterazioa/src/main/resources/products.temp' is opened by 51841@ubuntu

[2026-04-08 21:40:35 #2 type.registry] 
New type domain.User

[2026-04-08 21:40:35 #3 type] 
Type domain.User is not enhanced.

[2026-04-08 21:40:35 #4 type.registry] 
New type domain.Erreklamazioa

[2026-04-08 21:40:35 #5 type.registry] 
New type domain.Salaketa

[2026-04-08 21:40:35 #6 type.registry] 
New type domain.Mugimendua

[2026-04-08 21:40:35 #7 type.registry] 
New type domain.Sale

[2026-04-08 21:40:35 #8 type.registry] 
New type domain.Txartela

[2026-04-08 21:40:35 #9 type] 
Type domain.Erreklamazioa is not enhanced.

[2026-04-08 21:40:35 #10 type] 
Type domain.Salaketa is not enhanced.

[2026-04-08 21:40:35 #11 type] 
Type domain.Mugimendua is not enhanced.

[2026-04-08 21:40:35 #12 type] 
Type domain.Sale is not enhanced.

[2026-04-08 21:40:35 #13 type] 
Type domain.Txartela is not enhanced.

[2026-04-08 21:40:35 #14 type.registry] 
New type domain.Arduraduna

[2026-04-08 21:40:35 #15 type] 
Type domain.Arduraduna is not enhanced.

[2026-04-08 21:40:35 #16 type.registry] 
New type java.util.ArrayList<java.lang.Object>

[2026-04-08 21:40:35 #17 type.registry] 
New type java.util.ArrayList<domain.Sale>

[2026-04-08 21:40:35 #18 type.registry] 
New type java.util.ArrayList<domain.Mugimendua>

[2026-04-08 21:40:35 #19 type.registry] 
New type java.util.ArrayList<domain.Salaketa>

[2026-04-08 21:40:35 #20 type.registry] 
New type java.util.ArrayList<domain.Erreklamazioa>

------------------------------------------------------------------------------------------------------------------------

[2026-04-08 21:40:47 #1 store] 
Database '/home/bolo/git/lehenbizikoIterazioa/src/main/resources/products.temp' is opened by 51896@ubuntu

[2026-04-08 21:40:48 #2 type.registry] 
New type domain.User

[2026-04-08 21:40:48 #3 type] 
Type domain.User is not enhanced.

[2026-04-08 21:40:48 #4 type.registry] 
New type domain.Erreklamazioa

[2026-04-08 21:40:48 #5 type.registry] 
New type domain.Salaketa

[2026-04-08 21:40:48 #6 type.registry] 
New type domain.Mugimendua

[2026-04-08 21:40:48 #7 type.registry] 
New type domain.Sale

[2026-04-08 21:40:48 #8 type.registry] 
New type domain.Txartela

[2026-04-08 21:40:48 #9 type] 
Type domain.Erreklamazioa is not enhanced.

[2026-04-08 21:40:48 #10 type] 
Type domain.Salaketa is not enhanced.

[2026-04-08 21:40:48 #11 type] 
Type domain.Mugimendua is not enhanced.

[2026-04-08 21:40:48 #12 type] 
Type domain.Sale is not enhanced.

[2026-04-08 21:40:48 #13 type] 
Type domain.Txartela is not enhanced.

[2026-04-08 21:40:48 #14 type.registry] 
New type domain.Arduraduna

[2026-04-08 21:40:48 #15 type] 
Type domain.Arduraduna is not enhanced.

[2026-04-08 21:40:48 #16 type.registry] 
New type java.util.ArrayList<java.lang.Object>

[2026-04-08 21:40:48 #17 type.registry] 
New type java.util.ArrayList<domain.Sale>

[2026-04-08 21:40:48 #18 type.registry] 
New type java.util.ArrayList<domain.Mugimendua>

[2026-04-08 21:40:48 #19 type.registry] 
New type java.util.ArrayList<domain.Salaketa>

[2026-04-08 21:40:48 #20 type.registry] 
New type java.util.ArrayList<domain.Erreklamazioa>

------------------------------------------------------------------------------------------------------------------------

[2026-04-08 21:41:34 #1 store] 
Database '/home/bolo/git/lehenbizikoIterazioa/src/main/resources/products.temp' is opened by 51996@ubuntu

[2026-04-08 21:41:34 #2 type.registry] 
New type domain.User

[2026-04-08 21:41:34 #3 type] 
Type domain.User is not enhanced.

[2026-04-08 21:41:34 #4 type.registry] 
New type domain.Erreklamazioa

[2026-04-08 21:41:34 #5 type.registry] 
New type domain.Salaketa

[2026-04-08 21:41:34 #6 type.registry] 
New type domain.Mugimendua

[2026-04-08 21:41:34 #7 type.registry] 
New type domain.Sale

[2026-04-08 21:41:34 #8 type.registry] 
New type domain.Txartela

[2026-04-08 21:41:34 #9 type] 
Type domain.Erreklamazioa is not enhanced.

[2026-04-08 21:41:34 #10 type] 
Type domain.Salaketa is not enhanced.

[2026-04-08 21:41:34 #11 type] 
Type domain.Mugimendua is not enhanced.

[2026-04-08 21:41:34 #12 type] 
Type domain.Sale is not enhanced.

[2026-04-08 21:41:34 #13 type] 
Type domain.Txartela is not enhanced.

[2026-04-08 21:41:34 #14 type.registry] 
New type domain.Arduraduna

[2026-04-08 21:41:34 #15 type] 
Type domain.Arduraduna is not enhanced.

[2026-04-08 21:41:34 #16 type.registry] 
New type java.util.ArrayList<java.lang.Object>

[2026-04-08 21:41:34 #17 type.registry] 
New type java.util.ArrayList<domain.Sale>

[2026-04-08 21:41:34 #18 type.registry] 
New type java.util.ArrayList<domain.Mugimendua>

[2026-04-08 21:41:34 #19 type.registry] 
New type java.util.ArrayList<domain.Salaketa>

[2026-04-08 21:41:34 #20 type.registry] 
New type java.util.ArrayList<domain.Erreklamazioa>

------------------------------------------------------------------------------------------------------------------------

[2026-04-08 21:41:34 #1 store] 
Database '/home/bolo/git/lehenbizikoIterazioa/src/main/resources/products.temp' is opened by 52024@ubuntu

[2026-04-08 21:41:34 #2 type.registry] 
New type domain.User

[2026-04-08 21:41:34 #3 type] 
Type domain.User is not enhanced.

[2026-04-08 21:41:34 #4 type.registry] 
New type domain.Erreklamazioa

[2026-04-08 21:41:34 #5 type.registry] 
New type domain.Salaketa

[2026-04-08 21:41:34 #6 type.registry] 
New type domain.Mugimendua

[2026-04-08 21:41:34 #7 type.registry] 
New type domain.Sale

[2026-04-08 21:41:34 #8 type.registry] 
New type domain.Txartela

[2026-04-08 21:41:34 #9 type] 
Type domain.Erreklamazioa is not enhanced.

[2026-04-08 21:41:34 #10 type] 
Type domain.Salaketa is not enhanced.

[2026-04-08 21:41:34 #11 type] 
Type domain.Mugimendua is not enhanced.

[2026-04-08 21:41:34 #12 type] 
Type domain.Sale is not enhanced.

[2026-04-08 21:41:34 #13 type] 
Type domain.Txartela is not enhanced.

[2026-04-08 21:41:34 #14 type.registry] 
New type domain.Arduraduna

[2026-04-08 21:41:34 #15 type] 
Type domain.Arduraduna is not enhanced.

[2026-04-08 21:41:34 #16 type.registry] 
New type java.util.ArrayList<java.lang.Object>

[2026-04-08 21:41:34 #17 type.registry] 
New type java.util.ArrayList<domain.Sale>

[2026-04-08 21:41:34 #18 type.registry] 
New type java.util.ArrayList<domain.Mugimendua>

[2026-04-08 21:41:34 #19 type.registry] 
New type java.util.ArrayList<domain.Salaketa>

[2026-04-08 21:41:34 #20 type.registry] 
New type java.util.ArrayList<domain.Erreklamazioa>

------------------------------------------------------------------------------------------------------------------------

[2026-04-08 21:52:51 #1 store] 
Database '/home/bolo/git/lehenbizikoIterazioa/src/main/resources/products.temp' is opened by 53436@ubuntu

[2026-04-08 21:52:51 #2 type.registry] 
New type domain.User

[2026-04-08 21:52:51 #3 type] 
Type domain.User is not enhanced.

[2026-04-08 21:52:51 #4 type.registry] 
New type domain.Erreklamazioa

[2026-04-08 21:52:51 #5 type.registry] 
New type domain.Salaketa

[2026-04-08 21:52:51 #6 type.registry] 
New type domain.Mugimendua

[2026-04-08 21:52:51 #7 type.registry] 
New type domain.Sale

[2026-04-08 21:52:51 #8 type.registry] 
New type domain.Txartela

[2026-04-08 21:52:51 #9 type] 
Type domain.Erreklamazioa is not enhanced.

[2026-04-08 21:52:51 #10 type] 
Type domain.Salaketa is not enhanced.

[2026-04-08 21:52:51 #11 type] 
Type domain.Mugimendua is not enhanced.

[2026-04-08 21:52:51 #12 type] 
Type domain.Sale is not enhanced.

[2026-04-08 21:52:51 #13 type] 
Type domain.Txartela is not enhanced.

[2026-04-08 21:52:51 #14 type.registry] 
New type domain.Arduraduna

[2026-04-08 21:52:51 #15 type] 
Type domain.Arduraduna is not enhanced.

[2026-04-08 21:52:51 #16 type.registry] 
New type java.util.ArrayList<java.lang.Object>

[2026-04-08 21:52:51 #17 type.registry] 
New type java.util.ArrayList<domain.Sale>

[2026-04-08 21:52:51 #18 type.registry] 
New type java.util.ArrayList<domain.Mugimendua>

[2026-04-08 21:52:51 #19 type.registry] 
New type java.util.ArrayList<domain.Salaketa>

[2026-04-08 21:52:51 #20 type.registry] 
New type java.util.ArrayList<domain.Erreklamazioa>

------------------------------------------------------------------------------------------------------------------------

[2026-04-08 21:57:45 #1 store] 
Database '/home/bolo/git/lehenbizikoIterazioa/src/main/resources/products.temp' is opened by 54410@ubuntu

[2026-04-08 21:57:45 #2 type.registry] 
New type domain.User

[2026-04-08 21:57:45 #3 type] 
Type domain.User is not enhanced.

[2026-04-08 21:57:45 #4 type.registry] 
New type domain.Erreklamazioa

[2026-04-08 21:57:45 #5 type.registry] 
New type domain.Salaketa

[2026-04-08 21:57:45 #6 type.registry] 
New type domain.Mugimendua

[2026-04-08 21:57:45 #7 type.registry] 
New type domain.Sale

[2026-04-08 21:57:45 #8 type.registry] 
New type domain.Txartela

[2026-04-08 21:57:45 #9 type] 
Type domain.Erreklamazioa is not enhanced.

[2026-04-08 21:57:45 #10 type] 
Type domain.Salaketa is not enhanced.

[2026-04-08 21:57:45 #11 type] 
Type domain.Mugimendua is not enhanced.

[2026-04-08 21:57:45 #12 type] 
Type domain.Sale is not enhanced.

[2026-04-08 21:57:45 #13 type] 
Type domain.Txartela is not enhanced.

[2026-04-08 21:57:45 #14 type.registry] 
New type domain.Arduraduna

[2026-04-08 21:57:45 #15 type] 
Type domain.Arduraduna is not enhanced.

[2026-04-08 21:57:45 #16 type.registry] 
New type java.util.ArrayList<java.lang.Object>

[2026-04-08 21:57:45 #17 type.registry] 
New type java.util.ArrayList<domain.Sale>

[2026-04-08 21:57:45 #18 type.registry] 
New type java.util.ArrayList<domain.Mugimendua>

[2026-04-08 21:57:45 #19 type.registry] 
New type java.util.ArrayList<domain.Salaketa>

[2026-04-08 21:57:45 #20 type.registry] 
New type java.util.ArrayList<domain.Erreklamazioa>

------------------------------------------------------------------------------------------------------------------------

[2026-04-08 21:58:56 #1 store] 
Database '/home/bolo/git/lehenbizikoIterazioa/src/main/resources/products.temp' is opened by 54529@ubuntu

[2026-04-08 21:58:56 #2 type.registry] 
New type domain.User

[2026-04-08 21:58:56 #3 type] 
Type domain.User is not enhanced.

[2026-04-08 21:58:56 #4 type.registry] 
New type domain.Erreklamazioa

[2026-04-08 21:58:56 #5 type.registry] 
New type domain.Salaketa

[2026-04-08 21:58:56 #6 type.registry] 
New type domain.Mugimendua

[2026-04-08 21:58:56 #7 type.registry] 
New type domain.Sale

[2026-04-08 21:58:56 #8 type.registry] 
New type domain.Txartela

[2026-04-08 21:58:56 #9 type] 
Type domain.Erreklamazioa is not enhanced.

[2026-04-08 21:58:56 #10 type] 
Type domain.Salaketa is not enhanced.

[2026-04-08 21:58:56 #11 type] 
Type domain.Mugimendua is not enhanced.

[2026-04-08 21:58:56 #12 type] 
Type domain.Sale is not enhanced.

[2026-04-08 21:58:56 #13 type] 
Type domain.Txartela is not enhanced.

[2026-04-08 21:58:56 #14 type.registry] 
New type domain.Arduraduna

[2026-04-08 21:58:56 #15 type] 
Type domain.Arduraduna is not enhanced.

[2026-04-08 21:58:56 #16 type.registry] 
New type java.util.ArrayList<java.lang.Object>

[2026-04-08 21:58:56 #17 type.registry] 
New type java.util.ArrayList<domain.Sale>

[2026-04-08 21:58:56 #18 type.registry] 
New type java.util.ArrayList<domain.Mugimendua>

[2026-04-08 21:58:56 #19 type.registry] 
New type java.util.ArrayList<domain.Salaketa>

[2026-04-08 21:58:56 #20 type.registry] 
New type java.util.ArrayList<domain.Erreklamazioa>

------------------------------------------------------------------------------------------------------------------------

[2026-04-08 22:00:09 #1 store] 
Database '/home/bolo/git/lehenbizikoIterazioa/src/main/resources/products.temp' is opened by 54793@ubuntu

[2026-04-08 22:00:10 #2 type.registry] 
New type domain.User

[2026-04-08 22:00:10 #3 type] 
Type domain.User is not enhanced.

[2026-04-08 22:00:10 #4 type.registry] 
New type domain.Erreklamazioa

[2026-04-08 22:00:10 #5 type.registry] 
New type domain.Salaketa

[2026-04-08 22:00:10 #6 type.registry] 
New type domain.Mugimendua

[2026-04-08 22:00:10 #7 type.registry] 
New type domain.Sale

[2026-04-08 22:00:10 #8 type.registry] 
New type domain.Txartela

[2026-04-08 22:00:10 #9 type] 
Type domain.Erreklamazioa is not enhanced.

[2026-04-08 22:00:10 #10 type] 
Type domain.Salaketa is not enhanced.

[2026-04-08 22:00:10 #11 type] 
Type domain.Mugimendua is not enhanced.

[2026-04-08 22:00:10 #12 type] 
Type domain.Sale is not enhanced.

[2026-04-08 22:00:10 #13 type] 
Type domain.Txartela is not enhanced.

[2026-04-08 22:00:10 #14 type.registry] 
New type domain.Arduraduna

[2026-04-08 22:00:10 #15 type] 
Type domain.Arduraduna is not enhanced.

[2026-04-08 22:00:10 #16 type.registry] 
New type java.util.ArrayList<java.lang.Object>

[2026-04-08 22:00:10 #17 type.registry] 
New type java.util.ArrayList<domain.Sale>

[2026-04-08 22:00:10 #18 type.registry] 
New type java.util.ArrayList<domain.Mugimendua>

[2026-04-08 22:00:10 #19 type.registry] 
New type java.util.ArrayList<domain.Salaketa>

[2026-04-08 22:00:10 #20 type.registry] 
New type java.util.ArrayList<domain.Erreklamazioa>

------------------------------------------------------------------------------------------------------------------------

[2026-04-08 22:05:07 #1 store] 
Database '/home/bolo/git/lehenbizikoIterazioa/src/main/resources/products.temp' is opened by 55298@ubuntu

[2026-04-08 22:05:07 #2 type.registry] 
New type domain.User

[2026-04-08 22:05:07 #3 type] 
Type domain.User is not enhanced.

[2026-04-08 22:05:07 #4 type.registry] 
New type domain.Erreklamazioa

[2026-04-08 22:05:07 #5 type.registry] 
New type domain.Salaketa

[2026-04-08 22:05:07 #6 type.registry] 
New type domain.Mugimendua

[2026-04-08 22:05:07 #7 type.registry] 
New type domain.Sale

[2026-04-08 22:05:07 #8 type.registry] 
New type domain.Txartela

[2026-04-08 22:05:07 #9 type] 
Type domain.Erreklamazioa is not enhanced.

[2026-04-08 22:05:07 #10 type] 
Type domain.Salaketa is not enhanced.

[2026-04-08 22:05:07 #11 type] 
Type domain.Mugimendua is not enhanced.

[2026-04-08 22:05:07 #12 type] 
Type domain.Sale is not enhanced.

[2026-04-08 22:05:07 #13 type] 
Type domain.Txartela is not enhanced.

[2026-04-08 22:05:07 #14 type.registry] 
New type domain.Arduraduna

[2026-04-08 22:05:07 #15 type] 
Type domain.Arduraduna is not enhanced.

[2026-04-08 22:05:07 #16 type.registry] 
New type java.util.ArrayList<java.lang.Object>

[2026-04-08 22:05:07 #17 type.registry] 
New type java.util.ArrayList<domain.Sale>

[2026-04-08 22:05:07 #18 type.registry] 
New type java.util.ArrayList<domain.Mugimendua>

[2026-04-08 22:05:07 #19 type.registry] 
New type java.util.ArrayList<domain.Salaketa>

[2026-04-08 22:05:07 #20 type.registry] 
New type java.util.ArrayList<domain.Erreklamazioa>

------------------------------------------------------------------------------------------------------------------------

[2026-04-08 22:05:18 #1 store] 
Database '/home/bolo/git/lehenbizikoIterazioa/src/main/resources/products.temp' has been recovered (tr. 1-10)

[2026-04-08 22:05:18 #2 store] 
Database '/home/bolo/git/lehenbizikoIterazioa/src/main/resources/products.temp' is opened by 55410@ubuntu

[2026-04-08 22:05:18 #3 type] 
Type domain.User is not enhanced.

[2026-04-08 22:05:18 #4 type] 
Type domain.Erreklamazioa is not enhanced.

[2026-04-08 22:05:18 #5 type] 
Type domain.Salaketa is not enhanced.

[2026-04-08 22:05:18 #6 type] 
Type domain.Mugimendua is not enhanced.

[2026-04-08 22:05:18 #7 type] 
Type domain.Sale is not enhanced.

[2026-04-08 22:05:18 #8 type] 
Type domain.Txartela is not enhanced.

[2026-04-08 22:05:18 #9 type] 
Type domain.Arduraduna is not enhanced.

